[0.076s] Invoking command in '/home/tars-go/sb/build/mindvision_camera': CMAKE_PREFIX_PATH=/opt/ros/humble /usr/bin/cmake /home/tars-go/sb/src/rm_vision/ros2-mindvision-camera-main/ros2-mindvision-camera-main -DCMAKE_INSTALL_PREFIX=/home/tars-go/sb/install/mindvision_camera
[0.124s] -- The C compiler identification is GNU 11.4.0
[0.173s] -- The CXX compiler identification is GNU 11.4.0
[0.179s] -- Detecting C compiler ABI info
[0.230s] -- Detecting C compiler ABI info - done
[0.240s] -- Check for working C compiler: /usr/bin/cc - skipped
[0.240s] -- Detecting C compile features
[0.240s] -- Detecting C compile features - done
[0.243s] -- Detecting CXX compiler ABI info
[0.316s] -- Detecting CXX compiler ABI info - done
[0.322s] -- Check for working CXX compiler: /usr/bin/c++ - skipped
[0.322s] -- Detecting CXX compile features
[0.322s] -- Detecting CXX compile features - done
[0.324s] -- Found ament_cmake_auto: 1.3.6 (/opt/ros/humble/share/ament_cmake_auto/cmake)
[0.473s] -- Found Python3: /usr/bin/python3.10 (found version "3.10.12") found components: Interpreter 
[0.642s] -- Found rosidl_generator_c: 3.1.5 (/opt/ros/humble/share/rosidl_generator_c/cmake)
[0.645s] -- Found rosidl_adapter: 3.1.5 (/opt/ros/humble/share/rosidl_adapter/cmake)
[0.655s] -- Found rosidl_generator_cpp: 3.1.5 (/opt/ros/humble/share/rosidl_generator_cpp/cmake)
[0.666s] -- Using all available rosidl_typesupport_c: rosidl_typesupport_fastrtps_c;rosidl_typesupport_introspection_c
[0.683s] -- Using all available rosidl_typesupport_cpp: rosidl_typesupport_fastrtps_cpp;rosidl_typesupport_introspection_cpp
[0.739s] -- Found rmw_implementation_cmake: 6.1.1 (/opt/ros/humble/share/rmw_implementation_cmake/cmake)
[0.740s] -- Found rmw_fastrtps_cpp: 6.2.5 (/opt/ros/humble/share/rmw_fastrtps_cpp/cmake)
[0.821s] -- Found OpenSSL: /usr/lib/x86_64-linux-gnu/libcrypto.so (found version "3.0.2")  
[0.842s] -- Found FastRTPS: /opt/ros/humble/include  
[0.887s] -- Using RMW implementation 'rmw_fastrtps_cpp' as default
[0.895s] -- Looking for pthread.h
[0.952s] -- Looking for pthread.h - found
[0.952s] -- Performing Test CMAKE_HAVE_LIBC_PTHREAD
[1.008s] -- Performing Test CMAKE_HAVE_LIBC_PTHREAD - Success
[1.010s] -- Found Threads: TRUE  
[1.413s] -- Found ament_lint_auto: 0.12.9 (/opt/ros/humble/share/ament_lint_auto/cmake)
[1.426s] -- Added test 'cppcheck' to perform static code analysis on C / C++ code
[1.426s] -- Configured cppcheck include dirs: /home/tars-go/sb/src/rm_vision/ros2-mindvision-camera-main/ros2-mindvision-camera-main/mvsdk/include
[1.426s] -- Configured cppcheck exclude dirs and/or files: 
[1.426s] -- Added test 'flake8' to check Python code syntax and style conventions
[1.427s] -- Added test 'lint_cmake' to check CMake code style
[1.427s] -- Added test 'pep257' to check Python code against some of the docstring style conventions in PEP 257
[1.427s] -- Added test 'xmllint' to check XML markup files
[1.430s] -- Configuring done
[1.439s] -- Generating done
[1.441s] -- Build files have been written to: /home/tars-go/sb/build/mindvision_camera
[1.452s] Invoked command in '/home/tars-go/sb/build/mindvision_camera' returned '0': CMAKE_PREFIX_PATH=/opt/ros/humble /usr/bin/cmake /home/tars-go/sb/src/rm_vision/ros2-mindvision-camera-main/ros2-mindvision-camera-main -DCMAKE_INSTALL_PREFIX=/home/tars-go/sb/install/mindvision_camera
[1.453s] Invoking command in '/home/tars-go/sb/build/mindvision_camera': CMAKE_PREFIX_PATH=/opt/ros/humble /usr/bin/cmake --build /home/tars-go/sb/build/mindvision_camera -- -j16 -l16
[1.494s] [ 25%] [32mBuilding CXX object CMakeFiles/mindvision_camera_node.dir/rclcpp_components/node_main_mindvision_camera_node.cpp.o[0m
[1.498s] [ 50%] [32mBuilding CXX object CMakeFiles/mindvision_camera.dir/src/mv_camera_node.cpp.o[0m
[5.840s] [ 75%] [32m[1mLinking CXX executable mindvision_camera_node[0m
[6.001s] [ 75%] Built target mindvision_camera_node
[6.015s] [100%] [32m[1mLinking CXX shared library libmindvision_camera.so[0m
[6.164s] [100%] Built target mindvision_camera
[6.183s] Invoked command in '/home/tars-go/sb/build/mindvision_camera' returned '0': CMAKE_PREFIX_PATH=/opt/ros/humble /usr/bin/cmake --build /home/tars-go/sb/build/mindvision_camera -- -j16 -l16
[6.219s] Invoking command in '/home/tars-go/sb/build/mindvision_camera': CMAKE_PREFIX_PATH=/opt/ros/humble /usr/bin/cmake --install /home/tars-go/sb/build/mindvision_camera
[6.231s] -- Install configuration: ""
[6.231s] -- Installing: /home/tars-go/sb/install/mindvision_camera/lib/mindvision_camera/mindvision_camera_node
[6.231s] -- Set runtime path of "/home/tars-go/sb/install/mindvision_camera/lib/mindvision_camera/mindvision_camera_node" to ""
[6.231s] -- Installing: /home/tars-go/sb/install/mindvision_camera/share/mindvision_camera/environment/library_path.sh
[6.231s] -- Installing: /home/tars-go/sb/install/mindvision_camera/share/mindvision_camera/environment/library_path.dsv
[6.231s] -- Installing: /home/tars-go/sb/install/mindvision_camera/lib/libmindvision_camera.so
[6.231s] -- Set runtime path of "/home/tars-go/sb/install/mindvision_camera/lib/libmindvision_camera.so" to ""
[6.231s] -- Installing: /home/tars-go/sb/install/mindvision_camera/share/mindvision_camera/config
[6.231s] -- Installing: /home/tars-go/sb/install/mindvision_camera/share/mindvision_camera/config/camera_params.yaml
[6.231s] -- Installing: /home/tars-go/sb/install/mindvision_camera/share/mindvision_camera/config/camera_info.yaml
[6.232s] -- Installing: /home/tars-go/sb/install/mindvision_camera/share/mindvision_camera/launch
[6.232s] -- Installing: /home/tars-go/sb/install/mindvision_camera/share/mindvision_camera/launch/mv_launch.py
[6.232s] -- Installing: /home/tars-go/sb/install/mindvision_camera/share/ament_index/resource_index/package_run_dependencies/mindvision_camera
[6.232s] -- Installing: /home/tars-go/sb/install/mindvision_camera/share/ament_index/resource_index/parent_prefix_path/mindvision_camera
[6.232s] -- Installing: /home/tars-go/sb/install/mindvision_camera/share/mindvision_camera/environment/ament_prefix_path.sh
[6.232s] -- Installing: /home/tars-go/sb/install/mindvision_camera/share/mindvision_camera/environment/ament_prefix_path.dsv
[6.233s] -- Installing: /home/tars-go/sb/install/mindvision_camera/share/mindvision_camera/environment/path.sh
[6.233s] -- Installing: /home/tars-go/sb/install/mindvision_camera/share/mindvision_camera/environment/path.dsv
[6.233s] -- Installing: /home/tars-go/sb/install/mindvision_camera/share/mindvision_camera/local_setup.bash
[6.233s] -- Installing: /home/tars-go/sb/install/mindvision_camera/share/mindvision_camera/local_setup.sh
[6.234s] -- Installing: /home/tars-go/sb/install/mindvision_camera/share/mindvision_camera/local_setup.zsh
[6.234s] -- Installing: /home/tars-go/sb/install/mindvision_camera/share/mindvision_camera/local_setup.dsv
[6.234s] -- Installing: /home/tars-go/sb/install/mindvision_camera/share/mindvision_camera/package.dsv
[6.234s] -- Installing: /home/tars-go/sb/install/mindvision_camera/share/ament_index/resource_index/packages/mindvision_camera
[6.234s] -- Installing: /home/tars-go/sb/install/mindvision_camera/share/ament_index/resource_index/rclcpp_components/mindvision_camera
[6.234s] -- Installing: /home/tars-go/sb/install/mindvision_camera/share/mindvision_camera/cmake/ament_cmake_export_dependencies-extras.cmake
[6.234s] -- Installing: /home/tars-go/sb/install/mindvision_camera/share/mindvision_camera/cmake/ament_cmake_export_libraries-extras.cmake
[6.235s] -- Installing: /home/tars-go/sb/install/mindvision_camera/share/mindvision_camera/cmake/mindvision_cameraConfig.cmake
[6.235s] -- Installing: /home/tars-go/sb/install/mindvision_camera/share/mindvision_camera/cmake/mindvision_cameraConfig-version.cmake
[6.235s] -- Installing: /home/tars-go/sb/install/mindvision_camera/share/mindvision_camera/package.xml
[6.238s] Invoked command in '/home/tars-go/sb/build/mindvision_camera' returned '0': CMAKE_PREFIX_PATH=/opt/ros/humble /usr/bin/cmake --install /home/tars-go/sb/build/mindvision_camera
