[0.051s] Invoking command in '/home/tars-go/sb/build/rm_gimbal_description': CMAKE_PREFIX_PATH=/opt/ros/humble /usr/bin/cmake /home/tars-go/sb/src/rm_vision/rm_gimbal_description-main/rm_gimbal_description-main -DCMAKE_INSTALL_PREFIX=/home/tars-go/sb/install/rm_gimbal_description
[0.098s] -- The C compiler identification is GNU 11.4.0
[0.154s] -- The CXX compiler identification is GNU 11.4.0
[0.161s] -- Detecting C compiler ABI info
[0.219s] -- Detecting C compiler ABI info - done
[0.229s] -- Check for working C compiler: /usr/bin/cc - skipped
[0.229s] -- Detecting C compile features
[0.229s] -- Detecting C compile features - done
[0.232s] -- Detecting CXX compiler ABI info
[0.312s] -- Detecting CXX compiler ABI info - done
[0.320s] -- Check for working CXX compiler: /usr/bin/c++ - skipped
[0.320s] -- Detecting CXX compile features
[0.321s] -- Detecting CXX compile features - done
[0.323s] -- Found ament_cmake: 1.3.6 (/opt/ros/humble/share/ament_cmake/cmake)
[0.495s] -- Found Python3: /usr/bin/python3.10 (found version "3.10.12") found components: Interpreter 
[0.563s] -- Found ament_lint_auto: 0.12.9 (/opt/ros/humble/share/ament_lint_auto/cmake)
[0.637s] -- Added test 'lint_cmake' to check CMake code style
[0.637s] -- Added test 'xmllint' to check XML markup files
[0.638s] -- Configuring done
[0.641s] -- Generating done
[0.641s] -- Build files have been written to: /home/tars-go/sb/build/rm_gimbal_description
[0.645s] Invoked command in '/home/tars-go/sb/build/rm_gimbal_description' returned '0': CMAKE_PREFIX_PATH=/opt/ros/humble /usr/bin/cmake /home/tars-go/sb/src/rm_vision/rm_gimbal_description-main/rm_gimbal_description-main -DCMAKE_INSTALL_PREFIX=/home/tars-go/sb/install/rm_gimbal_description
[0.647s] Invoking command in '/home/tars-go/sb/build/rm_gimbal_description': CMAKE_PREFIX_PATH=/opt/ros/humble /usr/bin/cmake --build /home/tars-go/sb/build/rm_gimbal_description -- -j16 -l16
[0.679s] Invoked command in '/home/tars-go/sb/build/rm_gimbal_description' returned '0': CMAKE_PREFIX_PATH=/opt/ros/humble /usr/bin/cmake --build /home/tars-go/sb/build/rm_gimbal_description -- -j16 -l16
[0.710s] Invoking command in '/home/tars-go/sb/build/rm_gimbal_description': CMAKE_PREFIX_PATH=/opt/ros/humble /usr/bin/cmake --install /home/tars-go/sb/build/rm_gimbal_description
[0.723s] -- Install configuration: ""
[0.723s] -- Installing: /home/tars-go/sb/install/rm_gimbal_description/share/rm_gimbal_description/urdf
[0.723s] -- Installing: /home/tars-go/sb/install/rm_gimbal_description/share/rm_gimbal_description/urdf/rm_gimbal.urdf.xacro
[0.723s] -- Installing: /home/tars-go/sb/install/rm_gimbal_description/share/ament_index/resource_index/package_run_dependencies/rm_gimbal_description
[0.723s] -- Installing: /home/tars-go/sb/install/rm_gimbal_description/share/ament_index/resource_index/parent_prefix_path/rm_gimbal_description
[0.723s] -- Installing: /home/tars-go/sb/install/rm_gimbal_description/share/rm_gimbal_description/environment/ament_prefix_path.sh
[0.723s] -- Installing: /home/tars-go/sb/install/rm_gimbal_description/share/rm_gimbal_description/environment/ament_prefix_path.dsv
[0.724s] -- Installing: /home/tars-go/sb/install/rm_gimbal_description/share/rm_gimbal_description/environment/path.sh
[0.724s] -- Installing: /home/tars-go/sb/install/rm_gimbal_description/share/rm_gimbal_description/environment/path.dsv
[0.724s] -- Installing: /home/tars-go/sb/install/rm_gimbal_description/share/rm_gimbal_description/local_setup.bash
[0.724s] -- Installing: /home/tars-go/sb/install/rm_gimbal_description/share/rm_gimbal_description/local_setup.sh
[0.724s] -- Installing: /home/tars-go/sb/install/rm_gimbal_description/share/rm_gimbal_description/local_setup.zsh
[0.724s] -- Installing: /home/tars-go/sb/install/rm_gimbal_description/share/rm_gimbal_description/local_setup.dsv
[0.724s] -- Installing: /home/tars-go/sb/install/rm_gimbal_description/share/rm_gimbal_description/package.dsv
[0.725s] -- Installing: /home/tars-go/sb/install/rm_gimbal_description/share/ament_index/resource_index/packages/rm_gimbal_description
[0.725s] -- Installing: /home/tars-go/sb/install/rm_gimbal_description/share/rm_gimbal_description/cmake/rm_gimbal_descriptionConfig.cmake
[0.725s] -- Installing: /home/tars-go/sb/install/rm_gimbal_description/share/rm_gimbal_description/cmake/rm_gimbal_descriptionConfig-version.cmake
[0.725s] -- Installing: /home/tars-go/sb/install/rm_gimbal_description/share/rm_gimbal_description/package.xml
[0.727s] Invoked command in '/home/tars-go/sb/build/rm_gimbal_description' returned '0': CMAKE_PREFIX_PATH=/opt/ros/humble /usr/bin/cmake --install /home/tars-go/sb/build/rm_gimbal_description
