[0.069s] Invoking command in '/home/tars-go/sb/build/mindvision_camera': CMAKE_PREFIX_PATH=/opt/ros/humble /usr/bin/cmake /home/tars-go/sb/src/rm_vision/ros2-mindvision-camera-main/ros2-mindvision-camera-main -DCMAKE_INSTALL_PREFIX=/home/tars-go/sb/install/mindvision_camera
[0.077s] -- Found ament_cmake_auto: 1.3.6 (/opt/ros/humble/share/ament_cmake_auto/cmake)
[0.251s] -- Found rosidl_generator_c: 3.1.5 (/opt/ros/humble/share/rosidl_generator_c/cmake)
[0.253s] -- Found rosidl_adapter: 3.1.5 (/opt/ros/humble/share/rosidl_adapter/cmake)
[0.257s] -- Found rosidl_generator_cpp: 3.1.5 (/opt/ros/humble/share/rosidl_generator_cpp/cmake)
[0.265s] -- Using all available rosidl_typesupport_c: rosidl_typesupport_fastrtps_c;rosidl_typesupport_introspection_c
[0.276s] -- Using all available rosidl_typesupport_cpp: rosidl_typesupport_fastrtps_cpp;rosidl_typesupport_introspection_cpp
[0.319s] -- Found rmw_implementation_cmake: 6.1.1 (/opt/ros/humble/share/rmw_implementation_cmake/cmake)
[0.319s] -- Found rmw_fastrtps_cpp: 6.2.5 (/opt/ros/humble/share/rmw_fastrtps_cpp/cmake)
[0.416s] -- Using RMW implementation 'rmw_fastrtps_cpp' as default
[0.742s] -- Found ament_lint_auto: 0.12.9 (/opt/ros/humble/share/ament_lint_auto/cmake)
[0.750s] -- Added test 'cppcheck' to perform static code analysis on C / C++ code
[0.750s] -- Configured cppcheck include dirs: /home/tars-go/sb/src/rm_vision/ros2-mindvision-camera-main/ros2-mindvision-camera-main/mvsdk/include
[0.750s] -- Configured cppcheck exclude dirs and/or files: 
[0.750s] -- Added test 'flake8' to check Python code syntax and style conventions
[0.751s] -- Added test 'lint_cmake' to check CMake code style
[0.751s] -- Added test 'pep257' to check Python code against some of the docstring style conventions in PEP 257
[0.751s] -- Added test 'xmllint' to check XML markup files
[0.752s] -- Configuring done
[0.761s] -- Generating done
[0.762s] -- Build files have been written to: /home/tars-go/sb/build/mindvision_camera
[0.770s] Invoked command in '/home/tars-go/sb/build/mindvision_camera' returned '0': CMAKE_PREFIX_PATH=/opt/ros/humble /usr/bin/cmake /home/tars-go/sb/src/rm_vision/ros2-mindvision-camera-main/ros2-mindvision-camera-main -DCMAKE_INSTALL_PREFIX=/home/tars-go/sb/install/mindvision_camera
[0.771s] Invoking command in '/home/tars-go/sb/build/mindvision_camera': CMAKE_PREFIX_PATH=/opt/ros/humble /usr/bin/cmake --build /home/tars-go/sb/build/mindvision_camera -- -j16 -l16
[0.799s] [35m[1mConsolidate compiler generated dependencies of target mindvision_camera[0m
[0.800s] [35m[1mConsolidate compiler generated dependencies of target mindvision_camera_node[0m
[0.812s] [ 50%] Built target mindvision_camera
[0.812s] [100%] Built target mindvision_camera_node
[0.820s] Invoked command in '/home/tars-go/sb/build/mindvision_camera' returned '0': CMAKE_PREFIX_PATH=/opt/ros/humble /usr/bin/cmake --build /home/tars-go/sb/build/mindvision_camera -- -j16 -l16
[0.850s] Invoking command in '/home/tars-go/sb/build/mindvision_camera': CMAKE_PREFIX_PATH=/opt/ros/humble /usr/bin/cmake --install /home/tars-go/sb/build/mindvision_camera
[0.856s] -- Install configuration: ""
[0.857s] -- Up-to-date: /home/tars-go/sb/install/mindvision_camera/lib/mindvision_camera/mindvision_camera_node
[0.857s] -- Up-to-date: /home/tars-go/sb/install/mindvision_camera/share/mindvision_camera/environment/library_path.sh
[0.857s] -- Installing: /home/tars-go/sb/install/mindvision_camera/share/mindvision_camera/environment/library_path.dsv
[0.857s] -- Up-to-date: /home/tars-go/sb/install/mindvision_camera/lib/libmindvision_camera.so
[0.857s] -- Up-to-date: /home/tars-go/sb/install/mindvision_camera/share/mindvision_camera/config
[0.857s] -- Up-to-date: /home/tars-go/sb/install/mindvision_camera/share/mindvision_camera/config/camera_params.yaml
[0.857s] -- Up-to-date: /home/tars-go/sb/install/mindvision_camera/share/mindvision_camera/config/camera_info.yaml
[0.858s] -- Up-to-date: /home/tars-go/sb/install/mindvision_camera/share/mindvision_camera/launch
[0.858s] -- Up-to-date: /home/tars-go/sb/install/mindvision_camera/share/mindvision_camera/launch/mv_launch.py
[0.858s] -- Up-to-date: /home/tars-go/sb/install/mindvision_camera/share/ament_index/resource_index/package_run_dependencies/mindvision_camera
[0.858s] -- Up-to-date: /home/tars-go/sb/install/mindvision_camera/share/ament_index/resource_index/parent_prefix_path/mindvision_camera
[0.858s] -- Up-to-date: /home/tars-go/sb/install/mindvision_camera/share/mindvision_camera/environment/ament_prefix_path.sh
[0.858s] -- Installing: /home/tars-go/sb/install/mindvision_camera/share/mindvision_camera/environment/ament_prefix_path.dsv
[0.858s] -- Up-to-date: /home/tars-go/sb/install/mindvision_camera/share/mindvision_camera/environment/path.sh
[0.858s] -- Installing: /home/tars-go/sb/install/mindvision_camera/share/mindvision_camera/environment/path.dsv
[0.858s] -- Up-to-date: /home/tars-go/sb/install/mindvision_camera/share/mindvision_camera/local_setup.bash
[0.858s] -- Up-to-date: /home/tars-go/sb/install/mindvision_camera/share/mindvision_camera/local_setup.sh
[0.859s] -- Up-to-date: /home/tars-go/sb/install/mindvision_camera/share/mindvision_camera/local_setup.zsh
[0.859s] -- Installing: /home/tars-go/sb/install/mindvision_camera/share/mindvision_camera/local_setup.dsv
[0.859s] -- Installing: /home/tars-go/sb/install/mindvision_camera/share/mindvision_camera/package.dsv
[0.859s] -- Up-to-date: /home/tars-go/sb/install/mindvision_camera/share/ament_index/resource_index/packages/mindvision_camera
[0.859s] -- Up-to-date: /home/tars-go/sb/install/mindvision_camera/share/ament_index/resource_index/rclcpp_components/mindvision_camera
[0.859s] -- Up-to-date: /home/tars-go/sb/install/mindvision_camera/share/mindvision_camera/cmake/ament_cmake_export_dependencies-extras.cmake
[0.860s] -- Up-to-date: /home/tars-go/sb/install/mindvision_camera/share/mindvision_camera/cmake/ament_cmake_export_libraries-extras.cmake
[0.861s] -- Up-to-date: /home/tars-go/sb/install/mindvision_camera/share/mindvision_camera/cmake/mindvision_cameraConfig.cmake
[0.861s] -- Up-to-date: /home/tars-go/sb/install/mindvision_camera/share/mindvision_camera/cmake/mindvision_cameraConfig-version.cmake
[0.862s] -- Up-to-date: /home/tars-go/sb/install/mindvision_camera/share/mindvision_camera/package.xml
[0.862s] Invoked command in '/home/tars-go/sb/build/mindvision_camera' returned '0': CMAKE_PREFIX_PATH=/opt/ros/humble /usr/bin/cmake --install /home/tars-go/sb/build/mindvision_camera
