[0.036s] Invoking command in '/home/tars-go/sb/build/rm_auto_aim': AMENT_PREFIX_PATH=/home/tars-go/sb/install/armor_tracker:/home/tars-go/sb/install/armor_detector:/home/tars-go/sb/install/auto_aim_interfaces:${AMENT_PREFIX_PATH} CMAKE_PREFIX_PATH=/home/tars-go/sb/install/armor_tracker:/home/tars-go/sb/install/armor_detector:/home/tars-go/sb/install/auto_aim_interfaces:/opt/ros/humble LD_LIBRARY_PATH=/home/tars-go/sb/install/armor_tracker/lib:/home/tars-go/sb/install/armor_detector/lib:/home/tars-go/sb/install/auto_aim_interfaces/lib:/opt/ros/humble/opt/rviz_ogre_vendor/lib:/opt/ros/humble/lib/x86_64-linux-gnu:/opt/ros/humble/lib:/opt/MVS/lib/64:/opt/MVS/lib/32:/opt/MVS/lib/64:/opt/MVS/lib/32 PYTHONPATH=/home/tars-go/sb/install/auto_aim_interfaces/local/lib/python3.10/dist-packages:${PYTHONPATH} /usr/bin/cmake /home/tars-go/sb/src/rm_vision/rm_auto_aim-main/rm_auto_aim-main/rm_auto_aim -DCMAKE_INSTALL_PREFIX=/home/tars-go/sb/install/rm_auto_aim
[0.073s] -- The C compiler identification is GNU 11.4.0
[0.120s] -- The CXX compiler identification is GNU 11.4.0
[0.125s] -- Detecting C compiler ABI info
[0.171s] -- Detecting C compiler ABI info - done
[0.176s] -- Check for working C compiler: /usr/bin/cc - skipped
[0.176s] -- Detecting C compile features
[0.176s] -- Detecting C compile features - done
[0.179s] -- Detecting CXX compiler ABI info
[0.235s] -- Detecting CXX compiler ABI info - done
[0.240s] -- Check for working CXX compiler: /usr/bin/c++ - skipped
[0.241s] -- Detecting CXX compile features
[0.241s] -- Detecting CXX compile features - done
[0.242s] -- Found ament_cmake_auto: 1.3.6 (/opt/ros/humble/share/ament_cmake_auto/cmake)
[0.366s] -- Found Python3: /usr/bin/python3.10 (found version "3.10.12") found components: Interpreter 
[0.427s] -- Found ament_lint_auto: 0.12.9 (/opt/ros/humble/share/ament_lint_auto/cmake)
[0.477s] -- Added test 'lint_cmake' to check CMake code style
[0.477s] -- Added test 'xmllint' to check XML markup files
[0.478s] -- Configuring done
[0.479s] -- Generating done
[0.479s] -- Build files have been written to: /home/tars-go/sb/build/rm_auto_aim
[0.483s] Invoked command in '/home/tars-go/sb/build/rm_auto_aim' returned '0': AMENT_PREFIX_PATH=/home/tars-go/sb/install/armor_tracker:/home/tars-go/sb/install/armor_detector:/home/tars-go/sb/install/auto_aim_interfaces:${AMENT_PREFIX_PATH} CMAKE_PREFIX_PATH=/home/tars-go/sb/install/armor_tracker:/home/tars-go/sb/install/armor_detector:/home/tars-go/sb/install/auto_aim_interfaces:/opt/ros/humble LD_LIBRARY_PATH=/home/tars-go/sb/install/armor_tracker/lib:/home/tars-go/sb/install/armor_detector/lib:/home/tars-go/sb/install/auto_aim_interfaces/lib:/opt/ros/humble/opt/rviz_ogre_vendor/lib:/opt/ros/humble/lib/x86_64-linux-gnu:/opt/ros/humble/lib:/opt/MVS/lib/64:/opt/MVS/lib/32:/opt/MVS/lib/64:/opt/MVS/lib/32 PYTHONPATH=/home/tars-go/sb/install/auto_aim_interfaces/local/lib/python3.10/dist-packages:${PYTHONPATH} /usr/bin/cmake /home/tars-go/sb/src/rm_vision/rm_auto_aim-main/rm_auto_aim-main/rm_auto_aim -DCMAKE_INSTALL_PREFIX=/home/tars-go/sb/install/rm_auto_aim
[0.484s] Invoking command in '/home/tars-go/sb/build/rm_auto_aim': AMENT_PREFIX_PATH=/home/tars-go/sb/install/armor_tracker:/home/tars-go/sb/install/armor_detector:/home/tars-go/sb/install/auto_aim_interfaces:${AMENT_PREFIX_PATH} CMAKE_PREFIX_PATH=/home/tars-go/sb/install/armor_tracker:/home/tars-go/sb/install/armor_detector:/home/tars-go/sb/install/auto_aim_interfaces:/opt/ros/humble LD_LIBRARY_PATH=/home/tars-go/sb/install/armor_tracker/lib:/home/tars-go/sb/install/armor_detector/lib:/home/tars-go/sb/install/auto_aim_interfaces/lib:/opt/ros/humble/opt/rviz_ogre_vendor/lib:/opt/ros/humble/lib/x86_64-linux-gnu:/opt/ros/humble/lib:/opt/MVS/lib/64:/opt/MVS/lib/32:/opt/MVS/lib/64:/opt/MVS/lib/32 PYTHONPATH=/home/tars-go/sb/install/auto_aim_interfaces/local/lib/python3.10/dist-packages:${PYTHONPATH} /usr/bin/cmake --build /home/tars-go/sb/build/rm_auto_aim -- -j16 -l16
[0.509s] Invoked command in '/home/tars-go/sb/build/rm_auto_aim' returned '0': AMENT_PREFIX_PATH=/home/tars-go/sb/install/armor_tracker:/home/tars-go/sb/install/armor_detector:/home/tars-go/sb/install/auto_aim_interfaces:${AMENT_PREFIX_PATH} CMAKE_PREFIX_PATH=/home/tars-go/sb/install/armor_tracker:/home/tars-go/sb/install/armor_detector:/home/tars-go/sb/install/auto_aim_interfaces:/opt/ros/humble LD_LIBRARY_PATH=/home/tars-go/sb/install/armor_tracker/lib:/home/tars-go/sb/install/armor_detector/lib:/home/tars-go/sb/install/auto_aim_interfaces/lib:/opt/ros/humble/opt/rviz_ogre_vendor/lib:/opt/ros/humble/lib/x86_64-linux-gnu:/opt/ros/humble/lib:/opt/MVS/lib/64:/opt/MVS/lib/32:/opt/MVS/lib/64:/opt/MVS/lib/32 PYTHONPATH=/home/tars-go/sb/install/auto_aim_interfaces/local/lib/python3.10/dist-packages:${PYTHONPATH} /usr/bin/cmake --build /home/tars-go/sb/build/rm_auto_aim -- -j16 -l16
[0.524s] Invoking command in '/home/tars-go/sb/build/rm_auto_aim': AMENT_PREFIX_PATH=/home/tars-go/sb/install/armor_tracker:/home/tars-go/sb/install/armor_detector:/home/tars-go/sb/install/auto_aim_interfaces:${AMENT_PREFIX_PATH} CMAKE_PREFIX_PATH=/home/tars-go/sb/install/armor_tracker:/home/tars-go/sb/install/armor_detector:/home/tars-go/sb/install/auto_aim_interfaces:/opt/ros/humble LD_LIBRARY_PATH=/home/tars-go/sb/install/armor_tracker/lib:/home/tars-go/sb/install/armor_detector/lib:/home/tars-go/sb/install/auto_aim_interfaces/lib:/opt/ros/humble/opt/rviz_ogre_vendor/lib:/opt/ros/humble/lib/x86_64-linux-gnu:/opt/ros/humble/lib:/opt/MVS/lib/64:/opt/MVS/lib/32:/opt/MVS/lib/64:/opt/MVS/lib/32 PYTHONPATH=/home/tars-go/sb/install/auto_aim_interfaces/local/lib/python3.10/dist-packages:${PYTHONPATH} /usr/bin/cmake --install /home/tars-go/sb/build/rm_auto_aim
[0.531s] -- Install configuration: ""
[0.531s] -- Installing: /home/tars-go/sb/install/rm_auto_aim/share/ament_index/resource_index/package_run_dependencies/rm_auto_aim
[0.531s] -- Installing: /home/tars-go/sb/install/rm_auto_aim/share/ament_index/resource_index/parent_prefix_path/rm_auto_aim
[0.531s] -- Installing: /home/tars-go/sb/install/rm_auto_aim/share/rm_auto_aim/environment/ament_prefix_path.sh
[0.532s] -- Installing: /home/tars-go/sb/install/rm_auto_aim/share/rm_auto_aim/environment/ament_prefix_path.dsv
[0.532s] -- Installing: /home/tars-go/sb/install/rm_auto_aim/share/rm_auto_aim/environment/path.sh
[0.532s] -- Installing: /home/tars-go/sb/install/rm_auto_aim/share/rm_auto_aim/environment/path.dsv
[0.532s] -- Installing: /home/tars-go/sb/install/rm_auto_aim/share/rm_auto_aim/local_setup.bash
[0.532s] -- Installing: /home/tars-go/sb/install/rm_auto_aim/share/rm_auto_aim/local_setup.sh
[0.532s] -- Installing: /home/tars-go/sb/install/rm_auto_aim/share/rm_auto_aim/local_setup.zsh
[0.532s] -- Installing: /home/tars-go/sb/install/rm_auto_aim/share/rm_auto_aim/local_setup.dsv
[0.532s] -- Installing: /home/tars-go/sb/install/rm_auto_aim/share/rm_auto_aim/package.dsv
[0.532s] -- Installing: /home/tars-go/sb/install/rm_auto_aim/share/ament_index/resource_index/packages/rm_auto_aim
[0.533s] -- Installing: /home/tars-go/sb/install/rm_auto_aim/share/rm_auto_aim/cmake/rm_auto_aimConfig.cmake
[0.533s] -- Installing: /home/tars-go/sb/install/rm_auto_aim/share/rm_auto_aim/cmake/rm_auto_aimConfig-version.cmake
[0.533s] -- Installing: /home/tars-go/sb/install/rm_auto_aim/share/rm_auto_aim/package.xml
[0.534s] Invoked command in '/home/tars-go/sb/build/rm_auto_aim' returned '0': AMENT_PREFIX_PATH=/home/tars-go/sb/install/armor_tracker:/home/tars-go/sb/install/armor_detector:/home/tars-go/sb/install/auto_aim_interfaces:${AMENT_PREFIX_PATH} CMAKE_PREFIX_PATH=/home/tars-go/sb/install/armor_tracker:/home/tars-go/sb/install/armor_detector:/home/tars-go/sb/install/auto_aim_interfaces:/opt/ros/humble LD_LIBRARY_PATH=/home/tars-go/sb/install/armor_tracker/lib:/home/tars-go/sb/install/armor_detector/lib:/home/tars-go/sb/install/auto_aim_interfaces/lib:/opt/ros/humble/opt/rviz_ogre_vendor/lib:/opt/ros/humble/lib/x86_64-linux-gnu:/opt/ros/humble/lib:/opt/MVS/lib/64:/opt/MVS/lib/32:/opt/MVS/lib/64:/opt/MVS/lib/32 PYTHONPATH=/home/tars-go/sb/install/auto_aim_interfaces/local/lib/python3.10/dist-packages:${PYTHONPATH} /usr/bin/cmake --install /home/tars-go/sb/build/rm_auto_aim
