[0.108s] Invoking command in '/home/tars-go/sb/build/armor_tracker': AMENT_PREFIX_PATH=/home/tars-go/sb/install/auto_aim_interfaces:${AMENT_PREFIX_PATH} CMAKE_PREFIX_PATH=/home/tars-go/sb/install/auto_aim_interfaces:/opt/ros/humble LD_LIBRARY_PATH=/home/tars-go/sb/install/auto_aim_interfaces/lib:/opt/ros/humble/opt/rviz_ogre_vendor/lib:/opt/ros/humble/lib/x86_64-linux-gnu:/opt/ros/humble/lib:/opt/MVS/lib/64:/opt/MVS/lib/32:/opt/MVS/lib/64:/opt/MVS/lib/32 PYTHONPATH=/home/tars-go/sb/install/auto_aim_interfaces/local/lib/python3.10/dist-packages:${PYTHONPATH} /usr/bin/cmake /home/tars-go/sb/src/rm_vision/rm_auto_aim-main/rm_auto_aim-main/armor_tracker -DCMAKE_INSTALL_PREFIX=/home/tars-go/sb/install/armor_tracker
[0.147s] -- The C compiler identification is GNU 11.4.0
[0.192s] -- The CXX compiler identification is GNU 11.4.0
[0.199s] -- Detecting C compiler ABI info
[0.253s] -- Detecting C compiler ABI info - done
[0.262s] -- Check for working C compiler: /usr/bin/cc - skipped
[0.265s] -- Detecting C compile features
[0.265s] -- Detecting C compile features - done
[0.267s] -- Detecting CXX compiler ABI info
[0.324s] -- Detecting CXX compiler ABI info - done
[0.331s] -- Check for working CXX compiler: /usr/bin/c++ - skipped
[0.331s] -- Detecting CXX compile features
[0.332s] -- Detecting CXX compile features - done
[0.333s] -- Found ament_cmake_auto: 1.3.6 (/opt/ros/humble/share/ament_cmake_auto/cmake)
[0.467s] -- Found Python3: /usr/bin/python3.10 (found version "3.10.12") found components: Interpreter 
[0.612s] -- Found rosidl_generator_c: 3.1.5 (/opt/ros/humble/share/rosidl_generator_c/cmake)
[0.615s] -- Found rosidl_adapter: 3.1.5 (/opt/ros/humble/share/rosidl_adapter/cmake)
[0.620s] -- Found rosidl_generator_cpp: 3.1.5 (/opt/ros/humble/share/rosidl_generator_cpp/cmake)
[0.630s] -- Using all available rosidl_typesupport_c: rosidl_typesupport_fastrtps_c;rosidl_typesupport_introspection_c
[0.645s] -- Using all available rosidl_typesupport_cpp: rosidl_typesupport_fastrtps_cpp;rosidl_typesupport_introspection_cpp
[0.693s] -- Found rmw_implementation_cmake: 6.1.1 (/opt/ros/humble/share/rmw_implementation_cmake/cmake)
[0.695s] -- Found rmw_fastrtps_cpp: 6.2.5 (/opt/ros/humble/share/rmw_fastrtps_cpp/cmake)
[0.768s] -- Found OpenSSL: /usr/lib/x86_64-linux-gnu/libcrypto.so (found version "3.0.2")  
[0.789s] -- Found FastRTPS: /opt/ros/humble/include  
[0.827s] -- Using RMW implementation 'rmw_fastrtps_cpp' as default
[0.834s] -- Looking for pthread.h
[0.887s] -- Looking for pthread.h - found
[0.887s] -- Performing Test CMAKE_HAVE_LIBC_PTHREAD
[0.950s] -- Performing Test CMAKE_HAVE_LIBC_PTHREAD - Success
[0.951s] -- Found Threads: TRUE  
[1.364s] -- Found eigen3_cmake_module: 0.1.1 (/opt/ros/humble/share/eigen3_cmake_module/cmake)
[1.366s] -- Found Eigen3: TRUE (found version "3.4.0") 
[1.366s] -- Ensuring Eigen3 include directory is part of orocos-kdl CMake target
[1.646s] -- Found ament_lint_auto: 0.12.9 (/opt/ros/humble/share/ament_lint_auto/cmake)
[1.667s] -- Added test 'cppcheck' to perform static code analysis on C / C++ code
[1.667s] -- Configured cppcheck include dirs: /home/tars-go/sb/src/rm_vision/rm_auto_aim-main/rm_auto_aim-main/armor_tracker/include
[1.667s] -- Configured cppcheck exclude dirs and/or files: 
[1.668s] -- Added test 'lint_cmake' to check CMake code style
[1.669s] -- Added test 'xmllint' to check XML markup files
[1.671s] -- Configuring done
[1.682s] -- Generating done
[1.683s] -- Build files have been written to: /home/tars-go/sb/build/armor_tracker
[1.692s] Invoked command in '/home/tars-go/sb/build/armor_tracker' returned '0': AMENT_PREFIX_PATH=/home/tars-go/sb/install/auto_aim_interfaces:${AMENT_PREFIX_PATH} CMAKE_PREFIX_PATH=/home/tars-go/sb/install/auto_aim_interfaces:/opt/ros/humble LD_LIBRARY_PATH=/home/tars-go/sb/install/auto_aim_interfaces/lib:/opt/ros/humble/opt/rviz_ogre_vendor/lib:/opt/ros/humble/lib/x86_64-linux-gnu:/opt/ros/humble/lib:/opt/MVS/lib/64:/opt/MVS/lib/32:/opt/MVS/lib/64:/opt/MVS/lib/32 PYTHONPATH=/home/tars-go/sb/install/auto_aim_interfaces/local/lib/python3.10/dist-packages:${PYTHONPATH} /usr/bin/cmake /home/tars-go/sb/src/rm_vision/rm_auto_aim-main/rm_auto_aim-main/armor_tracker -DCMAKE_INSTALL_PREFIX=/home/tars-go/sb/install/armor_tracker
[1.693s] Invoking command in '/home/tars-go/sb/build/armor_tracker': AMENT_PREFIX_PATH=/home/tars-go/sb/install/auto_aim_interfaces:${AMENT_PREFIX_PATH} CMAKE_PREFIX_PATH=/home/tars-go/sb/install/auto_aim_interfaces:/opt/ros/humble LD_LIBRARY_PATH=/home/tars-go/sb/install/auto_aim_interfaces/lib:/opt/ros/humble/opt/rviz_ogre_vendor/lib:/opt/ros/humble/lib/x86_64-linux-gnu:/opt/ros/humble/lib:/opt/MVS/lib/64:/opt/MVS/lib/32:/opt/MVS/lib/64:/opt/MVS/lib/32 PYTHONPATH=/home/tars-go/sb/install/auto_aim_interfaces/local/lib/python3.10/dist-packages:${PYTHONPATH} /usr/bin/cmake --build /home/tars-go/sb/build/armor_tracker -- -j16 -l16
[1.731s] [ 14%] [32mBuilding CXX object CMakeFiles/armor_tracker_node.dir/rclcpp_components/node_main_armor_tracker_node.cpp.o[0m
[1.736s] [ 28%] [32mBuilding CXX object CMakeFiles/armor_tracker.dir/src/tracker.cpp.o[0m
[1.736s] [ 42%] [32mBuilding CXX object CMakeFiles/armor_tracker.dir/src/tracker_node.cpp.o[0m
[1.737s] [ 57%] [32mBuilding CXX object CMakeFiles/armor_tracker.dir/src/trajectory.cpp.o[0m
[1.737s] [ 71%] [32mBuilding CXX object CMakeFiles/armor_tracker.dir/src/extended_kalman_filter.cpp.o[0m
[5.087s] [ 85%] [32m[1mLinking CXX executable armor_tracker_node[0m
[5.217s] [ 85%] Built target armor_tracker_node
[13.466s] [100%] [32m[1mLinking CXX shared library libarmor_tracker.so[0m
[14.135s] [100%] Built target armor_tracker
