[0.134s] Invoking command in '/home/tars-go/sb/build/galaxy_camera': CMAKE_PREFIX_PATH=${CMAKE_PREFIX_PATH}:/opt/ros/humble /usr/bin/cmake /home/tars-go/sb/src/rm_vision_ros2_galaxy_camera-master -DCMAKE_BUILD_TYPE=RelWithDebInfo -DCMAKE_INSTALL_PREFIX=/home/tars-go/sb/install/galaxy_camera
[0.145s] -- Found ament_cmake_auto: 1.3.6 (/opt/ros/humble/share/ament_cmake_auto/cmake)
[0.348s] -- Found rosidl_generator_c: 3.1.5 (/opt/ros/humble/share/rosidl_generator_c/cmake)
[0.351s] -- Found rosidl_adapter: 3.1.5 (/opt/ros/humble/share/rosidl_adapter/cmake)
[0.356s] -- Found rosidl_generator_cpp: 3.1.5 (/opt/ros/humble/share/rosidl_generator_cpp/cmake)
[0.366s] -- Using all available rosidl_typesupport_c: rosidl_typesupport_fastrtps_c;rosidl_typesupport_introspection_c
[0.378s] -- Using all available rosidl_typesupport_cpp: rosidl_typesupport_fastrtps_cpp;rosidl_typesupport_introspection_cpp
[0.445s] -- Found rmw_implementation_cmake: 6.1.1 (/opt/ros/humble/share/rmw_implementation_cmake/cmake)
[0.447s] -- Found rmw_fastrtps_cpp: 6.2.5 (/opt/ros/humble/share/rmw_fastrtps_cpp/cmake)
[0.562s] -- Using RMW implementation 'rmw_fastrtps_cpp' as default
[0.899s] -- Found ament_lint_auto: 0.12.9 (/opt/ros/humble/share/ament_lint_auto/cmake)
[0.907s] -- Added test 'cppcheck' to perform static code analysis on C / C++ code
[0.907s] -- Configured cppcheck include dirs: /home/tars-go/sb/src/rm_vision_ros2_galaxy_camera-master/GalaxySDK/include
[0.907s] -- Configured cppcheck exclude dirs and/or files: 
[0.908s] -- Added test 'flake8' to check Python code syntax and style conventions
[0.908s] -- Added test 'lint_cmake' to check CMake code style
[0.908s] -- Added test 'pep257' to check Python code against some of the docstring style conventions in PEP 257
[0.908s] -- Added test 'xmllint' to check XML markup files
[0.909s] -- Configuring done
[0.919s] -- Generating done
[0.921s] -- Build files have been written to: /home/tars-go/sb/build/galaxy_camera
[0.927s] Invoked command in '/home/tars-go/sb/build/galaxy_camera' returned '0': CMAKE_PREFIX_PATH=${CMAKE_PREFIX_PATH}:/opt/ros/humble /usr/bin/cmake /home/tars-go/sb/src/rm_vision_ros2_galaxy_camera-master -DCMAKE_BUILD_TYPE=RelWithDebInfo -DCMAKE_INSTALL_PREFIX=/home/tars-go/sb/install/galaxy_camera
[0.929s] Invoking command in '/home/tars-go/sb/build/galaxy_camera': CMAKE_PREFIX_PATH=${CMAKE_PREFIX_PATH}:/opt/ros/humble /usr/bin/cmake --build /home/tars-go/sb/build/galaxy_camera -- -j16 -l16
[0.963s] [35m[1mConsolidate compiler generated dependencies of target galaxy_camera[0m
[0.967s] [35m[1mConsolidate compiler generated dependencies of target galaxy_camera_node[0m
[0.978s] [ 25%] [32mBuilding CXX object CMakeFiles/galaxy_camera.dir/src/galaxy_camera_node.cpp.o[0m
[0.983s] [ 50%] [32mBuilding CXX object CMakeFiles/galaxy_camera_node.dir/rclcpp_components/node_main_galaxy_camera_node.cpp.o[0m
[5.894s] [ 75%] [32m[1mLinking CXX executable galaxy_camera_node[0m
[6.002s] [ 75%] Built target galaxy_camera_node
[7.307s] [100%] [32m[1mLinking CXX shared library libgalaxy_camera.so[0m
[7.683s] [100%] Built target galaxy_camera
[7.705s] Invoked command in '/home/tars-go/sb/build/galaxy_camera' returned '0': CMAKE_PREFIX_PATH=${CMAKE_PREFIX_PATH}:/opt/ros/humble /usr/bin/cmake --build /home/tars-go/sb/build/galaxy_camera -- -j16 -l16
[7.760s] Invoking command in '/home/tars-go/sb/build/galaxy_camera': CMAKE_PREFIX_PATH=${CMAKE_PREFIX_PATH}:/opt/ros/humble /usr/bin/cmake --install /home/tars-go/sb/build/galaxy_camera
[7.774s] -- Install configuration: "RelWithDebInfo"
[7.775s] -- Up-to-date: /home/tars-go/sb/install/galaxy_camera/lib
[7.776s] -- Up-to-date: /home/tars-go/sb/install/galaxy_camera/lib/GxGVTL.cti
[7.776s] -- Up-to-date: /home/tars-go/sb/install/galaxy_camera/lib/bc4b08373788f18282ff1e747a98dd6c21a8b629.cache
[7.777s] -- Up-to-date: /home/tars-go/sb/install/galaxy_camera/lib/GxU3VTL.cti
[7.778s] -- Up-to-date: /home/tars-go/sb/install/galaxy_camera/lib/libgxiapi.so
[7.779s] -- Installing: /home/tars-go/sb/install/galaxy_camera/lib/galaxy_camera/galaxy_camera_node
[7.781s] -- Set runtime path of "/home/tars-go/sb/install/galaxy_camera/lib/galaxy_camera/galaxy_camera_node" to ""
[7.782s] -- Up-to-date: /home/tars-go/sb/install/galaxy_camera/share/galaxy_camera/environment/library_path.sh
[7.783s] -- Installing: /home/tars-go/sb/install/galaxy_camera/share/galaxy_camera/environment/library_path.dsv
[7.784s] -- Installing: /home/tars-go/sb/install/galaxy_camera/lib/libgalaxy_camera.so
[7.788s] -- Set runtime path of "/home/tars-go/sb/install/galaxy_camera/lib/libgalaxy_camera.so" to ""
[7.791s] -- Up-to-date: /home/tars-go/sb/install/galaxy_camera/share/galaxy_camera/config
[7.792s] -- Up-to-date: /home/tars-go/sb/install/galaxy_camera/share/galaxy_camera/config/camera_params.yaml
[7.792s] -- Up-to-date: /home/tars-go/sb/install/galaxy_camera/share/galaxy_camera/config/camera_info.yaml
[7.792s] -- Up-to-date: /home/tars-go/sb/install/galaxy_camera/share/galaxy_camera/launch
[7.792s] -- Up-to-date: /home/tars-go/sb/install/galaxy_camera/share/galaxy_camera/launch/galaxy_camera.launch.py
[7.794s] -- Up-to-date: /home/tars-go/sb/install/galaxy_camera/share/ament_index/resource_index/package_run_dependencies/galaxy_camera
[7.794s] -- Installing: /home/tars-go/sb/install/galaxy_camera/share/ament_index/resource_index/parent_prefix_path/galaxy_camera
[7.794s] -- Up-to-date: /home/tars-go/sb/install/galaxy_camera/share/galaxy_camera/environment/ament_prefix_path.sh
[7.794s] -- Installing: /home/tars-go/sb/install/galaxy_camera/share/galaxy_camera/environment/ament_prefix_path.dsv
[7.797s] -- Up-to-date: /home/tars-go/sb/install/galaxy_camera/share/galaxy_camera/environment/path.sh
[7.798s] -- Installing: /home/tars-go/sb/install/galaxy_camera/share/galaxy_camera/environment/path.dsv
[7.798s] -- Up-to-date: /home/tars-go/sb/install/galaxy_camera/share/galaxy_camera/local_setup.bash
[7.798s] -- Up-to-date: /home/tars-go/sb/install/galaxy_camera/share/galaxy_camera/local_setup.sh
[7.798s] -- Up-to-date: /home/tars-go/sb/install/galaxy_camera/share/galaxy_camera/local_setup.zsh
[7.798s] -- Installing: /home/tars-go/sb/install/galaxy_camera/share/galaxy_camera/local_setup.dsv
[7.798s] -- Installing: /home/tars-go/sb/install/galaxy_camera/share/galaxy_camera/package.dsv
[7.798s] -- Up-to-date: /home/tars-go/sb/install/galaxy_camera/share/ament_index/resource_index/packages/galaxy_camera
[7.798s] -- Up-to-date: /home/tars-go/sb/install/galaxy_camera/share/ament_index/resource_index/rclcpp_components/galaxy_camera
[7.798s] -- Installing: /home/tars-go/sb/install/galaxy_camera/share/galaxy_camera/cmake/ament_cmake_export_dependencies-extras.cmake
[7.799s] -- Up-to-date: /home/tars-go/sb/install/galaxy_camera/share/galaxy_camera/cmake/ament_cmake_export_libraries-extras.cmake
[7.799s] -- Up-to-date: /home/tars-go/sb/install/galaxy_camera/share/galaxy_camera/cmake/galaxy_cameraConfig.cmake
[7.799s] -- Up-to-date: /home/tars-go/sb/install/galaxy_camera/share/galaxy_camera/cmake/galaxy_cameraConfig-version.cmake
[7.799s] -- Up-to-date: /home/tars-go/sb/install/galaxy_camera/share/galaxy_camera/package.xml
[7.809s] Invoked command in '/home/tars-go/sb/build/galaxy_camera' returned '0': CMAKE_PREFIX_PATH=${CMAKE_PREFIX_PATH}:/opt/ros/humble /usr/bin/cmake --install /home/tars-go/sb/build/galaxy_camera
