[0.070s] Invoking command in '/home/tars-go/sb/build/mindvision_camera': CMAKE_PREFIX_PATH=${CMAKE_PREFIX_PATH}:/opt/ros/humble /usr/bin/cmake /home/tars-go/sb/src/rm_vision/ros2-mindvision-camera-main/ros2-mindvision-camera-main -DCMAKE_BUILD_TYPE=RelWithDebInfo -DCMAKE_INSTALL_PREFIX=/home/tars-go/sb/install/mindvision_camera
[0.078s] -- Found ament_cmake_auto: 1.3.6 (/opt/ros/humble/share/ament_cmake_auto/cmake)
[0.265s] -- Found rosidl_generator_c: 3.1.5 (/opt/ros/humble/share/rosidl_generator_c/cmake)
[0.267s] -- Found rosidl_adapter: 3.1.5 (/opt/ros/humble/share/rosidl_adapter/cmake)
[0.273s] -- Found rosidl_generator_cpp: 3.1.5 (/opt/ros/humble/share/rosidl_generator_cpp/cmake)
[0.280s] -- Using all available rosidl_typesupport_c: rosidl_typesupport_fastrtps_c;rosidl_typesupport_introspection_c
[0.295s] -- Using all available rosidl_typesupport_cpp: rosidl_typesupport_fastrtps_cpp;rosidl_typesupport_introspection_cpp
[0.340s] -- Found rmw_implementation_cmake: 6.1.1 (/opt/ros/humble/share/rmw_implementation_cmake/cmake)
[0.341s] -- Found rmw_fastrtps_cpp: 6.2.5 (/opt/ros/humble/share/rmw_fastrtps_cpp/cmake)
[0.439s] -- Using RMW implementation 'rmw_fastrtps_cpp' as default
[0.751s] -- Found ament_lint_auto: 0.12.9 (/opt/ros/humble/share/ament_lint_auto/cmake)
[0.758s] -- Added test 'cppcheck' to perform static code analysis on C / C++ code
[0.758s] -- Configured cppcheck include dirs: /home/tars-go/sb/src/rm_vision/ros2-mindvision-camera-main/ros2-mindvision-camera-main/mvsdk/include
[0.759s] -- Configured cppcheck exclude dirs and/or files: 
[0.759s] -- Added test 'flake8' to check Python code syntax and style conventions
[0.759s] -- Added test 'lint_cmake' to check CMake code style
[0.759s] -- Added test 'pep257' to check Python code against some of the docstring style conventions in PEP 257
[0.759s] -- Added test 'xmllint' to check XML markup files
[0.760s] -- Configuring done
[0.771s] -- Generating done
[0.772s] -- Build files have been written to: /home/tars-go/sb/build/mindvision_camera
[0.778s] Invoked command in '/home/tars-go/sb/build/mindvision_camera' returned '0': CMAKE_PREFIX_PATH=${CMAKE_PREFIX_PATH}:/opt/ros/humble /usr/bin/cmake /home/tars-go/sb/src/rm_vision/ros2-mindvision-camera-main/ros2-mindvision-camera-main -DCMAKE_BUILD_TYPE=RelWithDebInfo -DCMAKE_INSTALL_PREFIX=/home/tars-go/sb/install/mindvision_camera
[0.779s] Invoking command in '/home/tars-go/sb/build/mindvision_camera': CMAKE_PREFIX_PATH=${CMAKE_PREFIX_PATH}:/opt/ros/humble /usr/bin/cmake --build /home/tars-go/sb/build/mindvision_camera -- -j16 -l16
[0.813s] [35m[1mConsolidate compiler generated dependencies of target mindvision_camera[0m
[0.816s] [35m[1mConsolidate compiler generated dependencies of target mindvision_camera_node[0m
[0.826s] [ 25%] [32mBuilding CXX object CMakeFiles/mindvision_camera.dir/src/mv_camera_node.cpp.o[0m
[0.836s] [ 50%] [32mBuilding CXX object CMakeFiles/mindvision_camera_node.dir/rclcpp_components/node_main_mindvision_camera_node.cpp.o[0m
[6.945s] [ 75%] [32m[1mLinking CXX shared library libmindvision_camera.so[0m
[7.285s] [ 75%] Built target mindvision_camera
[8.001s] [100%] [32m[1mLinking CXX executable mindvision_camera_node[0m
[8.169s] [100%] Built target mindvision_camera_node
[8.185s] Invoked command in '/home/tars-go/sb/build/mindvision_camera' returned '0': CMAKE_PREFIX_PATH=${CMAKE_PREFIX_PATH}:/opt/ros/humble /usr/bin/cmake --build /home/tars-go/sb/build/mindvision_camera -- -j16 -l16
[8.237s] Invoking command in '/home/tars-go/sb/build/mindvision_camera': CMAKE_PREFIX_PATH=${CMAKE_PREFIX_PATH}:/opt/ros/humble /usr/bin/cmake --install /home/tars-go/sb/build/mindvision_camera
[8.248s] -- Install configuration: "RelWithDebInfo"
[8.249s] -- Installing: /home/tars-go/sb/install/mindvision_camera/lib/mindvision_camera/mindvision_camera_node
[8.250s] -- Set runtime path of "/home/tars-go/sb/install/mindvision_camera/lib/mindvision_camera/mindvision_camera_node" to ""
[8.250s] -- Up-to-date: /home/tars-go/sb/install/mindvision_camera/share/mindvision_camera/environment/library_path.sh
[8.250s] -- Installing: /home/tars-go/sb/install/mindvision_camera/share/mindvision_camera/environment/library_path.dsv
[8.251s] -- Installing: /home/tars-go/sb/install/mindvision_camera/lib/libmindvision_camera.so
[8.253s] -- Set runtime path of "/home/tars-go/sb/install/mindvision_camera/lib/libmindvision_camera.so" to ""
[8.253s] -- Up-to-date: /home/tars-go/sb/install/mindvision_camera/share/mindvision_camera/config
[8.254s] -- Up-to-date: /home/tars-go/sb/install/mindvision_camera/share/mindvision_camera/config/camera_params.yaml
[8.254s] -- Up-to-date: /home/tars-go/sb/install/mindvision_camera/share/mindvision_camera/config/camera_info.yaml
[8.254s] -- Up-to-date: /home/tars-go/sb/install/mindvision_camera/share/mindvision_camera/launch
[8.254s] -- Up-to-date: /home/tars-go/sb/install/mindvision_camera/share/mindvision_camera/launch/mv_launch.py
[8.254s] -- Up-to-date: /home/tars-go/sb/install/mindvision_camera/share/ament_index/resource_index/package_run_dependencies/mindvision_camera
[8.254s] -- Installing: /home/tars-go/sb/install/mindvision_camera/share/ament_index/resource_index/parent_prefix_path/mindvision_camera
[8.254s] -- Up-to-date: /home/tars-go/sb/install/mindvision_camera/share/mindvision_camera/environment/ament_prefix_path.sh
[8.254s] -- Installing: /home/tars-go/sb/install/mindvision_camera/share/mindvision_camera/environment/ament_prefix_path.dsv
[8.254s] -- Up-to-date: /home/tars-go/sb/install/mindvision_camera/share/mindvision_camera/environment/path.sh
[8.256s] -- Installing: /home/tars-go/sb/install/mindvision_camera/share/mindvision_camera/environment/path.dsv
[8.256s] -- Up-to-date: /home/tars-go/sb/install/mindvision_camera/share/mindvision_camera/local_setup.bash
[8.256s] -- Up-to-date: /home/tars-go/sb/install/mindvision_camera/share/mindvision_camera/local_setup.sh
[8.256s] -- Up-to-date: /home/tars-go/sb/install/mindvision_camera/share/mindvision_camera/local_setup.zsh
[8.256s] -- Installing: /home/tars-go/sb/install/mindvision_camera/share/mindvision_camera/local_setup.dsv
[8.256s] -- Installing: /home/tars-go/sb/install/mindvision_camera/share/mindvision_camera/package.dsv
[8.256s] -- Up-to-date: /home/tars-go/sb/install/mindvision_camera/share/ament_index/resource_index/packages/mindvision_camera
[8.256s] -- Up-to-date: /home/tars-go/sb/install/mindvision_camera/share/ament_index/resource_index/rclcpp_components/mindvision_camera
[8.256s] -- Installing: /home/tars-go/sb/install/mindvision_camera/share/mindvision_camera/cmake/ament_cmake_export_dependencies-extras.cmake
[8.256s] -- Up-to-date: /home/tars-go/sb/install/mindvision_camera/share/mindvision_camera/cmake/ament_cmake_export_libraries-extras.cmake
[8.256s] -- Up-to-date: /home/tars-go/sb/install/mindvision_camera/share/mindvision_camera/cmake/mindvision_cameraConfig.cmake
[8.256s] -- Up-to-date: /home/tars-go/sb/install/mindvision_camera/share/mindvision_camera/cmake/mindvision_cameraConfig-version.cmake
[8.256s] -- Up-to-date: /home/tars-go/sb/install/mindvision_camera/share/mindvision_camera/package.xml
[8.274s] Invoked command in '/home/tars-go/sb/build/mindvision_camera' returned '0': CMAKE_PREFIX_PATH=${CMAKE_PREFIX_PATH}:/opt/ros/humble /usr/bin/cmake --install /home/tars-go/sb/build/mindvision_camera
