-- Found ament_cmake_auto: 1.3.6 (/opt/ros/humble/share/ament_cmake_auto/cmake)
-- Found rosidl_generator_c: 3.1.5 (/opt/ros/humble/share/rosidl_generator_c/cmake)
-- Found rosidl_adapter: 3.1.5 (/opt/ros/humble/share/rosidl_adapter/cmake)
-- Found rosidl_generator_cpp: 3.1.5 (/opt/ros/humble/share/rosidl_generator_cpp/cmake)
-- Using all available rosidl_typesupport_c: rosidl_typesupport_fastrtps_c;rosidl_typesupport_introspection_c
-- Using all available rosidl_typesupport_cpp: rosidl_typesupport_fastrtps_cpp;rosidl_typesupport_introspection_cpp
-- Found rmw_implementation_cmake: 6.1.1 (/opt/ros/humble/share/rmw_implementation_cmake/cmake)
-- Found rmw_fastrtps_cpp: 6.2.5 (/opt/ros/humble/share/rmw_fastrtps_cpp/cmake)
-- Using RMW implementation 'rmw_fastrtps_cpp' as default
-- Found eigen3_cmake_module: 0.1.1 (/opt/ros/humble/share/eigen3_cmake_module/cmake)
-- Ensuring Eigen3 include directory is part of orocos-kdl CMake target
-- Found ament_lint_auto: 0.12.9 (/opt/ros/humble/share/ament_lint_auto/cmake)
-- Added test 'cppcheck' to perform static code analysis on C / C++ code
-- Configured cppcheck include dirs: /home/tars-go/sb/src/rm_vision/rm_serial_driver-main/rm_serial_driver-main/include
-- Configured cppcheck exclude dirs and/or files: 
-- Added test 'cpplint' to check C / C++ code against the Google style
-- Configured cpplint exclude dirs and/or files: 
-- Added test 'flake8' to check Python code syntax and style conventions
-- Added test 'lint_cmake' to check CMake code style
-- Added test 'pep257' to check Python code against some of the docstring style conventions in PEP 257
-- Added test 'xmllint' to check XML markup files
-- Configuring done
-- Generating done
-- Build files have been written to: /home/tars-go/sb/build/rm_serial_driver
[35m[1mConsolidate compiler generated dependencies of target rm_serial_driver[0m
[35m[1mConsolidate compiler generated dependencies of target rm_serial_driver_node[0m
[ 40%] [32mBuilding CXX object CMakeFiles/rm_serial_driver.dir/src/crc.cpp.o[0m
[ 40%] [32mBuilding CXX object CMakeFiles/rm_serial_driver.dir/src/rm_serial_driver.cpp.o[0m
[ 80%] Built target rm_serial_driver_node
[100%] [32m[1mLinking CXX shared library librm_serial_driver.so[0m
[100%] Built target rm_serial_driver
-- Install configuration: ""
-- Installing: /home/tars-go/sb/install/rm_serial_driver/lib/rm_serial_driver/rm_serial_driver_node
-- Set runtime path of "/home/tars-go/sb/install/rm_serial_driver/lib/rm_serial_driver/rm_serial_driver_node" to ""
-- Installing: /home/tars-go/sb/install/rm_serial_driver/include
-- Installing: /home/tars-go/sb/install/rm_serial_driver/include/rm_serial_driver
-- Installing: /home/tars-go/sb/install/rm_serial_driver/include/rm_serial_driver/crc.hpp
-- Installing: /home/tars-go/sb/install/rm_serial_driver/include/rm_serial_driver/packet.hpp
-- Installing: /home/tars-go/sb/install/rm_serial_driver/include/rm_serial_driver/rm_serial_driver.hpp
-- Installing: /home/tars-go/sb/install/rm_serial_driver/share/rm_serial_driver/environment/library_path.sh
-- Installing: /home/tars-go/sb/install/rm_serial_driver/share/rm_serial_driver/environment/library_path.dsv
-- Installing: /home/tars-go/sb/install/rm_serial_driver/lib/librm_serial_driver.so
-- Set runtime path of "/home/tars-go/sb/install/rm_serial_driver/lib/librm_serial_driver.so" to ""
-- Installing: /home/tars-go/sb/install/rm_serial_driver/share/rm_serial_driver/config
-- Installing: /home/tars-go/sb/install/rm_serial_driver/share/rm_serial_driver/config/serial_driver.yaml
-- Installing: /home/tars-go/sb/install/rm_serial_driver/share/rm_serial_driver/launch
-- Installing: /home/tars-go/sb/install/rm_serial_driver/share/rm_serial_driver/launch/serial_driver.launch.py
-- Installing: /home/tars-go/sb/install/rm_serial_driver/share/ament_index/resource_index/package_run_dependencies/rm_serial_driver
-- Installing: /home/tars-go/sb/install/rm_serial_driver/share/ament_index/resource_index/parent_prefix_path/rm_serial_driver
-- Installing: /home/tars-go/sb/install/rm_serial_driver/share/rm_serial_driver/environment/ament_prefix_path.sh
-- Installing: /home/tars-go/sb/install/rm_serial_driver/share/rm_serial_driver/environment/ament_prefix_path.dsv
-- Installing: /home/tars-go/sb/install/rm_serial_driver/share/rm_serial_driver/environment/path.sh
-- Installing: /home/tars-go/sb/install/rm_serial_driver/share/rm_serial_driver/environment/path.dsv
-- Installing: /home/tars-go/sb/install/rm_serial_driver/share/rm_serial_driver/local_setup.bash
-- Installing: /home/tars-go/sb/install/rm_serial_driver/share/rm_serial_driver/local_setup.sh
-- Installing: /home/tars-go/sb/install/rm_serial_driver/share/rm_serial_driver/local_setup.zsh
-- Installing: /home/tars-go/sb/install/rm_serial_driver/share/rm_serial_driver/local_setup.dsv
-- Installing: /home/tars-go/sb/install/rm_serial_driver/share/rm_serial_driver/package.dsv
-- Installing: /home/tars-go/sb/install/rm_serial_driver/share/ament_index/resource_index/packages/rm_serial_driver
-- Installing: /home/tars-go/sb/install/rm_serial_driver/share/ament_index/resource_index/rclcpp_components/rm_serial_driver
-- Installing: /home/tars-go/sb/install/rm_serial_driver/share/rm_serial_driver/cmake/ament_cmake_export_dependencies-extras.cmake
-- Installing: /home/tars-go/sb/install/rm_serial_driver/share/rm_serial_driver/cmake/ament_cmake_export_include_directories-extras.cmake
-- Installing: /home/tars-go/sb/install/rm_serial_driver/share/rm_serial_driver/cmake/ament_cmake_export_libraries-extras.cmake
-- Installing: /home/tars-go/sb/install/rm_serial_driver/share/rm_serial_driver/cmake/rm_serial_driverConfig.cmake
-- Installing: /home/tars-go/sb/install/rm_serial_driver/share/rm_serial_driver/cmake/rm_serial_driverConfig-version.cmake
-- Installing: /home/tars-go/sb/install/rm_serial_driver/share/rm_serial_driver/package.xml
