[0.035s] Invoking command in '/home/tars-go/sb/build/rm_serial_driver': AMENT_PREFIX_PATH=/home/tars-go/sb/install/auto_aim_interfaces:${AMENT_PREFIX_PATH} CMAKE_PREFIX_PATH=/home/tars-go/sb/install/auto_aim_interfaces:/opt/ros/humble LD_LIBRARY_PATH=/home/tars-go/sb/install/auto_aim_interfaces/lib:/opt/ros/humble/opt/rviz_ogre_vendor/lib:/opt/ros/humble/lib/x86_64-linux-gnu:/opt/ros/humble/lib:/opt/MVS/lib/64:/opt/MVS/lib/32:/opt/MVS/lib/64:/opt/MVS/lib/32 PYTHONPATH=/home/tars-go/sb/install/auto_aim_interfaces/local/lib/python3.10/dist-packages:${PYTHONPATH} /usr/bin/cmake /home/tars-go/sb/src/rm_vision/rm_serial_driver-main/rm_serial_driver-main -DCMAKE_INSTALL_PREFIX=/home/tars-go/sb/install/rm_serial_driver
[0.043s] -- Found ament_cmake_auto: 1.3.6 (/opt/ros/humble/share/ament_cmake_auto/cmake)
[0.213s] -- Found rosidl_generator_c: 3.1.5 (/opt/ros/humble/share/rosidl_generator_c/cmake)
[0.215s] -- Found rosidl_adapter: 3.1.5 (/opt/ros/humble/share/rosidl_adapter/cmake)
[0.219s] -- Found rosidl_generator_cpp: 3.1.5 (/opt/ros/humble/share/rosidl_generator_cpp/cmake)
[0.226s] -- Using all available rosidl_typesupport_c: rosidl_typesupport_fastrtps_c;rosidl_typesupport_introspection_c
[0.237s] -- Using all available rosidl_typesupport_cpp: rosidl_typesupport_fastrtps_cpp;rosidl_typesupport_introspection_cpp
[0.277s] -- Found rmw_implementation_cmake: 6.1.1 (/opt/ros/humble/share/rmw_implementation_cmake/cmake)
[0.278s] -- Found rmw_fastrtps_cpp: 6.2.5 (/opt/ros/humble/share/rmw_fastrtps_cpp/cmake)
[0.359s] -- Using RMW implementation 'rmw_fastrtps_cpp' as default
[0.839s] -- Found eigen3_cmake_module: 0.1.1 (/opt/ros/humble/share/eigen3_cmake_module/cmake)
[0.840s] -- Ensuring Eigen3 include directory is part of orocos-kdl CMake target
[1.113s] -- Found ament_lint_auto: 0.12.9 (/opt/ros/humble/share/ament_lint_auto/cmake)
[1.128s] -- Added test 'cppcheck' to perform static code analysis on C / C++ code
[1.128s] -- Configured cppcheck include dirs: /home/tars-go/sb/src/rm_vision/rm_serial_driver-main/rm_serial_driver-main/include
[1.128s] -- Configured cppcheck exclude dirs and/or files: 
[1.129s] -- Added test 'cpplint' to check C / C++ code against the Google style
[1.129s] -- Configured cpplint exclude dirs and/or files: 
[1.129s] -- Added test 'flake8' to check Python code syntax and style conventions
[1.129s] -- Added test 'lint_cmake' to check CMake code style
[1.129s] -- Added test 'pep257' to check Python code against some of the docstring style conventions in PEP 257
[1.130s] -- Added test 'xmllint' to check XML markup files
[1.130s] -- Configuring done
[1.147s] -- Generating done
[1.148s] -- Build files have been written to: /home/tars-go/sb/build/rm_serial_driver
[1.157s] Invoked command in '/home/tars-go/sb/build/rm_serial_driver' returned '0': AMENT_PREFIX_PATH=/home/tars-go/sb/install/auto_aim_interfaces:${AMENT_PREFIX_PATH} CMAKE_PREFIX_PATH=/home/tars-go/sb/install/auto_aim_interfaces:/opt/ros/humble LD_LIBRARY_PATH=/home/tars-go/sb/install/auto_aim_interfaces/lib:/opt/ros/humble/opt/rviz_ogre_vendor/lib:/opt/ros/humble/lib/x86_64-linux-gnu:/opt/ros/humble/lib:/opt/MVS/lib/64:/opt/MVS/lib/32:/opt/MVS/lib/64:/opt/MVS/lib/32 PYTHONPATH=/home/tars-go/sb/install/auto_aim_interfaces/local/lib/python3.10/dist-packages:${PYTHONPATH} /usr/bin/cmake /home/tars-go/sb/src/rm_vision/rm_serial_driver-main/rm_serial_driver-main -DCMAKE_INSTALL_PREFIX=/home/tars-go/sb/install/rm_serial_driver
[1.159s] Invoking command in '/home/tars-go/sb/build/rm_serial_driver': AMENT_PREFIX_PATH=/home/tars-go/sb/install/auto_aim_interfaces:${AMENT_PREFIX_PATH} CMAKE_PREFIX_PATH=/home/tars-go/sb/install/auto_aim_interfaces:/opt/ros/humble LD_LIBRARY_PATH=/home/tars-go/sb/install/auto_aim_interfaces/lib:/opt/ros/humble/opt/rviz_ogre_vendor/lib:/opt/ros/humble/lib/x86_64-linux-gnu:/opt/ros/humble/lib:/opt/MVS/lib/64:/opt/MVS/lib/32:/opt/MVS/lib/64:/opt/MVS/lib/32 PYTHONPATH=/home/tars-go/sb/install/auto_aim_interfaces/local/lib/python3.10/dist-packages:${PYTHONPATH} /usr/bin/cmake --build /home/tars-go/sb/build/rm_serial_driver -- -j16 -l16
[1.189s] [35m[1mConsolidate compiler generated dependencies of target rm_serial_driver[0m
[1.190s] [35m[1mConsolidate compiler generated dependencies of target rm_serial_driver_node[0m
[1.196s] [ 40%] [32mBuilding CXX object CMakeFiles/rm_serial_driver.dir/src/crc.cpp.o[0m
[1.196s] [ 40%] [32mBuilding CXX object CMakeFiles/rm_serial_driver.dir/src/rm_serial_driver.cpp.o[0m
[1.205s] [ 80%] Built target rm_serial_driver_node
[8.669s] [100%] [32m[1mLinking CXX shared library librm_serial_driver.so[0m
[9.088s] [100%] Built target rm_serial_driver
[9.095s] Invoked command in '/home/tars-go/sb/build/rm_serial_driver' returned '0': AMENT_PREFIX_PATH=/home/tars-go/sb/install/auto_aim_interfaces:${AMENT_PREFIX_PATH} CMAKE_PREFIX_PATH=/home/tars-go/sb/install/auto_aim_interfaces:/opt/ros/humble LD_LIBRARY_PATH=/home/tars-go/sb/install/auto_aim_interfaces/lib:/opt/ros/humble/opt/rviz_ogre_vendor/lib:/opt/ros/humble/lib/x86_64-linux-gnu:/opt/ros/humble/lib:/opt/MVS/lib/64:/opt/MVS/lib/32:/opt/MVS/lib/64:/opt/MVS/lib/32 PYTHONPATH=/home/tars-go/sb/install/auto_aim_interfaces/local/lib/python3.10/dist-packages:${PYTHONPATH} /usr/bin/cmake --build /home/tars-go/sb/build/rm_serial_driver -- -j16 -l16
[9.113s] Invoking command in '/home/tars-go/sb/build/rm_serial_driver': AMENT_PREFIX_PATH=/home/tars-go/sb/install/auto_aim_interfaces:${AMENT_PREFIX_PATH} CMAKE_PREFIX_PATH=/home/tars-go/sb/install/auto_aim_interfaces:/opt/ros/humble LD_LIBRARY_PATH=/home/tars-go/sb/install/auto_aim_interfaces/lib:/opt/ros/humble/opt/rviz_ogre_vendor/lib:/opt/ros/humble/lib/x86_64-linux-gnu:/opt/ros/humble/lib:/opt/MVS/lib/64:/opt/MVS/lib/32:/opt/MVS/lib/64:/opt/MVS/lib/32 PYTHONPATH=/home/tars-go/sb/install/auto_aim_interfaces/local/lib/python3.10/dist-packages:${PYTHONPATH} /usr/bin/cmake --install /home/tars-go/sb/build/rm_serial_driver
[9.119s] -- Install configuration: ""
[9.119s] -- Installing: /home/tars-go/sb/install/rm_serial_driver/lib/rm_serial_driver/rm_serial_driver_node
[9.119s] -- Set runtime path of "/home/tars-go/sb/install/rm_serial_driver/lib/rm_serial_driver/rm_serial_driver_node" to ""
[9.119s] -- Installing: /home/tars-go/sb/install/rm_serial_driver/include
[9.119s] -- Installing: /home/tars-go/sb/install/rm_serial_driver/include/rm_serial_driver
[9.119s] -- Installing: /home/tars-go/sb/install/rm_serial_driver/include/rm_serial_driver/crc.hpp
[9.119s] -- Installing: /home/tars-go/sb/install/rm_serial_driver/include/rm_serial_driver/packet.hpp
[9.119s] -- Installing: /home/tars-go/sb/install/rm_serial_driver/include/rm_serial_driver/rm_serial_driver.hpp
[9.119s] -- Installing: /home/tars-go/sb/install/rm_serial_driver/share/rm_serial_driver/environment/library_path.sh
[9.119s] -- Installing: /home/tars-go/sb/install/rm_serial_driver/share/rm_serial_driver/environment/library_path.dsv
[9.119s] -- Installing: /home/tars-go/sb/install/rm_serial_driver/lib/librm_serial_driver.so
[9.125s] -- Set runtime path of "/home/tars-go/sb/install/rm_serial_driver/lib/librm_serial_driver.so" to ""
[9.125s] -- Installing: /home/tars-go/sb/install/rm_serial_driver/share/rm_serial_driver/config
[9.125s] -- Installing: /home/tars-go/sb/install/rm_serial_driver/share/rm_serial_driver/config/serial_driver.yaml
[9.125s] -- Installing: /home/tars-go/sb/install/rm_serial_driver/share/rm_serial_driver/launch
[9.125s] -- Installing: /home/tars-go/sb/install/rm_serial_driver/share/rm_serial_driver/launch/serial_driver.launch.py
[9.125s] -- Installing: /home/tars-go/sb/install/rm_serial_driver/share/ament_index/resource_index/package_run_dependencies/rm_serial_driver
[9.125s] -- Installing: /home/tars-go/sb/install/rm_serial_driver/share/ament_index/resource_index/parent_prefix_path/rm_serial_driver
[9.125s] -- Installing: /home/tars-go/sb/install/rm_serial_driver/share/rm_serial_driver/environment/ament_prefix_path.sh
[9.125s] -- Installing: /home/tars-go/sb/install/rm_serial_driver/share/rm_serial_driver/environment/ament_prefix_path.dsv
[9.125s] -- Installing: /home/tars-go/sb/install/rm_serial_driver/share/rm_serial_driver/environment/path.sh
[9.126s] -- Installing: /home/tars-go/sb/install/rm_serial_driver/share/rm_serial_driver/environment/path.dsv
[9.126s] -- Installing: /home/tars-go/sb/install/rm_serial_driver/share/rm_serial_driver/local_setup.bash
[9.126s] -- Installing: /home/tars-go/sb/install/rm_serial_driver/share/rm_serial_driver/local_setup.sh
[9.126s] -- Installing: /home/tars-go/sb/install/rm_serial_driver/share/rm_serial_driver/local_setup.zsh
[9.126s] -- Installing: /home/tars-go/sb/install/rm_serial_driver/share/rm_serial_driver/local_setup.dsv
[9.126s] -- Installing: /home/tars-go/sb/install/rm_serial_driver/share/rm_serial_driver/package.dsv
[9.126s] -- Installing: /home/tars-go/sb/install/rm_serial_driver/share/ament_index/resource_index/packages/rm_serial_driver
[9.126s] -- Installing: /home/tars-go/sb/install/rm_serial_driver/share/ament_index/resource_index/rclcpp_components/rm_serial_driver
[9.126s] -- Installing: /home/tars-go/sb/install/rm_serial_driver/share/rm_serial_driver/cmake/ament_cmake_export_dependencies-extras.cmake
[9.126s] -- Installing: /home/tars-go/sb/install/rm_serial_driver/share/rm_serial_driver/cmake/ament_cmake_export_include_directories-extras.cmake
[9.126s] -- Installing: /home/tars-go/sb/install/rm_serial_driver/share/rm_serial_driver/cmake/ament_cmake_export_libraries-extras.cmake
[9.126s] -- Installing: /home/tars-go/sb/install/rm_serial_driver/share/rm_serial_driver/cmake/rm_serial_driverConfig.cmake
[9.126s] -- Installing: /home/tars-go/sb/install/rm_serial_driver/share/rm_serial_driver/cmake/rm_serial_driverConfig-version.cmake
[9.126s] -- Installing: /home/tars-go/sb/install/rm_serial_driver/share/rm_serial_driver/package.xml
[9.127s] Invoked command in '/home/tars-go/sb/build/rm_serial_driver' returned '0': AMENT_PREFIX_PATH=/home/tars-go/sb/install/auto_aim_interfaces:${AMENT_PREFIX_PATH} CMAKE_PREFIX_PATH=/home/tars-go/sb/install/auto_aim_interfaces:/opt/ros/humble LD_LIBRARY_PATH=/home/tars-go/sb/install/auto_aim_interfaces/lib:/opt/ros/humble/opt/rviz_ogre_vendor/lib:/opt/ros/humble/lib/x86_64-linux-gnu:/opt/ros/humble/lib:/opt/MVS/lib/64:/opt/MVS/lib/32:/opt/MVS/lib/64:/opt/MVS/lib/32 PYTHONPATH=/home/tars-go/sb/install/auto_aim_interfaces/local/lib/python3.10/dist-packages:${PYTHONPATH} /usr/bin/cmake --install /home/tars-go/sb/build/rm_serial_driver
