-- Found ament_cmake_auto: 1.3.6 (/opt/ros/humble/share/ament_cmake_auto/cmake)
-- Found rosidl_generator_c: 3.1.5 (/opt/ros/humble/share/rosidl_generator_c/cmake)
-- Found rosidl_adapter: 3.1.5 (/opt/ros/humble/share/rosidl_adapter/cmake)
-- Found rosidl_generator_cpp: 3.1.5 (/opt/ros/humble/share/rosidl_generator_cpp/cmake)
-- Using all available rosidl_typesupport_c: rosidl_typesupport_fastrtps_c;rosidl_typesupport_introspection_c
-- Using all available rosidl_typesupport_cpp: rosidl_typesupport_fastrtps_cpp;rosidl_typesupport_introspection_cpp
-- Found rmw_implementation_cmake: 6.1.1 (/opt/ros/humble/share/rmw_implementation_cmake/cmake)
-- Found rmw_fastrtps_cpp: 6.2.5 (/opt/ros/humble/share/rmw_fastrtps_cpp/cmake)
-- Using RMW implementation 'rmw_fastrtps_cpp' as default
-- Found ament_lint_auto: 0.12.9 (/opt/ros/humble/share/ament_lint_auto/cmake)
-- Added test 'cppcheck' to perform static code analysis on C / C++ code
-- Configured cppcheck include dirs: /home/tars-go/sb/src/rm_vision_ros2_galaxy_camera-master/GalaxySDK/include
-- Configured cppcheck exclude dirs and/or files: 
-- Added test 'flake8' to check Python code syntax and style conventions
-- Added test 'lint_cmake' to check CMake code style
-- Added test 'pep257' to check Python code against some of the docstring style conventions in PEP 257
-- Added test 'xmllint' to check XML markup files
-- Configuring done
-- Generating done
-- Build files have been written to: /home/tars-go/sb/build/galaxy_camera
[35m[1mConsolidate compiler generated dependencies of target galaxy_camera[0m
[35m[1mConsolidate compiler generated dependencies of target galaxy_camera_node[0m
[ 50%] Built target galaxy_camera
[100%] Built target galaxy_camera_node
-- Install configuration: ""
-- Up-to-date: /home/tars-go/sb/install/galaxy_camera/lib
-- Up-to-date: /home/tars-go/sb/install/galaxy_camera/lib/GxGVTL.cti
-- Up-to-date: /home/tars-go/sb/install/galaxy_camera/lib/bc4b08373788f18282ff1e747a98dd6c21a8b629.cache
-- Up-to-date: /home/tars-go/sb/install/galaxy_camera/lib/GxU3VTL.cti
-- Up-to-date: /home/tars-go/sb/install/galaxy_camera/lib/libgxiapi.so
-- Up-to-date: /home/tars-go/sb/install/galaxy_camera/lib/galaxy_camera/galaxy_camera_node
-- Up-to-date: /home/tars-go/sb/install/galaxy_camera/share/galaxy_camera/environment/library_path.sh
-- Installing: /home/tars-go/sb/install/galaxy_camera/share/galaxy_camera/environment/library_path.dsv
-- Up-to-date: /home/tars-go/sb/install/galaxy_camera/lib/libgalaxy_camera.so
-- Up-to-date: /home/tars-go/sb/install/galaxy_camera/share/galaxy_camera/config
-- Up-to-date: /home/tars-go/sb/install/galaxy_camera/share/galaxy_camera/config/camera_params.yaml
-- Up-to-date: /home/tars-go/sb/install/galaxy_camera/share/galaxy_camera/config/camera_info.yaml
-- Up-to-date: /home/tars-go/sb/install/galaxy_camera/share/galaxy_camera/launch
-- Up-to-date: /home/tars-go/sb/install/galaxy_camera/share/galaxy_camera/launch/galaxy_camera.launch.py
-- Up-to-date: /home/tars-go/sb/install/galaxy_camera/share/ament_index/resource_index/package_run_dependencies/galaxy_camera
-- Up-to-date: /home/tars-go/sb/install/galaxy_camera/share/ament_index/resource_index/parent_prefix_path/galaxy_camera
-- Up-to-date: /home/tars-go/sb/install/galaxy_camera/share/galaxy_camera/environment/ament_prefix_path.sh
-- Installing: /home/tars-go/sb/install/galaxy_camera/share/galaxy_camera/environment/ament_prefix_path.dsv
-- Up-to-date: /home/tars-go/sb/install/galaxy_camera/share/galaxy_camera/environment/path.sh
-- Installing: /home/tars-go/sb/install/galaxy_camera/share/galaxy_camera/environment/path.dsv
-- Up-to-date: /home/tars-go/sb/install/galaxy_camera/share/galaxy_camera/local_setup.bash
-- Up-to-date: /home/tars-go/sb/install/galaxy_camera/share/galaxy_camera/local_setup.sh
-- Up-to-date: /home/tars-go/sb/install/galaxy_camera/share/galaxy_camera/local_setup.zsh
-- Installing: /home/tars-go/sb/install/galaxy_camera/share/galaxy_camera/local_setup.dsv
-- Installing: /home/tars-go/sb/install/galaxy_camera/share/galaxy_camera/package.dsv
-- Up-to-date: /home/tars-go/sb/install/galaxy_camera/share/ament_index/resource_index/packages/galaxy_camera
-- Up-to-date: /home/tars-go/sb/install/galaxy_camera/share/ament_index/resource_index/rclcpp_components/galaxy_camera
-- Up-to-date: /home/tars-go/sb/install/galaxy_camera/share/galaxy_camera/cmake/ament_cmake_export_dependencies-extras.cmake
-- Up-to-date: /home/tars-go/sb/install/galaxy_camera/share/galaxy_camera/cmake/ament_cmake_export_libraries-extras.cmake
-- Up-to-date: /home/tars-go/sb/install/galaxy_camera/share/galaxy_camera/cmake/galaxy_cameraConfig.cmake
-- Up-to-date: /home/tars-go/sb/install/galaxy_camera/share/galaxy_camera/cmake/galaxy_cameraConfig-version.cmake
-- Up-to-date: /home/tars-go/sb/install/galaxy_camera/share/galaxy_camera/package.xml
