[0.039s] Invoking command in '/home/tars-go/sb/build/rm_vision_bringup': CMAKE_PREFIX_PATH=/home/tars-go/sb/install/rm_auto_aim:/home/tars-go/sb/install/rm_serial_driver:/home/tars-go/sb/install/armor_tracker:/home/tars-go/sb/install/armor_detector:/home/tars-go/sb/install/auto_aim_interfaces:/home/tars-go/sb/install/rm_vision_bringup:/home/tars-go/sb/install/rm_gimbal_description:/home/tars-go/sb/install/mindvision_camera:/home/tars-go/sb/install/hik_camera:/home/tars-go/sb/install/galaxy_camera:/opt/ros/humble LD_LIBRARY_PATH=/home/tars-go/sb/install/rm_serial_driver/lib:/home/tars-go/sb/install/armor_tracker/lib:/home/tars-go/sb/install/armor_detector/lib:/home/tars-go/sb/install/auto_aim_interfaces/lib:/home/tars-go/sb/install/mindvision_camera/lib:/home/tars-go/sb/install/hik_camera/lib:/home/tars-go/sb/install/galaxy_camera/lib:/opt/MVS/lib/64:/opt/MVS/lib/32:/opt/ros/humble/opt/rviz_ogre_vendor/lib:/opt/ros/humble/lib/x86_64-linux-gnu:/opt/ros/humble/lib:/opt/MVS/lib/64:/opt/MVS/lib/32 /usr/bin/cmake /home/tars-go/sb/src/rm_vision/rm_vision-main/rm_vision-main/rm_vision_bringup -DCMAKE_BUILD_TYPE=RelWithDebInfo -DCMAKE_INSTALL_PREFIX=/home/tars-go/sb/install/rm_vision_bringup
[0.047s] -- Found ament_cmake_auto: 1.3.6 (/opt/ros/humble/share/ament_cmake_auto/cmake)
[0.143s] -- Found ament_lint_auto: 0.12.9 (/opt/ros/humble/share/ament_lint_auto/cmake)
[0.184s] -- Configuring done
[0.187s] -- Generating done
[0.188s] -- Build files have been written to: /home/tars-go/sb/build/rm_vision_bringup
[0.191s] Invoked command in '/home/tars-go/sb/build/rm_vision_bringup' returned '0': CMAKE_PREFIX_PATH=/home/tars-go/sb/install/rm_auto_aim:/home/tars-go/sb/install/rm_serial_driver:/home/tars-go/sb/install/armor_tracker:/home/tars-go/sb/install/armor_detector:/home/tars-go/sb/install/auto_aim_interfaces:/home/tars-go/sb/install/rm_vision_bringup:/home/tars-go/sb/install/rm_gimbal_description:/home/tars-go/sb/install/mindvision_camera:/home/tars-go/sb/install/hik_camera:/home/tars-go/sb/install/galaxy_camera:/opt/ros/humble LD_LIBRARY_PATH=/home/tars-go/sb/install/rm_serial_driver/lib:/home/tars-go/sb/install/armor_tracker/lib:/home/tars-go/sb/install/armor_detector/lib:/home/tars-go/sb/install/auto_aim_interfaces/lib:/home/tars-go/sb/install/mindvision_camera/lib:/home/tars-go/sb/install/hik_camera/lib:/home/tars-go/sb/install/galaxy_camera/lib:/opt/MVS/lib/64:/opt/MVS/lib/32:/opt/ros/humble/opt/rviz_ogre_vendor/lib:/opt/ros/humble/lib/x86_64-linux-gnu:/opt/ros/humble/lib:/opt/MVS/lib/64:/opt/MVS/lib/32 /usr/bin/cmake /home/tars-go/sb/src/rm_vision/rm_vision-main/rm_vision-main/rm_vision_bringup -DCMAKE_BUILD_TYPE=RelWithDebInfo -DCMAKE_INSTALL_PREFIX=/home/tars-go/sb/install/rm_vision_bringup
[0.192s] Invoking command in '/home/tars-go/sb/build/rm_vision_bringup': CMAKE_PREFIX_PATH=/home/tars-go/sb/install/rm_auto_aim:/home/tars-go/sb/install/rm_serial_driver:/home/tars-go/sb/install/armor_tracker:/home/tars-go/sb/install/armor_detector:/home/tars-go/sb/install/auto_aim_interfaces:/home/tars-go/sb/install/rm_vision_bringup:/home/tars-go/sb/install/rm_gimbal_description:/home/tars-go/sb/install/mindvision_camera:/home/tars-go/sb/install/hik_camera:/home/tars-go/sb/install/galaxy_camera:/opt/ros/humble LD_LIBRARY_PATH=/home/tars-go/sb/install/rm_serial_driver/lib:/home/tars-go/sb/install/armor_tracker/lib:/home/tars-go/sb/install/armor_detector/lib:/home/tars-go/sb/install/auto_aim_interfaces/lib:/home/tars-go/sb/install/mindvision_camera/lib:/home/tars-go/sb/install/hik_camera/lib:/home/tars-go/sb/install/galaxy_camera/lib:/opt/MVS/lib/64:/opt/MVS/lib/32:/opt/ros/humble/opt/rviz_ogre_vendor/lib:/opt/ros/humble/lib/x86_64-linux-gnu:/opt/ros/humble/lib:/opt/MVS/lib/64:/opt/MVS/lib/32 /usr/bin/cmake --build /home/tars-go/sb/build/rm_vision_bringup -- -j16 -l16
[0.216s] Invoked command in '/home/tars-go/sb/build/rm_vision_bringup' returned '0': CMAKE_PREFIX_PATH=/home/tars-go/sb/install/rm_auto_aim:/home/tars-go/sb/install/rm_serial_driver:/home/tars-go/sb/install/armor_tracker:/home/tars-go/sb/install/armor_detector:/home/tars-go/sb/install/auto_aim_interfaces:/home/tars-go/sb/install/rm_vision_bringup:/home/tars-go/sb/install/rm_gimbal_description:/home/tars-go/sb/install/mindvision_camera:/home/tars-go/sb/install/hik_camera:/home/tars-go/sb/install/galaxy_camera:/opt/ros/humble LD_LIBRARY_PATH=/home/tars-go/sb/install/rm_serial_driver/lib:/home/tars-go/sb/install/armor_tracker/lib:/home/tars-go/sb/install/armor_detector/lib:/home/tars-go/sb/install/auto_aim_interfaces/lib:/home/tars-go/sb/install/mindvision_camera/lib:/home/tars-go/sb/install/hik_camera/lib:/home/tars-go/sb/install/galaxy_camera/lib:/opt/MVS/lib/64:/opt/MVS/lib/32:/opt/ros/humble/opt/rviz_ogre_vendor/lib:/opt/ros/humble/lib/x86_64-linux-gnu:/opt/ros/humble/lib:/opt/MVS/lib/64:/opt/MVS/lib/32 /usr/bin/cmake --build /home/tars-go/sb/build/rm_vision_bringup -- -j16 -l16
[0.232s] Invoking command in '/home/tars-go/sb/build/rm_vision_bringup': CMAKE_PREFIX_PATH=/home/tars-go/sb/install/rm_auto_aim:/home/tars-go/sb/install/rm_serial_driver:/home/tars-go/sb/install/armor_tracker:/home/tars-go/sb/install/armor_detector:/home/tars-go/sb/install/auto_aim_interfaces:/home/tars-go/sb/install/rm_vision_bringup:/home/tars-go/sb/install/rm_gimbal_description:/home/tars-go/sb/install/mindvision_camera:/home/tars-go/sb/install/hik_camera:/home/tars-go/sb/install/galaxy_camera:/opt/ros/humble LD_LIBRARY_PATH=/home/tars-go/sb/install/rm_serial_driver/lib:/home/tars-go/sb/install/armor_tracker/lib:/home/tars-go/sb/install/armor_detector/lib:/home/tars-go/sb/install/auto_aim_interfaces/lib:/home/tars-go/sb/install/mindvision_camera/lib:/home/tars-go/sb/install/hik_camera/lib:/home/tars-go/sb/install/galaxy_camera/lib:/opt/MVS/lib/64:/opt/MVS/lib/32:/opt/ros/humble/opt/rviz_ogre_vendor/lib:/opt/ros/humble/lib/x86_64-linux-gnu:/opt/ros/humble/lib:/opt/MVS/lib/64:/opt/MVS/lib/32 /usr/bin/cmake --install /home/tars-go/sb/build/rm_vision_bringup
[0.237s] -- Install configuration: "RelWithDebInfo"
[0.237s] -- Up-to-date: /home/tars-go/sb/install/rm_vision_bringup/share/rm_vision_bringup/launch
[0.238s] -- Up-to-date: /home/tars-go/sb/install/rm_vision_bringup/share/rm_vision_bringup/launch/vision_bringup.launch.py
[0.238s] -- Up-to-date: /home/tars-go/sb/install/rm_vision_bringup/share/rm_vision_bringup/launch/common.py
[0.238s] -- Up-to-date: /home/tars-go/sb/install/rm_vision_bringup/share/rm_vision_bringup/launch/no_hardware.launch.py
[0.238s] -- Up-to-date: /home/tars-go/sb/install/rm_vision_bringup/share/rm_vision_bringup/config
[0.238s] -- Up-to-date: /home/tars-go/sb/install/rm_vision_bringup/share/rm_vision_bringup/config/node_params.yaml
[0.238s] -- Up-to-date: /home/tars-go/sb/install/rm_vision_bringup/share/rm_vision_bringup/config/launch_params.yaml
[0.238s] -- Up-to-date: /home/tars-go/sb/install/rm_vision_bringup/share/rm_vision_bringup/config/camera_info.yaml
[0.238s] -- Up-to-date: /home/tars-go/sb/install/rm_vision_bringup/share/ament_index/resource_index/package_run_dependencies/rm_vision_bringup
[0.238s] -- Installing: /home/tars-go/sb/install/rm_vision_bringup/share/ament_index/resource_index/parent_prefix_path/rm_vision_bringup
[0.238s] -- Up-to-date: /home/tars-go/sb/install/rm_vision_bringup/share/rm_vision_bringup/environment/ament_prefix_path.sh
[0.239s] -- Installing: /home/tars-go/sb/install/rm_vision_bringup/share/rm_vision_bringup/environment/ament_prefix_path.dsv
[0.239s] -- Up-to-date: /home/tars-go/sb/install/rm_vision_bringup/share/rm_vision_bringup/environment/path.sh
[0.239s] -- Installing: /home/tars-go/sb/install/rm_vision_bringup/share/rm_vision_bringup/environment/path.dsv
[0.239s] -- Up-to-date: /home/tars-go/sb/install/rm_vision_bringup/share/rm_vision_bringup/local_setup.bash
[0.239s] -- Up-to-date: /home/tars-go/sb/install/rm_vision_bringup/share/rm_vision_bringup/local_setup.sh
[0.239s] -- Up-to-date: /home/tars-go/sb/install/rm_vision_bringup/share/rm_vision_bringup/local_setup.zsh
[0.239s] -- Installing: /home/tars-go/sb/install/rm_vision_bringup/share/rm_vision_bringup/local_setup.dsv
[0.239s] -- Installing: /home/tars-go/sb/install/rm_vision_bringup/share/rm_vision_bringup/package.dsv
[0.239s] -- Up-to-date: /home/tars-go/sb/install/rm_vision_bringup/share/ament_index/resource_index/packages/rm_vision_bringup
[0.239s] -- Up-to-date: /home/tars-go/sb/install/rm_vision_bringup/share/rm_vision_bringup/cmake/rm_vision_bringupConfig.cmake
[0.239s] -- Up-to-date: /home/tars-go/sb/install/rm_vision_bringup/share/rm_vision_bringup/cmake/rm_vision_bringupConfig-version.cmake
[0.239s] -- Up-to-date: /home/tars-go/sb/install/rm_vision_bringup/share/rm_vision_bringup/package.xml
[0.240s] Invoked command in '/home/tars-go/sb/build/rm_vision_bringup' returned '0': CMAKE_PREFIX_PATH=/home/tars-go/sb/install/rm_auto_aim:/home/tars-go/sb/install/rm_serial_driver:/home/tars-go/sb/install/armor_tracker:/home/tars-go/sb/install/armor_detector:/home/tars-go/sb/install/auto_aim_interfaces:/home/tars-go/sb/install/rm_vision_bringup:/home/tars-go/sb/install/rm_gimbal_description:/home/tars-go/sb/install/mindvision_camera:/home/tars-go/sb/install/hik_camera:/home/tars-go/sb/install/galaxy_camera:/opt/ros/humble LD_LIBRARY_PATH=/home/tars-go/sb/install/rm_serial_driver/lib:/home/tars-go/sb/install/armor_tracker/lib:/home/tars-go/sb/install/armor_detector/lib:/home/tars-go/sb/install/auto_aim_interfaces/lib:/home/tars-go/sb/install/mindvision_camera/lib:/home/tars-go/sb/install/hik_camera/lib:/home/tars-go/sb/install/galaxy_camera/lib:/opt/MVS/lib/64:/opt/MVS/lib/32:/opt/ros/humble/opt/rviz_ogre_vendor/lib:/opt/ros/humble/lib/x86_64-linux-gnu:/opt/ros/humble/lib:/opt/MVS/lib/64:/opt/MVS/lib/32 /usr/bin/cmake --install /home/tars-go/sb/build/rm_vision_bringup
