[0.076s] Invoking command in '/home/tars-go/sb/build/mindvision_camera': CMAKE_PREFIX_PATH=/opt/ros/humble /usr/bin/cmake --build /home/tars-go/sb/build/mindvision_camera -- -j16 -l16
[0.098s] [35m[1mConsolidate compiler generated dependencies of target mindvision_camera[0m
[0.102s] [35m[1mConsolidate compiler generated dependencies of target mindvision_camera_node[0m
[0.112s] [ 50%] Built target mindvision_camera
[0.121s] [100%] Built target mindvision_camera_node
[0.140s] Invoked command in '/home/tars-go/sb/build/mindvision_camera' returned '0': CMAKE_PREFIX_PATH=/opt/ros/humble /usr/bin/cmake --build /home/tars-go/sb/build/mindvision_camera -- -j16 -l16
[0.191s] Invoking command in '/home/tars-go/sb/build/mindvision_camera': CMAKE_PREFIX_PATH=/opt/ros/humble /usr/bin/cmake --install /home/tars-go/sb/build/mindvision_camera
[0.199s] -- Install configuration: ""
[0.199s] -- Up-to-date: /home/tars-go/sb/install/mindvision_camera/lib/mindvision_camera/mindvision_camera_node
[0.199s] -- Up-to-date: /home/tars-go/sb/install/mindvision_camera/share/mindvision_camera/environment/library_path.sh
[0.199s] -- Up-to-date: /home/tars-go/sb/install/mindvision_camera/share/mindvision_camera/environment/library_path.dsv
[0.199s] -- Up-to-date: /home/tars-go/sb/install/mindvision_camera/lib/libmindvision_camera.so
[0.200s] -- Up-to-date: /home/tars-go/sb/install/mindvision_camera/share/mindvision_camera/config
[0.200s] -- Up-to-date: /home/tars-go/sb/install/mindvision_camera/share/mindvision_camera/config/camera_params.yaml
[0.200s] -- Up-to-date: /home/tars-go/sb/install/mindvision_camera/share/mindvision_camera/config/camera_info.yaml
[0.200s] -- Up-to-date: /home/tars-go/sb/install/mindvision_camera/share/mindvision_camera/launch
[0.200s] -- Up-to-date: /home/tars-go/sb/install/mindvision_camera/share/mindvision_camera/launch/mv_launch.py
[0.200s] -- Up-to-date: /home/tars-go/sb/install/mindvision_camera/share/ament_index/resource_index/package_run_dependencies/mindvision_camera
[0.200s] -- Up-to-date: /home/tars-go/sb/install/mindvision_camera/share/ament_index/resource_index/parent_prefix_path/mindvision_camera
[0.200s] -- Up-to-date: /home/tars-go/sb/install/mindvision_camera/share/mindvision_camera/environment/ament_prefix_path.sh
[0.200s] -- Up-to-date: /home/tars-go/sb/install/mindvision_camera/share/mindvision_camera/environment/ament_prefix_path.dsv
[0.200s] -- Up-to-date: /home/tars-go/sb/install/mindvision_camera/share/mindvision_camera/environment/path.sh
[0.200s] -- Up-to-date: /home/tars-go/sb/install/mindvision_camera/share/mindvision_camera/environment/path.dsv
[0.200s] -- Up-to-date: /home/tars-go/sb/install/mindvision_camera/share/mindvision_camera/local_setup.bash
[0.200s] -- Up-to-date: /home/tars-go/sb/install/mindvision_camera/share/mindvision_camera/local_setup.sh
[0.201s] -- Up-to-date: /home/tars-go/sb/install/mindvision_camera/share/mindvision_camera/local_setup.zsh
[0.201s] -- Up-to-date: /home/tars-go/sb/install/mindvision_camera/share/mindvision_camera/local_setup.dsv
[0.201s] -- Installing: /home/tars-go/sb/install/mindvision_camera/share/mindvision_camera/package.dsv
[0.201s] -- Up-to-date: /home/tars-go/sb/install/mindvision_camera/share/ament_index/resource_index/packages/mindvision_camera
[0.201s] -- Up-to-date: /home/tars-go/sb/install/mindvision_camera/share/ament_index/resource_index/rclcpp_components/mindvision_camera
[0.202s] -- Up-to-date: /home/tars-go/sb/install/mindvision_camera/share/mindvision_camera/cmake/ament_cmake_export_dependencies-extras.cmake
[0.202s] -- Up-to-date: /home/tars-go/sb/install/mindvision_camera/share/mindvision_camera/cmake/ament_cmake_export_libraries-extras.cmake
[0.202s] -- Up-to-date: /home/tars-go/sb/install/mindvision_camera/share/mindvision_camera/cmake/mindvision_cameraConfig.cmake
[0.203s] -- Up-to-date: /home/tars-go/sb/install/mindvision_camera/share/mindvision_camera/cmake/mindvision_cameraConfig-version.cmake
[0.203s] -- Up-to-date: /home/tars-go/sb/install/mindvision_camera/share/mindvision_camera/package.xml
[0.303s] Invoked command in '/home/tars-go/sb/build/mindvision_camera' returned '0': CMAKE_PREFIX_PATH=/opt/ros/humble /usr/bin/cmake --install /home/tars-go/sb/build/mindvision_camera
