[0.085s] Invoking command in '/home/tars-go/sb/build/armor_detector': AMENT_PREFIX_PATH=/home/tars-go/sb/install/auto_aim_interfaces:${AMENT_PREFIX_PATH} CMAKE_PREFIX_PATH=/home/tars-go/sb/install/auto_aim_interfaces:/opt/ros/humble LD_LIBRARY_PATH=/home/tars-go/sb/install/auto_aim_interfaces/lib:/opt/ros/humble/opt/rviz_ogre_vendor/lib:/opt/ros/humble/lib/x86_64-linux-gnu:/opt/ros/humble/lib:/opt/MVS/lib/64:/opt/MVS/lib/32:/opt/MVS/lib/64:/opt/MVS/lib/32 PYTHONPATH=/home/tars-go/sb/install/auto_aim_interfaces/local/lib/python3.10/dist-packages:${PYTHONPATH} /usr/bin/cmake --build /home/tars-go/sb/build/armor_detector -- -j16 -l16
[0.115s] [35m[1mConsolidate compiler generated dependencies of target gtest[0m
[0.117s] [35m[1mConsolidate compiler generated dependencies of target gtest_main[0m
[0.117s] [35m[1mConsolidate compiler generated dependencies of target armor_detector_node[0m
[0.119s] [35m[1mConsolidate compiler generated dependencies of target armor_detector[0m
[0.125s] [ 13%] Built target gtest
[0.129s] [ 26%] Built target gtest_main
[0.135s] [ 40%] Built target armor_detector_node
[0.142s] [ 73%] Built target armor_detector
[0.149s] [35m[1mConsolidate compiler generated dependencies of target test_node_startup[0m
[0.153s] [35m[1mConsolidate compiler generated dependencies of target test_number_cls[0m
[0.164s] [ 86%] Built target test_number_cls
[0.164s] [100%] Built target test_node_startup
[0.173s] Invoked command in '/home/tars-go/sb/build/armor_detector' returned '0': AMENT_PREFIX_PATH=/home/tars-go/sb/install/auto_aim_interfaces:${AMENT_PREFIX_PATH} CMAKE_PREFIX_PATH=/home/tars-go/sb/install/auto_aim_interfaces:/opt/ros/humble LD_LIBRARY_PATH=/home/tars-go/sb/install/auto_aim_interfaces/lib:/opt/ros/humble/opt/rviz_ogre_vendor/lib:/opt/ros/humble/lib/x86_64-linux-gnu:/opt/ros/humble/lib:/opt/MVS/lib/64:/opt/MVS/lib/32:/opt/MVS/lib/64:/opt/MVS/lib/32 PYTHONPATH=/home/tars-go/sb/install/auto_aim_interfaces/local/lib/python3.10/dist-packages:${PYTHONPATH} /usr/bin/cmake --build /home/tars-go/sb/build/armor_detector -- -j16 -l16
[0.243s] Invoking command in '/home/tars-go/sb/build/armor_detector': AMENT_PREFIX_PATH=/home/tars-go/sb/install/auto_aim_interfaces:${AMENT_PREFIX_PATH} CMAKE_PREFIX_PATH=/home/tars-go/sb/install/auto_aim_interfaces:/opt/ros/humble LD_LIBRARY_PATH=/home/tars-go/sb/install/auto_aim_interfaces/lib:/opt/ros/humble/opt/rviz_ogre_vendor/lib:/opt/ros/humble/lib/x86_64-linux-gnu:/opt/ros/humble/lib:/opt/MVS/lib/64:/opt/MVS/lib/32:/opt/MVS/lib/64:/opt/MVS/lib/32 PYTHONPATH=/home/tars-go/sb/install/auto_aim_interfaces/local/lib/python3.10/dist-packages:${PYTHONPATH} /usr/bin/cmake --install /home/tars-go/sb/build/armor_detector
[0.249s] -- Install configuration: ""
[0.249s] -- Installing: /home/tars-go/sb/install/armor_detector/lib/armor_detector/armor_detector_node
[0.250s] -- Set runtime path of "/home/tars-go/sb/install/armor_detector/lib/armor_detector/armor_detector_node" to ""
[0.250s] -- Installing: /home/tars-go/sb/install/armor_detector/include
[0.250s] -- Installing: /home/tars-go/sb/install/armor_detector/include/armor_detector
[0.250s] -- Installing: /home/tars-go/sb/install/armor_detector/include/armor_detector/detector.hpp
[0.250s] -- Installing: /home/tars-go/sb/install/armor_detector/include/armor_detector/armor.hpp
[0.250s] -- Installing: /home/tars-go/sb/install/armor_detector/include/armor_detector/number_classifier.hpp
[0.250s] -- Installing: /home/tars-go/sb/install/armor_detector/include/armor_detector/pnp_solver.hpp
[0.250s] -- Installing: /home/tars-go/sb/install/armor_detector/include/armor_detector/detector_node.hpp
[0.250s] -- Installing: /home/tars-go/sb/install/armor_detector/share/armor_detector/environment/library_path.sh
[0.251s] -- Installing: /home/tars-go/sb/install/armor_detector/share/armor_detector/environment/library_path.dsv
[0.251s] -- Installing: /home/tars-go/sb/install/armor_detector/lib/libarmor_detector.so
[0.264s] -- Set runtime path of "/home/tars-go/sb/install/armor_detector/lib/libarmor_detector.so" to ""
[0.264s] -- Installing: /home/tars-go/sb/install/armor_detector/share/armor_detector/model
[0.264s] -- Installing: /home/tars-go/sb/install/armor_detector/share/armor_detector/model/mlp.onnx
[0.264s] -- Installing: /home/tars-go/sb/install/armor_detector/share/armor_detector/model/label.txt
[0.265s] -- Installing: /home/tars-go/sb/install/armor_detector/share/ament_index/resource_index/package_run_dependencies/armor_detector
[0.265s] -- Installing: /home/tars-go/sb/install/armor_detector/share/ament_index/resource_index/parent_prefix_path/armor_detector
[0.265s] -- Installing: /home/tars-go/sb/install/armor_detector/share/armor_detector/environment/ament_prefix_path.sh
[0.265s] -- Installing: /home/tars-go/sb/install/armor_detector/share/armor_detector/environment/ament_prefix_path.dsv
[0.265s] -- Installing: /home/tars-go/sb/install/armor_detector/share/armor_detector/environment/path.sh
[0.265s] -- Installing: /home/tars-go/sb/install/armor_detector/share/armor_detector/environment/path.dsv
[0.265s] -- Installing: /home/tars-go/sb/install/armor_detector/share/armor_detector/local_setup.bash
[0.265s] -- Installing: /home/tars-go/sb/install/armor_detector/share/armor_detector/local_setup.sh
[0.266s] -- Installing: /home/tars-go/sb/install/armor_detector/share/armor_detector/local_setup.zsh
[0.266s] -- Installing: /home/tars-go/sb/install/armor_detector/share/armor_detector/local_setup.dsv
[0.266s] -- Installing: /home/tars-go/sb/install/armor_detector/share/armor_detector/package.dsv
[0.266s] -- Installing: /home/tars-go/sb/install/armor_detector/share/ament_index/resource_index/packages/armor_detector
[0.266s] -- Installing: /home/tars-go/sb/install/armor_detector/share/ament_index/resource_index/rclcpp_components/armor_detector
[0.266s] -- Installing: /home/tars-go/sb/install/armor_detector/share/armor_detector/cmake/ament_cmake_export_dependencies-extras.cmake
[0.266s] -- Installing: /home/tars-go/sb/install/armor_detector/share/armor_detector/cmake/ament_cmake_export_include_directories-extras.cmake
[0.266s] -- Installing: /home/tars-go/sb/install/armor_detector/share/armor_detector/cmake/ament_cmake_export_libraries-extras.cmake
[0.267s] -- Installing: /home/tars-go/sb/install/armor_detector/share/armor_detector/cmake/armor_detectorConfig.cmake
[0.267s] -- Installing: /home/tars-go/sb/install/armor_detector/share/armor_detector/cmake/armor_detectorConfig-version.cmake
[0.267s] -- Installing: /home/tars-go/sb/install/armor_detector/share/armor_detector/package.xml
