[0.088s] Invoking command in '/home/tars-go/sb/build/rm_serial_driver': CMAKE_PREFIX_PATH=/home/tars-go/sb/install/auto_aim_interfaces:/home/tars-go/sb/install/rm_vision_bringup:/home/tars-go/sb/install/rm_serial_driver:/home/tars-go/sb/install/rm_gimbal_description:/home/tars-go/sb/install/rm_auto_aim:/home/tars-go/sb/install/mindvision_camera:/home/tars-go/sb/install/hik_camera:/home/tars-go/sb/install/galaxy_camera:/home/tars-go/sb/install/armor_tracker:/home/tars-go/sb/install/armor_detector:/opt/ros/humble LD_LIBRARY_PATH=/home/tars-go/sb/install/auto_aim_interfaces/lib:/home/tars-go/sb/install/rm_serial_driver/lib:/home/tars-go/sb/install/mindvision_camera/lib:/home/tars-go/sb/install/hik_camera/lib:/home/tars-go/sb/install/galaxy_camera/lib:/home/tars-go/sb/install/armor_tracker/lib:/home/tars-go/sb/install/armor_detector/lib:/opt/MVS/lib/64:/opt/MVS/lib/32:/opt/ros/humble/opt/rviz_ogre_vendor/lib:/opt/ros/humble/lib/x86_64-linux-gnu:/opt/ros/humble/lib:/opt/MVS/lib/64:/opt/MVS/lib/32 /usr/bin/cmake /home/tars-go/sb/src/rm_vision/rm_serial_driver-main/rm_serial_driver-main -DCMAKE_BUILD_TYPE=RelWithDebInfo -DCMAKE_INSTALL_PREFIX=/home/tars-go/sb/install/rm_serial_driver
[0.102s] -- Found ament_cmake_auto: 1.3.6 (/opt/ros/humble/share/ament_cmake_auto/cmake)
[0.425s] -- Found rosidl_generator_c: 3.1.5 (/opt/ros/humble/share/rosidl_generator_c/cmake)
[0.428s] -- Found rosidl_adapter: 3.1.5 (/opt/ros/humble/share/rosidl_adapter/cmake)
[0.437s] -- Found rosidl_generator_cpp: 3.1.5 (/opt/ros/humble/share/rosidl_generator_cpp/cmake)
[0.452s] -- Using all available rosidl_typesupport_c: rosidl_typesupport_fastrtps_c;rosidl_typesupport_introspection_c
[0.474s] -- Using all available rosidl_typesupport_cpp: rosidl_typesupport_fastrtps_cpp;rosidl_typesupport_introspection_cpp
[0.550s] -- Found rmw_implementation_cmake: 6.1.1 (/opt/ros/humble/share/rmw_implementation_cmake/cmake)
[0.552s] -- Found rmw_fastrtps_cpp: 6.2.5 (/opt/ros/humble/share/rmw_fastrtps_cpp/cmake)
[0.706s] -- Using RMW implementation 'rmw_fastrtps_cpp' as default
[1.605s] -- Found eigen3_cmake_module: 0.1.1 (/opt/ros/humble/share/eigen3_cmake_module/cmake)
[1.607s] -- Ensuring Eigen3 include directory is part of orocos-kdl CMake target
[2.303s] -- Found ament_lint_auto: 0.12.9 (/opt/ros/humble/share/ament_lint_auto/cmake)
[2.323s] -- Added test 'cppcheck' to perform static code analysis on C / C++ code
[2.324s] -- Configured cppcheck include dirs: /home/tars-go/sb/src/rm_vision/rm_serial_driver-main/rm_serial_driver-main/include
[2.324s] -- Configured cppcheck exclude dirs and/or files: 
[2.326s] -- Added test 'cpplint' to check C / C++ code against the Google style
[2.326s] -- Configured cpplint exclude dirs and/or files: 
[2.328s] -- Added test 'flake8' to check Python code syntax and style conventions
[2.328s] -- Added test 'lint_cmake' to check CMake code style
[2.329s] -- Added test 'pep257' to check Python code against some of the docstring style conventions in PEP 257
[2.330s] -- Added test 'xmllint' to check XML markup files
[2.331s] -- Added test 'clang_format' to check C / C++ code style
[2.333s] -- Configuring done
[2.391s] -- Generating done
[2.402s] -- Build files have been written to: /home/tars-go/sb/build/rm_serial_driver
[2.417s] Invoked command in '/home/tars-go/sb/build/rm_serial_driver' returned '0': CMAKE_PREFIX_PATH=/home/tars-go/sb/install/auto_aim_interfaces:/home/tars-go/sb/install/rm_vision_bringup:/home/tars-go/sb/install/rm_serial_driver:/home/tars-go/sb/install/rm_gimbal_description:/home/tars-go/sb/install/rm_auto_aim:/home/tars-go/sb/install/mindvision_camera:/home/tars-go/sb/install/hik_camera:/home/tars-go/sb/install/galaxy_camera:/home/tars-go/sb/install/armor_tracker:/home/tars-go/sb/install/armor_detector:/opt/ros/humble LD_LIBRARY_PATH=/home/tars-go/sb/install/auto_aim_interfaces/lib:/home/tars-go/sb/install/rm_serial_driver/lib:/home/tars-go/sb/install/mindvision_camera/lib:/home/tars-go/sb/install/hik_camera/lib:/home/tars-go/sb/install/galaxy_camera/lib:/home/tars-go/sb/install/armor_tracker/lib:/home/tars-go/sb/install/armor_detector/lib:/opt/MVS/lib/64:/opt/MVS/lib/32:/opt/ros/humble/opt/rviz_ogre_vendor/lib:/opt/ros/humble/lib/x86_64-linux-gnu:/opt/ros/humble/lib:/opt/MVS/lib/64:/opt/MVS/lib/32 /usr/bin/cmake /home/tars-go/sb/src/rm_vision/rm_serial_driver-main/rm_serial_driver-main -DCMAKE_BUILD_TYPE=RelWithDebInfo -DCMAKE_INSTALL_PREFIX=/home/tars-go/sb/install/rm_serial_driver
[2.419s] Invoking command in '/home/tars-go/sb/build/rm_serial_driver': CMAKE_PREFIX_PATH=/home/tars-go/sb/install/auto_aim_interfaces:/home/tars-go/sb/install/rm_vision_bringup:/home/tars-go/sb/install/rm_serial_driver:/home/tars-go/sb/install/rm_gimbal_description:/home/tars-go/sb/install/rm_auto_aim:/home/tars-go/sb/install/mindvision_camera:/home/tars-go/sb/install/hik_camera:/home/tars-go/sb/install/galaxy_camera:/home/tars-go/sb/install/armor_tracker:/home/tars-go/sb/install/armor_detector:/opt/ros/humble LD_LIBRARY_PATH=/home/tars-go/sb/install/auto_aim_interfaces/lib:/home/tars-go/sb/install/rm_serial_driver/lib:/home/tars-go/sb/install/mindvision_camera/lib:/home/tars-go/sb/install/hik_camera/lib:/home/tars-go/sb/install/galaxy_camera/lib:/home/tars-go/sb/install/armor_tracker/lib:/home/tars-go/sb/install/armor_detector/lib:/opt/MVS/lib/64:/opt/MVS/lib/32:/opt/ros/humble/opt/rviz_ogre_vendor/lib:/opt/ros/humble/lib/x86_64-linux-gnu:/opt/ros/humble/lib:/opt/MVS/lib/64:/opt/MVS/lib/32 /usr/bin/cmake --build /home/tars-go/sb/build/rm_serial_driver -- -j16 -l16
[2.526s] [35m[1mConsolidate compiler generated dependencies of target rm_serial_driver[0m
[2.551s] [35m[1mConsolidate compiler generated dependencies of target rm_serial_driver_node[0m
[2.569s] [ 20%] [32mBuilding CXX object CMakeFiles/rm_serial_driver.dir/src/rm_serial_driver.cpp.o[0m
[2.589s] [ 40%] [32mBuilding CXX object CMakeFiles/rm_serial_driver.dir/src/crc.cpp.o[0m
[2.609s] [ 60%] [32mBuilding CXX object CMakeFiles/rm_serial_driver_node.dir/rclcpp_components/node_main_rm_serial_driver_node.cpp.o[0m
[7.155s] [ 80%] [32m[1mLinking CXX executable rm_serial_driver_node[0m
[7.256s] [ 80%] Built target rm_serial_driver_node
[22.149s] [100%] [32m[1mLinking CXX shared library librm_serial_driver.so[0m
[22.425s] [100%] Built target rm_serial_driver
[22.435s] Invoked command in '/home/tars-go/sb/build/rm_serial_driver' returned '0': CMAKE_PREFIX_PATH=/home/tars-go/sb/install/auto_aim_interfaces:/home/tars-go/sb/install/rm_vision_bringup:/home/tars-go/sb/install/rm_serial_driver:/home/tars-go/sb/install/rm_gimbal_description:/home/tars-go/sb/install/rm_auto_aim:/home/tars-go/sb/install/mindvision_camera:/home/tars-go/sb/install/hik_camera:/home/tars-go/sb/install/galaxy_camera:/home/tars-go/sb/install/armor_tracker:/home/tars-go/sb/install/armor_detector:/opt/ros/humble LD_LIBRARY_PATH=/home/tars-go/sb/install/auto_aim_interfaces/lib:/home/tars-go/sb/install/rm_serial_driver/lib:/home/tars-go/sb/install/mindvision_camera/lib:/home/tars-go/sb/install/hik_camera/lib:/home/tars-go/sb/install/galaxy_camera/lib:/home/tars-go/sb/install/armor_tracker/lib:/home/tars-go/sb/install/armor_detector/lib:/opt/MVS/lib/64:/opt/MVS/lib/32:/opt/ros/humble/opt/rviz_ogre_vendor/lib:/opt/ros/humble/lib/x86_64-linux-gnu:/opt/ros/humble/lib:/opt/MVS/lib/64:/opt/MVS/lib/32 /usr/bin/cmake --build /home/tars-go/sb/build/rm_serial_driver -- -j16 -l16
[22.460s] Invoking command in '/home/tars-go/sb/build/rm_serial_driver': CMAKE_PREFIX_PATH=/home/tars-go/sb/install/auto_aim_interfaces:/home/tars-go/sb/install/rm_vision_bringup:/home/tars-go/sb/install/rm_serial_driver:/home/tars-go/sb/install/rm_gimbal_description:/home/tars-go/sb/install/rm_auto_aim:/home/tars-go/sb/install/mindvision_camera:/home/tars-go/sb/install/hik_camera:/home/tars-go/sb/install/galaxy_camera:/home/tars-go/sb/install/armor_tracker:/home/tars-go/sb/install/armor_detector:/opt/ros/humble LD_LIBRARY_PATH=/home/tars-go/sb/install/auto_aim_interfaces/lib:/home/tars-go/sb/install/rm_serial_driver/lib:/home/tars-go/sb/install/mindvision_camera/lib:/home/tars-go/sb/install/hik_camera/lib:/home/tars-go/sb/install/galaxy_camera/lib:/home/tars-go/sb/install/armor_tracker/lib:/home/tars-go/sb/install/armor_detector/lib:/opt/MVS/lib/64:/opt/MVS/lib/32:/opt/ros/humble/opt/rviz_ogre_vendor/lib:/opt/ros/humble/lib/x86_64-linux-gnu:/opt/ros/humble/lib:/opt/MVS/lib/64:/opt/MVS/lib/32 /usr/bin/cmake --install /home/tars-go/sb/build/rm_serial_driver
[22.467s] -- Install configuration: "RelWithDebInfo"
[22.468s] -- Installing: /home/tars-go/sb/install/rm_serial_driver/lib/rm_serial_driver/rm_serial_driver_node
[22.469s] -- Set runtime path of "/home/tars-go/sb/install/rm_serial_driver/lib/rm_serial_driver/rm_serial_driver_node" to ""
[22.469s] -- Up-to-date: /home/tars-go/sb/install/rm_serial_driver/include
[22.469s] -- Up-to-date: /home/tars-go/sb/install/rm_serial_driver/include/rm_serial_driver
[22.470s] -- Up-to-date: /home/tars-go/sb/install/rm_serial_driver/include/rm_serial_driver/crc.hpp
[22.470s] -- Up-to-date: /home/tars-go/sb/install/rm_serial_driver/include/rm_serial_driver/packet.hpp
[22.470s] -- Up-to-date: /home/tars-go/sb/install/rm_serial_driver/include/rm_serial_driver/rm_serial_driver.hpp
[22.470s] -- Up-to-date: /home/tars-go/sb/install/rm_serial_driver/share/rm_serial_driver/environment/library_path.sh
[22.470s] -- Installing: /home/tars-go/sb/install/rm_serial_driver/share/rm_serial_driver/environment/library_path.dsv
[22.470s] -- Installing: /home/tars-go/sb/install/rm_serial_driver/lib/librm_serial_driver.so
[22.484s] -- Set runtime path of "/home/tars-go/sb/install/rm_serial_driver/lib/librm_serial_driver.so" to ""
[22.484s] -- Up-to-date: /home/tars-go/sb/install/rm_serial_driver/share/rm_serial_driver/config
[22.484s] -- Up-to-date: /home/tars-go/sb/install/rm_serial_driver/share/rm_serial_driver/config/serial_driver.yaml
[22.485s] -- Up-to-date: /home/tars-go/sb/install/rm_serial_driver/share/rm_serial_driver/launch
[22.485s] -- Up-to-date: /home/tars-go/sb/install/rm_serial_driver/share/rm_serial_driver/launch/serial_driver.launch.py
[22.485s] -- Up-to-date: /home/tars-go/sb/install/rm_serial_driver/share/ament_index/resource_index/package_run_dependencies/rm_serial_driver
[22.485s] -- Installing: /home/tars-go/sb/install/rm_serial_driver/share/ament_index/resource_index/parent_prefix_path/rm_serial_driver
[22.485s] -- Up-to-date: /home/tars-go/sb/install/rm_serial_driver/share/rm_serial_driver/environment/ament_prefix_path.sh
[22.485s] -- Installing: /home/tars-go/sb/install/rm_serial_driver/share/rm_serial_driver/environment/ament_prefix_path.dsv
[22.485s] -- Up-to-date: /home/tars-go/sb/install/rm_serial_driver/share/rm_serial_driver/environment/path.sh
[22.485s] -- Installing: /home/tars-go/sb/install/rm_serial_driver/share/rm_serial_driver/environment/path.dsv
[22.485s] -- Up-to-date: /home/tars-go/sb/install/rm_serial_driver/share/rm_serial_driver/local_setup.bash
[22.485s] -- Up-to-date: /home/tars-go/sb/install/rm_serial_driver/share/rm_serial_driver/local_setup.sh
[22.485s] -- Up-to-date: /home/tars-go/sb/install/rm_serial_driver/share/rm_serial_driver/local_setup.zsh
[22.486s] -- Installing: /home/tars-go/sb/install/rm_serial_driver/share/rm_serial_driver/local_setup.dsv
[22.486s] -- Installing: /home/tars-go/sb/install/rm_serial_driver/share/rm_serial_driver/package.dsv
[22.487s] -- Up-to-date: /home/tars-go/sb/install/rm_serial_driver/share/ament_index/resource_index/packages/rm_serial_driver
[22.487s] -- Up-to-date: /home/tars-go/sb/install/rm_serial_driver/share/ament_index/resource_index/rclcpp_components/rm_serial_driver
[22.487s] -- Up-to-date: /home/tars-go/sb/install/rm_serial_driver/share/rm_serial_driver/cmake/ament_cmake_export_dependencies-extras.cmake
[22.487s] -- Up-to-date: /home/tars-go/sb/install/rm_serial_driver/share/rm_serial_driver/cmake/ament_cmake_export_include_directories-extras.cmake
[22.487s] -- Up-to-date: /home/tars-go/sb/install/rm_serial_driver/share/rm_serial_driver/cmake/ament_cmake_export_libraries-extras.cmake
[22.487s] -- Up-to-date: /home/tars-go/sb/install/rm_serial_driver/share/rm_serial_driver/cmake/rm_serial_driverConfig.cmake
[22.488s] -- Up-to-date: /home/tars-go/sb/install/rm_serial_driver/share/rm_serial_driver/cmake/rm_serial_driverConfig-version.cmake
[22.488s] -- Up-to-date: /home/tars-go/sb/install/rm_serial_driver/share/rm_serial_driver/package.xml
[22.488s] Invoked command in '/home/tars-go/sb/build/rm_serial_driver' returned '0': CMAKE_PREFIX_PATH=/home/tars-go/sb/install/auto_aim_interfaces:/home/tars-go/sb/install/rm_vision_bringup:/home/tars-go/sb/install/rm_serial_driver:/home/tars-go/sb/install/rm_gimbal_description:/home/tars-go/sb/install/rm_auto_aim:/home/tars-go/sb/install/mindvision_camera:/home/tars-go/sb/install/hik_camera:/home/tars-go/sb/install/galaxy_camera:/home/tars-go/sb/install/armor_tracker:/home/tars-go/sb/install/armor_detector:/opt/ros/humble LD_LIBRARY_PATH=/home/tars-go/sb/install/auto_aim_interfaces/lib:/home/tars-go/sb/install/rm_serial_driver/lib:/home/tars-go/sb/install/mindvision_camera/lib:/home/tars-go/sb/install/hik_camera/lib:/home/tars-go/sb/install/galaxy_camera/lib:/home/tars-go/sb/install/armor_tracker/lib:/home/tars-go/sb/install/armor_detector/lib:/opt/MVS/lib/64:/opt/MVS/lib/32:/opt/ros/humble/opt/rviz_ogre_vendor/lib:/opt/ros/humble/lib/x86_64-linux-gnu:/opt/ros/humble/lib:/opt/MVS/lib/64:/opt/MVS/lib/32 /usr/bin/cmake --install /home/tars-go/sb/build/rm_serial_driver
