[0.233s] Invoking command in '/home/tars-go/sb/build/armor_detector': CMAKE_PREFIX_PATH=/home/tars-go/sb/install/auto_aim_interfaces:/home/tars-go/sb/install/rm_vision_bringup:/home/tars-go/sb/install/rm_serial_driver:/home/tars-go/sb/install/rm_gimbal_description:/home/tars-go/sb/install/rm_auto_aim:/home/tars-go/sb/install/mindvision_camera:/home/tars-go/sb/install/hik_camera:/home/tars-go/sb/install/galaxy_camera:/home/tars-go/sb/install/armor_tracker:/home/tars-go/sb/install/armor_detector:/opt/ros/humble LD_LIBRARY_PATH=/home/tars-go/sb/install/auto_aim_interfaces/lib:/home/tars-go/sb/install/rm_serial_driver/lib:/home/tars-go/sb/install/mindvision_camera/lib:/home/tars-go/sb/install/hik_camera/lib:/home/tars-go/sb/install/galaxy_camera/lib:/home/tars-go/sb/install/armor_tracker/lib:/home/tars-go/sb/install/armor_detector/lib:/opt/MVS/lib/64:/opt/MVS/lib/32:/opt/ros/humble/opt/rviz_ogre_vendor/lib:/opt/ros/humble/lib/x86_64-linux-gnu:/opt/ros/humble/lib:/opt/MVS/lib/64:/opt/MVS/lib/32 /usr/bin/cmake /home/tars-go/sb/src/rm_vision/rm_auto_aim-main/rm_auto_aim-main/armor_detector -DCMAKE_BUILD_TYPE=RelWithDebInfo -DCMAKE_INSTALL_PREFIX=/home/tars-go/sb/install/armor_detector
[0.246s] -- Found ament_cmake_auto: 1.3.6 (/opt/ros/humble/share/ament_cmake_auto/cmake)
[0.572s] -- Found rosidl_generator_c: 3.1.5 (/opt/ros/humble/share/rosidl_generator_c/cmake)
[0.575s] -- Found rosidl_adapter: 3.1.5 (/opt/ros/humble/share/rosidl_adapter/cmake)
[0.584s] -- Found rosidl_generator_cpp: 3.1.5 (/opt/ros/humble/share/rosidl_generator_cpp/cmake)
[0.599s] -- Using all available rosidl_typesupport_c: rosidl_typesupport_fastrtps_c;rosidl_typesupport_introspection_c
[0.620s] -- Using all available rosidl_typesupport_cpp: rosidl_typesupport_fastrtps_cpp;rosidl_typesupport_introspection_cpp
[0.695s] -- Found rmw_implementation_cmake: 6.1.1 (/opt/ros/humble/share/rmw_implementation_cmake/cmake)
[0.697s] -- Found rmw_fastrtps_cpp: 6.2.5 (/opt/ros/humble/share/rmw_fastrtps_cpp/cmake)
[0.851s] -- Using RMW implementation 'rmw_fastrtps_cpp' as default
[1.338s] -- Found eigen3_cmake_module: 0.1.1 (/opt/ros/humble/share/eigen3_cmake_module/cmake)
[1.340s] -- Ensuring Eigen3 include directory is part of orocos-kdl CMake target
[1.565s] -- Found ament_lint_auto: 0.12.9 (/opt/ros/humble/share/ament_lint_auto/cmake)
[1.570s] -- Found ament_cmake_gtest: 1.3.6 (/opt/ros/humble/share/ament_cmake_gtest/cmake)
[1.570s] -- Found gtest sources under '/opt/ros/humble/src/gtest_vendor': C++ tests using 'Google Test' will be built
[1.578s] -- Added test 'cppcheck' to perform static code analysis on C / C++ code
[1.578s] -- Configured cppcheck include dirs: /home/tars-go/sb/src/rm_vision/rm_auto_aim-main/rm_auto_aim-main/armor_detector/include
[1.579s] -- Configured cppcheck exclude dirs and/or files: 
[1.579s] -- Added test 'lint_cmake' to check CMake code style
[1.580s] -- Added test 'xmllint' to check XML markup files
[1.580s] -- Added test 'clang_format' to check C / C++ code style
[1.582s] -- Configuring done
[1.614s] -- Generating done
[1.616s] -- Build files have been written to: /home/tars-go/sb/build/armor_detector
[1.626s] Invoked command in '/home/tars-go/sb/build/armor_detector' returned '0': CMAKE_PREFIX_PATH=/home/tars-go/sb/install/auto_aim_interfaces:/home/tars-go/sb/install/rm_vision_bringup:/home/tars-go/sb/install/rm_serial_driver:/home/tars-go/sb/install/rm_gimbal_description:/home/tars-go/sb/install/rm_auto_aim:/home/tars-go/sb/install/mindvision_camera:/home/tars-go/sb/install/hik_camera:/home/tars-go/sb/install/galaxy_camera:/home/tars-go/sb/install/armor_tracker:/home/tars-go/sb/install/armor_detector:/opt/ros/humble LD_LIBRARY_PATH=/home/tars-go/sb/install/auto_aim_interfaces/lib:/home/tars-go/sb/install/rm_serial_driver/lib:/home/tars-go/sb/install/mindvision_camera/lib:/home/tars-go/sb/install/hik_camera/lib:/home/tars-go/sb/install/galaxy_camera/lib:/home/tars-go/sb/install/armor_tracker/lib:/home/tars-go/sb/install/armor_detector/lib:/opt/MVS/lib/64:/opt/MVS/lib/32:/opt/ros/humble/opt/rviz_ogre_vendor/lib:/opt/ros/humble/lib/x86_64-linux-gnu:/opt/ros/humble/lib:/opt/MVS/lib/64:/opt/MVS/lib/32 /usr/bin/cmake /home/tars-go/sb/src/rm_vision/rm_auto_aim-main/rm_auto_aim-main/armor_detector -DCMAKE_BUILD_TYPE=RelWithDebInfo -DCMAKE_INSTALL_PREFIX=/home/tars-go/sb/install/armor_detector
[1.628s] Invoking command in '/home/tars-go/sb/build/armor_detector': CMAKE_PREFIX_PATH=/home/tars-go/sb/install/auto_aim_interfaces:/home/tars-go/sb/install/rm_vision_bringup:/home/tars-go/sb/install/rm_serial_driver:/home/tars-go/sb/install/rm_gimbal_description:/home/tars-go/sb/install/rm_auto_aim:/home/tars-go/sb/install/mindvision_camera:/home/tars-go/sb/install/hik_camera:/home/tars-go/sb/install/galaxy_camera:/home/tars-go/sb/install/armor_tracker:/home/tars-go/sb/install/armor_detector:/opt/ros/humble LD_LIBRARY_PATH=/home/tars-go/sb/install/auto_aim_interfaces/lib:/home/tars-go/sb/install/rm_serial_driver/lib:/home/tars-go/sb/install/mindvision_camera/lib:/home/tars-go/sb/install/hik_camera/lib:/home/tars-go/sb/install/galaxy_camera/lib:/home/tars-go/sb/install/armor_tracker/lib:/home/tars-go/sb/install/armor_detector/lib:/opt/MVS/lib/64:/opt/MVS/lib/32:/opt/ros/humble/opt/rviz_ogre_vendor/lib:/opt/ros/humble/lib/x86_64-linux-gnu:/opt/ros/humble/lib:/opt/MVS/lib/64:/opt/MVS/lib/32 /usr/bin/cmake --build /home/tars-go/sb/build/armor_detector -- -j16 -l16
[1.665s] [35m[1mConsolidate compiler generated dependencies of target armor_detector[0m
[1.667s] [35m[1mConsolidate compiler generated dependencies of target gtest_main[0m
[1.667s] [35m[1mConsolidate compiler generated dependencies of target armor_detector_node[0m
[1.668s] [35m[1mConsolidate compiler generated dependencies of target gtest[0m
[1.682s] [  6%] [32mBuilding CXX object gtest/CMakeFiles/gtest_main.dir/src/gtest_main.cc.o[0m
[1.684s] [ 13%] [32mBuilding CXX object gtest/CMakeFiles/gtest.dir/src/gtest-all.cc.o[0m
[1.687s] [ 26%] [32mBuilding CXX object CMakeFiles/armor_detector.dir/src/detector.cpp.o[0m
[1.687s] [ 26%] [32mBuilding CXX object CMakeFiles/armor_detector_node.dir/rclcpp_components/node_main_armor_detector_node.cpp.o[0m
[1.687s] [ 40%] [32mBuilding CXX object CMakeFiles/armor_detector.dir/src/detector_node.cpp.o[0m
[1.688s] [ 40%] [32mBuilding CXX object CMakeFiles/armor_detector.dir/src/number_classifier.cpp.o[0m
[1.689s] [ 46%] [32mBuilding CXX object CMakeFiles/armor_detector.dir/src/pnp_solver.cpp.o[0m
[2.809s] [ 53%] [32m[1mLinking CXX static library libgtest_main.a[0m
[2.936s] [ 53%] Built target gtest_main
[7.155s] [ 60%] [32m[1mLinking CXX executable armor_detector_node[0m
[7.257s] [ 60%] Built target armor_detector_node
[12.664s] [ 66%] [32m[1mLinking CXX static library libgtest.a[0m
[12.745s] [ 66%] Built target gtest
[28.838s] [ 73%] [32m[1mLinking CXX shared library libarmor_detector.so[0m
[29.214s] [ 73%] Built target armor_detector
[29.223s] [35m[1mConsolidate compiler generated dependencies of target test_number_cls[0m
[29.223s] [35m[1mConsolidate compiler generated dependencies of target test_node_startup[0m
[29.235s] [ 80%] [32mBuilding CXX object CMakeFiles/test_number_cls.dir/test/test_number_cls.cpp.o[0m
[29.237s] [ 86%] [32mBuilding CXX object CMakeFiles/test_node_startup.dir/test/test_node_startup.cpp.o[0m
[31.150s] [ 93%] [32m[1mLinking CXX executable test_number_cls[0m
[31.475s] [ 93%] Built target test_number_cls
[33.553s] [100%] [32m[1mLinking CXX executable test_node_startup[0m
[33.872s] [100%] Built target test_node_startup
[33.879s] Invoked command in '/home/tars-go/sb/build/armor_detector' returned '0': CMAKE_PREFIX_PATH=/home/tars-go/sb/install/auto_aim_interfaces:/home/tars-go/sb/install/rm_vision_bringup:/home/tars-go/sb/install/rm_serial_driver:/home/tars-go/sb/install/rm_gimbal_description:/home/tars-go/sb/install/rm_auto_aim:/home/tars-go/sb/install/mindvision_camera:/home/tars-go/sb/install/hik_camera:/home/tars-go/sb/install/galaxy_camera:/home/tars-go/sb/install/armor_tracker:/home/tars-go/sb/install/armor_detector:/opt/ros/humble LD_LIBRARY_PATH=/home/tars-go/sb/install/auto_aim_interfaces/lib:/home/tars-go/sb/install/rm_serial_driver/lib:/home/tars-go/sb/install/mindvision_camera/lib:/home/tars-go/sb/install/hik_camera/lib:/home/tars-go/sb/install/galaxy_camera/lib:/home/tars-go/sb/install/armor_tracker/lib:/home/tars-go/sb/install/armor_detector/lib:/opt/MVS/lib/64:/opt/MVS/lib/32:/opt/ros/humble/opt/rviz_ogre_vendor/lib:/opt/ros/humble/lib/x86_64-linux-gnu:/opt/ros/humble/lib:/opt/MVS/lib/64:/opt/MVS/lib/32 /usr/bin/cmake --build /home/tars-go/sb/build/armor_detector -- -j16 -l16
[33.911s] Invoking command in '/home/tars-go/sb/build/armor_detector': CMAKE_PREFIX_PATH=/home/tars-go/sb/install/auto_aim_interfaces:/home/tars-go/sb/install/rm_vision_bringup:/home/tars-go/sb/install/rm_serial_driver:/home/tars-go/sb/install/rm_gimbal_description:/home/tars-go/sb/install/rm_auto_aim:/home/tars-go/sb/install/mindvision_camera:/home/tars-go/sb/install/hik_camera:/home/tars-go/sb/install/galaxy_camera:/home/tars-go/sb/install/armor_tracker:/home/tars-go/sb/install/armor_detector:/opt/ros/humble LD_LIBRARY_PATH=/home/tars-go/sb/install/auto_aim_interfaces/lib:/home/tars-go/sb/install/rm_serial_driver/lib:/home/tars-go/sb/install/mindvision_camera/lib:/home/tars-go/sb/install/hik_camera/lib:/home/tars-go/sb/install/galaxy_camera/lib:/home/tars-go/sb/install/armor_tracker/lib:/home/tars-go/sb/install/armor_detector/lib:/opt/MVS/lib/64:/opt/MVS/lib/32:/opt/ros/humble/opt/rviz_ogre_vendor/lib:/opt/ros/humble/lib/x86_64-linux-gnu:/opt/ros/humble/lib:/opt/MVS/lib/64:/opt/MVS/lib/32 /usr/bin/cmake --install /home/tars-go/sb/build/armor_detector
[33.918s] -- Install configuration: "RelWithDebInfo"
[33.918s] -- Installing: /home/tars-go/sb/install/armor_detector/lib/armor_detector/armor_detector_node
[33.919s] -- Set runtime path of "/home/tars-go/sb/install/armor_detector/lib/armor_detector/armor_detector_node" to ""
[33.919s] -- Up-to-date: /home/tars-go/sb/install/armor_detector/include
[33.920s] -- Up-to-date: /home/tars-go/sb/install/armor_detector/include/armor_detector
[33.920s] -- Up-to-date: /home/tars-go/sb/install/armor_detector/include/armor_detector/detector.hpp
[33.920s] -- Up-to-date: /home/tars-go/sb/install/armor_detector/include/armor_detector/armor.hpp
[33.920s] -- Up-to-date: /home/tars-go/sb/install/armor_detector/include/armor_detector/number_classifier.hpp
[33.920s] -- Up-to-date: /home/tars-go/sb/install/armor_detector/include/armor_detector/pnp_solver.hpp
[33.920s] -- Up-to-date: /home/tars-go/sb/install/armor_detector/include/armor_detector/detector_node.hpp
[33.920s] -- Up-to-date: /home/tars-go/sb/install/armor_detector/share/armor_detector/environment/library_path.sh
[33.920s] -- Installing: /home/tars-go/sb/install/armor_detector/share/armor_detector/environment/library_path.dsv
[33.920s] -- Installing: /home/tars-go/sb/install/armor_detector/lib/libarmor_detector.so
[33.939s] -- Set runtime path of "/home/tars-go/sb/install/armor_detector/lib/libarmor_detector.so" to ""
[33.939s] -- Up-to-date: /home/tars-go/sb/install/armor_detector/share/armor_detector/model
[33.939s] -- Up-to-date: /home/tars-go/sb/install/armor_detector/share/armor_detector/model/mlp.onnx
[33.939s] -- Up-to-date: /home/tars-go/sb/install/armor_detector/share/armor_detector/model/label.txt
[33.939s] -- Up-to-date: /home/tars-go/sb/install/armor_detector/share/ament_index/resource_index/package_run_dependencies/armor_detector
[33.939s] -- Installing: /home/tars-go/sb/install/armor_detector/share/ament_index/resource_index/parent_prefix_path/armor_detector
[33.939s] -- Up-to-date: /home/tars-go/sb/install/armor_detector/share/armor_detector/environment/ament_prefix_path.sh
[33.939s] -- Installing: /home/tars-go/sb/install/armor_detector/share/armor_detector/environment/ament_prefix_path.dsv
[33.939s] -- Up-to-date: /home/tars-go/sb/install/armor_detector/share/armor_detector/environment/path.sh
[33.940s] -- Installing: /home/tars-go/sb/install/armor_detector/share/armor_detector/environment/path.dsv
[33.940s] -- Up-to-date: /home/tars-go/sb/install/armor_detector/share/armor_detector/local_setup.bash
[33.940s] -- Up-to-date: /home/tars-go/sb/install/armor_detector/share/armor_detector/local_setup.sh
[33.940s] -- Up-to-date: /home/tars-go/sb/install/armor_detector/share/armor_detector/local_setup.zsh
[33.940s] -- Installing: /home/tars-go/sb/install/armor_detector/share/armor_detector/local_setup.dsv
[33.940s] -- Installing: /home/tars-go/sb/install/armor_detector/share/armor_detector/package.dsv
[33.940s] -- Up-to-date: /home/tars-go/sb/install/armor_detector/share/ament_index/resource_index/packages/armor_detector
[33.940s] -- Up-to-date: /home/tars-go/sb/install/armor_detector/share/ament_index/resource_index/rclcpp_components/armor_detector
[33.940s] -- Installing: /home/tars-go/sb/install/armor_detector/share/armor_detector/cmake/ament_cmake_export_dependencies-extras.cmake
[33.940s] -- Up-to-date: /home/tars-go/sb/install/armor_detector/share/armor_detector/cmake/ament_cmake_export_include_directories-extras.cmake
[33.940s] -- Up-to-date: /home/tars-go/sb/install/armor_detector/share/armor_detector/cmake/ament_cmake_export_libraries-extras.cmake
[33.940s] -- Up-to-date: /home/tars-go/sb/install/armor_detector/share/armor_detector/cmake/armor_detectorConfig.cmake
[33.940s] -- Up-to-date: /home/tars-go/sb/install/armor_detector/share/armor_detector/cmake/armor_detectorConfig-version.cmake
[33.940s] -- Up-to-date: /home/tars-go/sb/install/armor_detector/share/armor_detector/package.xml
[33.941s] Invoked command in '/home/tars-go/sb/build/armor_detector' returned '0': CMAKE_PREFIX_PATH=/home/tars-go/sb/install/auto_aim_interfaces:/home/tars-go/sb/install/rm_vision_bringup:/home/tars-go/sb/install/rm_serial_driver:/home/tars-go/sb/install/rm_gimbal_description:/home/tars-go/sb/install/rm_auto_aim:/home/tars-go/sb/install/mindvision_camera:/home/tars-go/sb/install/hik_camera:/home/tars-go/sb/install/galaxy_camera:/home/tars-go/sb/install/armor_tracker:/home/tars-go/sb/install/armor_detector:/opt/ros/humble LD_LIBRARY_PATH=/home/tars-go/sb/install/auto_aim_interfaces/lib:/home/tars-go/sb/install/rm_serial_driver/lib:/home/tars-go/sb/install/mindvision_camera/lib:/home/tars-go/sb/install/hik_camera/lib:/home/tars-go/sb/install/galaxy_camera/lib:/home/tars-go/sb/install/armor_tracker/lib:/home/tars-go/sb/install/armor_detector/lib:/opt/MVS/lib/64:/opt/MVS/lib/32:/opt/ros/humble/opt/rviz_ogre_vendor/lib:/opt/ros/humble/lib/x86_64-linux-gnu:/opt/ros/humble/lib:/opt/MVS/lib/64:/opt/MVS/lib/32 /usr/bin/cmake --install /home/tars-go/sb/build/armor_detector
