[0.047s] Invoking command in '/home/tars-go/sb/build/rm_gimbal_description': CMAKE_PREFIX_PATH=/opt/ros/humble /usr/bin/cmake /home/tars-go/sb/src/rm_vision/rm_gimbal_description-main/rm_gimbal_description-main -DCMAKE_INSTALL_PREFIX=/home/tars-go/sb/install/rm_gimbal_description
[0.057s] -- Found ament_cmake: 1.3.6 (/opt/ros/humble/share/ament_cmake/cmake)
[0.165s] -- Found ament_lint_auto: 0.12.9 (/opt/ros/humble/share/ament_lint_auto/cmake)
[0.219s] -- Added test 'lint_cmake' to check CMake code style
[0.219s] -- Added test 'xmllint' to check XML markup files
[0.220s] -- Configuring done
[0.224s] -- Generating done
[0.224s] -- Build files have been written to: /home/tars-go/sb/build/rm_gimbal_description
[0.227s] Invoked command in '/home/tars-go/sb/build/rm_gimbal_description' returned '0': CMAKE_PREFIX_PATH=/opt/ros/humble /usr/bin/cmake /home/tars-go/sb/src/rm_vision/rm_gimbal_description-main/rm_gimbal_description-main -DCMAKE_INSTALL_PREFIX=/home/tars-go/sb/install/rm_gimbal_description
[0.229s] Invoking command in '/home/tars-go/sb/build/rm_gimbal_description': CMAKE_PREFIX_PATH=/opt/ros/humble /usr/bin/cmake --build /home/tars-go/sb/build/rm_gimbal_description -- -j16 -l16
[0.259s] Invoked command in '/home/tars-go/sb/build/rm_gimbal_description' returned '0': CMAKE_PREFIX_PATH=/opt/ros/humble /usr/bin/cmake --build /home/tars-go/sb/build/rm_gimbal_description -- -j16 -l16
[0.282s] Invoking command in '/home/tars-go/sb/build/rm_gimbal_description': CMAKE_PREFIX_PATH=/opt/ros/humble /usr/bin/cmake --install /home/tars-go/sb/build/rm_gimbal_description
[0.289s] -- Install configuration: ""
[0.289s] -- Up-to-date: /home/tars-go/sb/install/rm_gimbal_description/share/rm_gimbal_description/urdf
[0.289s] -- Up-to-date: /home/tars-go/sb/install/rm_gimbal_description/share/rm_gimbal_description/urdf/rm_gimbal.urdf.xacro
[0.289s] -- Up-to-date: /home/tars-go/sb/install/rm_gimbal_description/share/ament_index/resource_index/package_run_dependencies/rm_gimbal_description
[0.289s] -- Up-to-date: /home/tars-go/sb/install/rm_gimbal_description/share/ament_index/resource_index/parent_prefix_path/rm_gimbal_description
[0.289s] -- Up-to-date: /home/tars-go/sb/install/rm_gimbal_description/share/rm_gimbal_description/environment/ament_prefix_path.sh
[0.289s] -- Installing: /home/tars-go/sb/install/rm_gimbal_description/share/rm_gimbal_description/environment/ament_prefix_path.dsv
[0.289s] -- Up-to-date: /home/tars-go/sb/install/rm_gimbal_description/share/rm_gimbal_description/environment/path.sh
[0.289s] -- Installing: /home/tars-go/sb/install/rm_gimbal_description/share/rm_gimbal_description/environment/path.dsv
[0.289s] -- Up-to-date: /home/tars-go/sb/install/rm_gimbal_description/share/rm_gimbal_description/local_setup.bash
[0.289s] -- Up-to-date: /home/tars-go/sb/install/rm_gimbal_description/share/rm_gimbal_description/local_setup.sh
[0.289s] -- Up-to-date: /home/tars-go/sb/install/rm_gimbal_description/share/rm_gimbal_description/local_setup.zsh
[0.289s] -- Installing: /home/tars-go/sb/install/rm_gimbal_description/share/rm_gimbal_description/local_setup.dsv
[0.289s] -- Installing: /home/tars-go/sb/install/rm_gimbal_description/share/rm_gimbal_description/package.dsv
[0.289s] -- Up-to-date: /home/tars-go/sb/install/rm_gimbal_description/share/ament_index/resource_index/packages/rm_gimbal_description
[0.289s] -- Up-to-date: /home/tars-go/sb/install/rm_gimbal_description/share/rm_gimbal_description/cmake/rm_gimbal_descriptionConfig.cmake
[0.289s] -- Up-to-date: /home/tars-go/sb/install/rm_gimbal_description/share/rm_gimbal_description/cmake/rm_gimbal_descriptionConfig-version.cmake
[0.290s] -- Up-to-date: /home/tars-go/sb/install/rm_gimbal_description/share/rm_gimbal_description/package.xml
[0.290s] Invoked command in '/home/tars-go/sb/build/rm_gimbal_description' returned '0': CMAKE_PREFIX_PATH=/opt/ros/humble /usr/bin/cmake --install /home/tars-go/sb/build/rm_gimbal_description
