[0.136s] Invoking command in '/home/tars-go/sb/build/auto_aim_interfaces': CMAKE_PREFIX_PATH=/opt/ros/humble /usr/bin/cmake /home/tars-go/sb/src/rm_vision/rm_auto_aim-main/rm_auto_aim-main/auto_aim_interfaces -DCMAKE_INSTALL_PREFIX=/home/tars-go/sb/install/auto_aim_interfaces
[0.145s] -- Found ament_cmake: 1.3.6 (/opt/ros/humble/share/ament_cmake/cmake)
[0.263s] -- Found rosidl_default_generators: 1.2.0 (/opt/ros/humble/share/rosidl_default_generators/cmake)
[0.264s] -- Using all available rosidl_typesupport_c: rosidl_typesupport_fastrtps_c;rosidl_typesupport_introspection_c
[0.267s] -- Found rosidl_adapter: 3.1.5 (/opt/ros/humble/share/rosidl_adapter/cmake)
[0.291s] -- Using all available rosidl_typesupport_cpp: rosidl_typesupport_fastrtps_cpp;rosidl_typesupport_introspection_cpp
[0.314s] -- Found geometry_msgs: 4.2.3 (/opt/ros/humble/share/geometry_msgs/cmake)
[0.728s] -- Found ament_cmake_ros: 0.10.0 (/opt/ros/humble/share/ament_cmake_ros/cmake)
[0.924s] -- Using all available rosidl_typesupport_c: rosidl_typesupport_fastrtps_c;rosidl_typesupport_introspection_c
[1.160s] -- Using all available rosidl_typesupport_cpp: rosidl_typesupport_fastrtps_cpp;rosidl_typesupport_introspection_cpp
[1.177s] -- Found python_cmake_module: 0.10.0 (/opt/ros/humble/share/python_cmake_module/cmake)
[1.193s] -- Using PYTHON_EXECUTABLE: /usr/bin/python3
[1.193s] -- Using PYTHON_INCLUDE_DIRS: /usr/include/python3.10
[1.193s] -- Using PYTHON_LIBRARIES: /usr/lib/x86_64-linux-gnu/libpython3.10.so
[1.223s] -- Configuring done
[1.253s] -- Generating done
[1.255s] -- Build files have been written to: /home/tars-go/sb/build/auto_aim_interfaces
[1.268s] Invoked command in '/home/tars-go/sb/build/auto_aim_interfaces' returned '0': CMAKE_PREFIX_PATH=/opt/ros/humble /usr/bin/cmake /home/tars-go/sb/src/rm_vision/rm_auto_aim-main/rm_auto_aim-main/auto_aim_interfaces -DCMAKE_INSTALL_PREFIX=/home/tars-go/sb/install/auto_aim_interfaces
[1.269s] Invoking command in '/home/tars-go/sb/build/auto_aim_interfaces': CMAKE_PREFIX_PATH=/opt/ros/humble /usr/bin/cmake --build /home/tars-go/sb/build/auto_aim_interfaces -- -j16 -l16
[1.296s] [35m[1mConsolidate compiler generated dependencies of target auto_aim_interfaces__rosidl_generator_c[0m
[1.304s] [  1%] Built target auto_aim_interfaces__cpp
[1.308s] [ 12%] Built target auto_aim_interfaces__rosidl_generator_c
[1.312s] [ 12%] Built target ament_cmake_python_copy_auto_aim_interfaces
[1.313s] [35m[1mConsolidate compiler generated dependencies of target auto_aim_interfaces__rosidl_typesupport_cpp[0m
[1.314s] [35m[1mConsolidate compiler generated dependencies of target auto_aim_interfaces__rosidl_typesupport_fastrtps_cpp[0m
[1.316s] [35m[1mConsolidate compiler generated dependencies of target auto_aim_interfaces__rosidl_typesupport_fastrtps_c[0m
[1.318s] [35m[1mConsolidate compiler generated dependencies of target auto_aim_interfaces__rosidl_typesupport_introspection_cpp[0m
[1.319s] [35m[1mConsolidate compiler generated dependencies of target auto_aim_interfaces__rosidl_typesupport_c[0m
[1.320s] [35m[1mConsolidate compiler generated dependencies of target auto_aim_interfaces__rosidl_typesupport_introspection_c[0m
[1.327s] [ 24%] Built target auto_aim_interfaces__rosidl_typesupport_cpp
[1.330s] [ 35%] Built target auto_aim_interfaces__rosidl_typesupport_c
[1.330s] [ 47%] Built target auto_aim_interfaces__rosidl_typesupport_fastrtps_c
[1.333s] [ 58%] Built target auto_aim_interfaces__rosidl_typesupport_fastrtps_cpp
[1.335s] [ 70%] Built target auto_aim_interfaces__rosidl_typesupport_introspection_c
[1.336s] [ 81%] Built target auto_aim_interfaces__rosidl_typesupport_introspection_cpp
[1.352s] [ 81%] Built target auto_aim_interfaces
[1.366s] [ 82%] Built target auto_aim_interfaces__py
[1.374s] [35m[1mConsolidate compiler generated dependencies of target auto_aim_interfaces__rosidl_generator_py[0m
[1.387s] [ 93%] Built target auto_aim_interfaces__rosidl_generator_py
[1.394s] [35m[1mConsolidate compiler generated dependencies of target auto_aim_interfaces__rosidl_typesupport_fastrtps_c__pyext[0m
[1.397s] [35m[1mConsolidate compiler generated dependencies of target auto_aim_interfaces__rosidl_typesupport_c__pyext[0m
[1.397s] [35m[1mConsolidate compiler generated dependencies of target auto_aim_interfaces__rosidl_typesupport_introspection_c__pyext[0m
[1.404s] [ 95%] Built target auto_aim_interfaces__rosidl_typesupport_fastrtps_c__pyext
[1.408s] [ 97%] Built target auto_aim_interfaces__rosidl_typesupport_introspection_c__pyext
[1.410s] [100%] Built target auto_aim_interfaces__rosidl_typesupport_c__pyext
[1.461s] running egg_info
[1.461s] writing auto_aim_interfaces.egg-info/PKG-INFO
[1.461s] writing dependency_links to auto_aim_interfaces.egg-info/dependency_links.txt
[1.461s] writing top-level names to auto_aim_interfaces.egg-info/top_level.txt
[1.463s] reading manifest file 'auto_aim_interfaces.egg-info/SOURCES.txt'
[1.463s] writing manifest file 'auto_aim_interfaces.egg-info/SOURCES.txt'
[1.480s] [100%] Built target ament_cmake_python_build_auto_aim_interfaces_egg
[1.489s] Invoked command in '/home/tars-go/sb/build/auto_aim_interfaces' returned '0': CMAKE_PREFIX_PATH=/opt/ros/humble /usr/bin/cmake --build /home/tars-go/sb/build/auto_aim_interfaces -- -j16 -l16
[1.600s] Invoking command in '/home/tars-go/sb/build/auto_aim_interfaces': CMAKE_PREFIX_PATH=/opt/ros/humble /usr/bin/cmake --install /home/tars-go/sb/build/auto_aim_interfaces
[1.606s] -- Install configuration: ""
[1.606s] -- Up-to-date: /home/tars-go/sb/install/auto_aim_interfaces/share/ament_index/resource_index/rosidl_interfaces/auto_aim_interfaces
[1.606s] -- Up-to-date: /home/tars-go/sb/install/auto_aim_interfaces/include/auto_aim_interfaces/auto_aim_interfaces
[1.606s] -- Up-to-date: /home/tars-go/sb/install/auto_aim_interfaces/include/auto_aim_interfaces/auto_aim_interfaces/msg
[1.606s] -- Up-to-date: /home/tars-go/sb/install/auto_aim_interfaces/include/auto_aim_interfaces/auto_aim_interfaces/msg/rosidl_generator_c__visibility_control.h
[1.606s] -- Up-to-date: /home/tars-go/sb/install/auto_aim_interfaces/include/auto_aim_interfaces/auto_aim_interfaces/msg/tracker_info.h
[1.606s] -- Up-to-date: /home/tars-go/sb/install/auto_aim_interfaces/include/auto_aim_interfaces/auto_aim_interfaces/msg/target.h
[1.606s] -- Up-to-date: /home/tars-go/sb/install/auto_aim_interfaces/include/auto_aim_interfaces/auto_aim_interfaces/msg/armor.h
[1.606s] -- Up-to-date: /home/tars-go/sb/install/auto_aim_interfaces/include/auto_aim_interfaces/auto_aim_interfaces/msg/detail
[1.606s] -- Up-to-date: /home/tars-go/sb/install/auto_aim_interfaces/include/auto_aim_interfaces/auto_aim_interfaces/msg/detail/target__type_support.h
[1.606s] -- Up-to-date: /home/tars-go/sb/install/auto_aim_interfaces/include/auto_aim_interfaces/auto_aim_interfaces/msg/detail/target__functions.h
[1.607s] -- Up-to-date: /home/tars-go/sb/install/auto_aim_interfaces/include/auto_aim_interfaces/auto_aim_interfaces/msg/detail/armors__functions.c
[1.607s] -- Up-to-date: /home/tars-go/sb/install/auto_aim_interfaces/include/auto_aim_interfaces/auto_aim_interfaces/msg/detail/debug_lights__struct.h
[1.607s] -- Up-to-date: /home/tars-go/sb/install/auto_aim_interfaces/include/auto_aim_interfaces/auto_aim_interfaces/msg/detail/armor__functions.h
[1.607s] -- Up-to-date: /home/tars-go/sb/install/auto_aim_interfaces/include/auto_aim_interfaces/auto_aim_interfaces/msg/detail/tracker_info__type_support.h
[1.607s] -- Up-to-date: /home/tars-go/sb/install/auto_aim_interfaces/include/auto_aim_interfaces/auto_aim_interfaces/msg/detail/debug_armors__type_support.h
[1.607s] -- Up-to-date: /home/tars-go/sb/install/auto_aim_interfaces/include/auto_aim_interfaces/auto_aim_interfaces/msg/detail/debug_armor__struct.h
[1.608s] -- Up-to-date: /home/tars-go/sb/install/auto_aim_interfaces/include/auto_aim_interfaces/auto_aim_interfaces/msg/detail/debug_armor__type_support.h
[1.608s] -- Up-to-date: /home/tars-go/sb/install/auto_aim_interfaces/include/auto_aim_interfaces/auto_aim_interfaces/msg/detail/tracker_info__struct.h
[1.608s] -- Up-to-date: /home/tars-go/sb/install/auto_aim_interfaces/include/auto_aim_interfaces/auto_aim_interfaces/msg/detail/debug_armors__functions.c
[1.608s] -- Up-to-date: /home/tars-go/sb/install/auto_aim_interfaces/include/auto_aim_interfaces/auto_aim_interfaces/msg/detail/debug_light__type_support.h
[1.608s] -- Up-to-date: /home/tars-go/sb/install/auto_aim_interfaces/include/auto_aim_interfaces/auto_aim_interfaces/msg/detail/debug_armor__functions.h
[1.608s] -- Up-to-date: /home/tars-go/sb/install/auto_aim_interfaces/include/auto_aim_interfaces/auto_aim_interfaces/msg/detail/debug_lights__functions.h
[1.608s] -- Up-to-date: /home/tars-go/sb/install/auto_aim_interfaces/include/auto_aim_interfaces/auto_aim_interfaces/msg/detail/debug_light__struct.h
[1.608s] -- Up-to-date: /home/tars-go/sb/install/auto_aim_interfaces/include/auto_aim_interfaces/auto_aim_interfaces/msg/detail/armors__type_support.h
[1.608s] -- Up-to-date: /home/tars-go/sb/install/auto_aim_interfaces/include/auto_aim_interfaces/auto_aim_interfaces/msg/detail/armors__functions.h
[1.608s] -- Up-to-date: /home/tars-go/sb/install/auto_aim_interfaces/include/auto_aim_interfaces/auto_aim_interfaces/msg/detail/debug_light__functions.c
[1.608s] -- Up-to-date: /home/tars-go/sb/install/auto_aim_interfaces/include/auto_aim_interfaces/auto_aim_interfaces/msg/detail/debug_armors__functions.h
[1.608s] -- Up-to-date: /home/tars-go/sb/install/auto_aim_interfaces/include/auto_aim_interfaces/auto_aim_interfaces/msg/detail/debug_lights__functions.c
[1.608s] -- Up-to-date: /home/tars-go/sb/install/auto_aim_interfaces/include/auto_aim_interfaces/auto_aim_interfaces/msg/detail/tracker_info__functions.h
[1.608s] -- Up-to-date: /home/tars-go/sb/install/auto_aim_interfaces/include/auto_aim_interfaces/auto_aim_interfaces/msg/detail/armor__type_support.h
[1.609s] -- Up-to-date: /home/tars-go/sb/install/auto_aim_interfaces/include/auto_aim_interfaces/auto_aim_interfaces/msg/detail/debug_armors__struct.h
[1.609s] -- Up-to-date: /home/tars-go/sb/install/auto_aim_interfaces/include/auto_aim_interfaces/auto_aim_interfaces/msg/detail/armor__struct.h
[1.609s] -- Up-to-date: /home/tars-go/sb/install/auto_aim_interfaces/include/auto_aim_interfaces/auto_aim_interfaces/msg/detail/target__functions.c
[1.609s] -- Up-to-date: /home/tars-go/sb/install/auto_aim_interfaces/include/auto_aim_interfaces/auto_aim_interfaces/msg/detail/debug_lights__type_support.h
[1.609s] -- Up-to-date: /home/tars-go/sb/install/auto_aim_interfaces/include/auto_aim_interfaces/auto_aim_interfaces/msg/detail/tracker_info__functions.c
[1.609s] -- Up-to-date: /home/tars-go/sb/install/auto_aim_interfaces/include/auto_aim_interfaces/auto_aim_interfaces/msg/detail/armor__functions.c
[1.609s] -- Up-to-date: /home/tars-go/sb/install/auto_aim_interfaces/include/auto_aim_interfaces/auto_aim_interfaces/msg/detail/debug_armor__functions.c
[1.609s] -- Up-to-date: /home/tars-go/sb/install/auto_aim_interfaces/include/auto_aim_interfaces/auto_aim_interfaces/msg/detail/target__struct.h
[1.609s] -- Up-to-date: /home/tars-go/sb/install/auto_aim_interfaces/include/auto_aim_interfaces/auto_aim_interfaces/msg/detail/armors__struct.h
[1.609s] -- Up-to-date: /home/tars-go/sb/install/auto_aim_interfaces/include/auto_aim_interfaces/auto_aim_interfaces/msg/detail/debug_light__functions.h
[1.609s] -- Up-to-date: /home/tars-go/sb/install/auto_aim_interfaces/include/auto_aim_interfaces/auto_aim_interfaces/msg/debug_armor.h
[1.609s] -- Up-to-date: /home/tars-go/sb/install/auto_aim_interfaces/include/auto_aim_interfaces/auto_aim_interfaces/msg/debug_armors.h
[1.609s] -- Up-to-date: /home/tars-go/sb/install/auto_aim_interfaces/include/auto_aim_interfaces/auto_aim_interfaces/msg/debug_light.h
[1.609s] -- Up-to-date: /home/tars-go/sb/install/auto_aim_interfaces/include/auto_aim_interfaces/auto_aim_interfaces/msg/armors.h
[1.609s] -- Up-to-date: /home/tars-go/sb/install/auto_aim_interfaces/include/auto_aim_interfaces/auto_aim_interfaces/msg/debug_lights.h
[1.609s] -- Up-to-date: /home/tars-go/sb/install/auto_aim_interfaces/share/auto_aim_interfaces/environment/library_path.sh
[1.610s] -- Installing: /home/tars-go/sb/install/auto_aim_interfaces/share/auto_aim_interfaces/environment/library_path.dsv
[1.610s] -- Up-to-date: /home/tars-go/sb/install/auto_aim_interfaces/lib/libauto_aim_interfaces__rosidl_generator_c.so
[1.610s] -- Up-to-date: /home/tars-go/sb/install/auto_aim_interfaces/include/auto_aim_interfaces/auto_aim_interfaces
[1.610s] -- Up-to-date: /home/tars-go/sb/install/auto_aim_interfaces/include/auto_aim_interfaces/auto_aim_interfaces/msg
[1.610s] -- Up-to-date: /home/tars-go/sb/install/auto_aim_interfaces/include/auto_aim_interfaces/auto_aim_interfaces/msg/rosidl_typesupport_fastrtps_c__visibility_control.h
[1.610s] -- Up-to-date: /home/tars-go/sb/install/auto_aim_interfaces/include/auto_aim_interfaces/auto_aim_interfaces/msg/detail
[1.610s] -- Up-to-date: /home/tars-go/sb/install/auto_aim_interfaces/include/auto_aim_interfaces/auto_aim_interfaces/msg/detail/armor__rosidl_typesupport_fastrtps_c.h
[1.610s] -- Up-to-date: /home/tars-go/sb/install/auto_aim_interfaces/include/auto_aim_interfaces/auto_aim_interfaces/msg/detail/armors__rosidl_typesupport_fastrtps_c.h
[1.610s] -- Up-to-date: /home/tars-go/sb/install/auto_aim_interfaces/include/auto_aim_interfaces/auto_aim_interfaces/msg/detail/tracker_info__rosidl_typesupport_fastrtps_c.h
[1.610s] -- Up-to-date: /home/tars-go/sb/install/auto_aim_interfaces/include/auto_aim_interfaces/auto_aim_interfaces/msg/detail/debug_armors__rosidl_typesupport_fastrtps_c.h
[1.610s] -- Up-to-date: /home/tars-go/sb/install/auto_aim_interfaces/include/auto_aim_interfaces/auto_aim_interfaces/msg/detail/debug_lights__rosidl_typesupport_fastrtps_c.h
[1.610s] -- Up-to-date: /home/tars-go/sb/install/auto_aim_interfaces/include/auto_aim_interfaces/auto_aim_interfaces/msg/detail/target__rosidl_typesupport_fastrtps_c.h
[1.610s] -- Up-to-date: /home/tars-go/sb/install/auto_aim_interfaces/include/auto_aim_interfaces/auto_aim_interfaces/msg/detail/debug_light__rosidl_typesupport_fastrtps_c.h
[1.611s] -- Up-to-date: /home/tars-go/sb/install/auto_aim_interfaces/include/auto_aim_interfaces/auto_aim_interfaces/msg/detail/debug_armor__rosidl_typesupport_fastrtps_c.h
[1.611s] -- Up-to-date: /home/tars-go/sb/install/auto_aim_interfaces/lib/libauto_aim_interfaces__rosidl_typesupport_fastrtps_c.so
[1.611s] -- Up-to-date: /home/tars-go/sb/install/auto_aim_interfaces/include/auto_aim_interfaces/auto_aim_interfaces
[1.611s] -- Up-to-date: /home/tars-go/sb/install/auto_aim_interfaces/include/auto_aim_interfaces/auto_aim_interfaces/msg
[1.611s] -- Up-to-date: /home/tars-go/sb/install/auto_aim_interfaces/include/auto_aim_interfaces/auto_aim_interfaces/msg/detail
[1.611s] -- Up-to-date: /home/tars-go/sb/install/auto_aim_interfaces/include/auto_aim_interfaces/auto_aim_interfaces/msg/detail/target__rosidl_typesupport_introspection_c.h
[1.611s] -- Up-to-date: /home/tars-go/sb/install/auto_aim_interfaces/include/auto_aim_interfaces/auto_aim_interfaces/msg/detail/debug_armors__rosidl_typesupport_introspection_c.h
[1.611s] -- Up-to-date: /home/tars-go/sb/install/auto_aim_interfaces/include/auto_aim_interfaces/auto_aim_interfaces/msg/detail/debug_light__type_support.c
[1.611s] -- Up-to-date: /home/tars-go/sb/install/auto_aim_interfaces/include/auto_aim_interfaces/auto_aim_interfaces/msg/detail/debug_armor__type_support.c
[1.611s] -- Up-to-date: /home/tars-go/sb/install/auto_aim_interfaces/include/auto_aim_interfaces/auto_aim_interfaces/msg/detail/armors__rosidl_typesupport_introspection_c.h
[1.611s] -- Up-to-date: /home/tars-go/sb/install/auto_aim_interfaces/include/auto_aim_interfaces/auto_aim_interfaces/msg/detail/debug_armors__type_support.c
[1.611s] -- Up-to-date: /home/tars-go/sb/install/auto_aim_interfaces/include/auto_aim_interfaces/auto_aim_interfaces/msg/detail/debug_lights__type_support.c
[1.612s] -- Up-to-date: /home/tars-go/sb/install/auto_aim_interfaces/include/auto_aim_interfaces/auto_aim_interfaces/msg/detail/debug_light__rosidl_typesupport_introspection_c.h
[1.612s] -- Up-to-date: /home/tars-go/sb/install/auto_aim_interfaces/include/auto_aim_interfaces/auto_aim_interfaces/msg/detail/debug_lights__rosidl_typesupport_introspection_c.h
[1.612s] -- Up-to-date: /home/tars-go/sb/install/auto_aim_interfaces/include/auto_aim_interfaces/auto_aim_interfaces/msg/detail/armor__type_support.c
[1.612s] -- Up-to-date: /home/tars-go/sb/install/auto_aim_interfaces/include/auto_aim_interfaces/auto_aim_interfaces/msg/detail/tracker_info__type_support.c
[1.612s] -- Up-to-date: /home/tars-go/sb/install/auto_aim_interfaces/include/auto_aim_interfaces/auto_aim_interfaces/msg/detail/armor__rosidl_typesupport_introspection_c.h
[1.612s] -- Up-to-date: /home/tars-go/sb/install/auto_aim_interfaces/include/auto_aim_interfaces/auto_aim_interfaces/msg/detail/armors__type_support.c
[1.612s] -- Up-to-date: /home/tars-go/sb/install/auto_aim_interfaces/include/auto_aim_interfaces/auto_aim_interfaces/msg/detail/target__type_support.c
[1.612s] -- Up-to-date: /home/tars-go/sb/install/auto_aim_interfaces/include/auto_aim_interfaces/auto_aim_interfaces/msg/detail/debug_armor__rosidl_typesupport_introspection_c.h
[1.612s] -- Up-to-date: /home/tars-go/sb/install/auto_aim_interfaces/include/auto_aim_interfaces/auto_aim_interfaces/msg/detail/tracker_info__rosidl_typesupport_introspection_c.h
[1.612s] -- Up-to-date: /home/tars-go/sb/install/auto_aim_interfaces/include/auto_aim_interfaces/auto_aim_interfaces/msg/rosidl_typesupport_introspection_c__visibility_control.h
[1.612s] -- Up-to-date: /home/tars-go/sb/install/auto_aim_interfaces/lib/libauto_aim_interfaces__rosidl_typesupport_introspection_c.so
[1.612s] -- Up-to-date: /home/tars-go/sb/install/auto_aim_interfaces/lib/libauto_aim_interfaces__rosidl_typesupport_c.so
[1.612s] -- Up-to-date: /home/tars-go/sb/install/auto_aim_interfaces/include/auto_aim_interfaces/auto_aim_interfaces
[1.612s] -- Up-to-date: /home/tars-go/sb/install/auto_aim_interfaces/include/auto_aim_interfaces/auto_aim_interfaces/msg
[1.612s] -- Up-to-date: /home/tars-go/sb/install/auto_aim_interfaces/include/auto_aim_interfaces/auto_aim_interfaces/msg/debug_light.hpp
[1.612s] -- Up-to-date: /home/tars-go/sb/install/auto_aim_interfaces/include/auto_aim_interfaces/auto_aim_interfaces/msg/debug_lights.hpp
[1.613s] -- Up-to-date: /home/tars-go/sb/install/auto_aim_interfaces/include/auto_aim_interfaces/auto_aim_interfaces/msg/armor.hpp
[1.613s] -- Up-to-date: /home/tars-go/sb/install/auto_aim_interfaces/include/auto_aim_interfaces/auto_aim_interfaces/msg/detail
[1.613s] -- Up-to-date: /home/tars-go/sb/install/auto_aim_interfaces/include/auto_aim_interfaces/auto_aim_interfaces/msg/detail/armor__builder.hpp
[1.613s] -- Up-to-date: /home/tars-go/sb/install/auto_aim_interfaces/include/auto_aim_interfaces/auto_aim_interfaces/msg/detail/armor__traits.hpp
[1.613s] -- Up-to-date: /home/tars-go/sb/install/auto_aim_interfaces/include/auto_aim_interfaces/auto_aim_interfaces/msg/detail/debug_light__struct.hpp
[1.613s] -- Up-to-date: /home/tars-go/sb/install/auto_aim_interfaces/include/auto_aim_interfaces/auto_aim_interfaces/msg/detail/target__struct.hpp
[1.613s] -- Up-to-date: /home/tars-go/sb/install/auto_aim_interfaces/include/auto_aim_interfaces/auto_aim_interfaces/msg/detail/armors__builder.hpp
[1.613s] -- Up-to-date: /home/tars-go/sb/install/auto_aim_interfaces/include/auto_aim_interfaces/auto_aim_interfaces/msg/detail/debug_lights__struct.hpp
[1.613s] -- Up-to-date: /home/tars-go/sb/install/auto_aim_interfaces/include/auto_aim_interfaces/auto_aim_interfaces/msg/detail/armors__traits.hpp
[1.613s] -- Up-to-date: /home/tars-go/sb/install/auto_aim_interfaces/include/auto_aim_interfaces/auto_aim_interfaces/msg/detail/tracker_info__builder.hpp
[1.613s] -- Up-to-date: /home/tars-go/sb/install/auto_aim_interfaces/include/auto_aim_interfaces/auto_aim_interfaces/msg/detail/debug_armor__traits.hpp
[1.613s] -- Up-to-date: /home/tars-go/sb/install/auto_aim_interfaces/include/auto_aim_interfaces/auto_aim_interfaces/msg/detail/debug_armors__struct.hpp
[1.613s] -- Up-to-date: /home/tars-go/sb/install/auto_aim_interfaces/include/auto_aim_interfaces/auto_aim_interfaces/msg/detail/target__traits.hpp
[1.613s] -- Up-to-date: /home/tars-go/sb/install/auto_aim_interfaces/include/auto_aim_interfaces/auto_aim_interfaces/msg/detail/debug_armors__builder.hpp
[1.613s] -- Up-to-date: /home/tars-go/sb/install/auto_aim_interfaces/include/auto_aim_interfaces/auto_aim_interfaces/msg/detail/debug_lights__traits.hpp
[1.613s] -- Up-to-date: /home/tars-go/sb/install/auto_aim_interfaces/include/auto_aim_interfaces/auto_aim_interfaces/msg/detail/debug_armors__traits.hpp
[1.613s] -- Up-to-date: /home/tars-go/sb/install/auto_aim_interfaces/include/auto_aim_interfaces/auto_aim_interfaces/msg/detail/armor__struct.hpp
[1.613s] -- Up-to-date: /home/tars-go/sb/install/auto_aim_interfaces/include/auto_aim_interfaces/auto_aim_interfaces/msg/detail/debug_lights__builder.hpp
[1.613s] -- Up-to-date: /home/tars-go/sb/install/auto_aim_interfaces/include/auto_aim_interfaces/auto_aim_interfaces/msg/detail/tracker_info__traits.hpp
[1.613s] -- Up-to-date: /home/tars-go/sb/install/auto_aim_interfaces/include/auto_aim_interfaces/auto_aim_interfaces/msg/detail/target__builder.hpp
[1.613s] -- Up-to-date: /home/tars-go/sb/install/auto_aim_interfaces/include/auto_aim_interfaces/auto_aim_interfaces/msg/detail/debug_armor__struct.hpp
[1.613s] -- Up-to-date: /home/tars-go/sb/install/auto_aim_interfaces/include/auto_aim_interfaces/auto_aim_interfaces/msg/detail/debug_light__builder.hpp
[1.613s] -- Up-to-date: /home/tars-go/sb/install/auto_aim_interfaces/include/auto_aim_interfaces/auto_aim_interfaces/msg/detail/armors__struct.hpp
[1.613s] -- Up-to-date: /home/tars-go/sb/install/auto_aim_interfaces/include/auto_aim_interfaces/auto_aim_interfaces/msg/detail/debug_light__traits.hpp
[1.613s] -- Up-to-date: /home/tars-go/sb/install/auto_aim_interfaces/include/auto_aim_interfaces/auto_aim_interfaces/msg/detail/debug_armor__builder.hpp
[1.613s] -- Up-to-date: /home/tars-go/sb/install/auto_aim_interfaces/include/auto_aim_interfaces/auto_aim_interfaces/msg/detail/tracker_info__struct.hpp
[1.613s] -- Up-to-date: /home/tars-go/sb/install/auto_aim_interfaces/include/auto_aim_interfaces/auto_aim_interfaces/msg/target.hpp
[1.613s] -- Up-to-date: /home/tars-go/sb/install/auto_aim_interfaces/include/auto_aim_interfaces/auto_aim_interfaces/msg/armors.hpp
[1.613s] -- Up-to-date: /home/tars-go/sb/install/auto_aim_interfaces/include/auto_aim_interfaces/auto_aim_interfaces/msg/debug_armor.hpp
[1.613s] -- Up-to-date: /home/tars-go/sb/install/auto_aim_interfaces/include/auto_aim_interfaces/auto_aim_interfaces/msg/debug_armors.hpp
[1.613s] -- Up-to-date: /home/tars-go/sb/install/auto_aim_interfaces/include/auto_aim_interfaces/auto_aim_interfaces/msg/tracker_info.hpp
[1.613s] -- Up-to-date: /home/tars-go/sb/install/auto_aim_interfaces/include/auto_aim_interfaces/auto_aim_interfaces
[1.613s] -- Up-to-date: /home/tars-go/sb/install/auto_aim_interfaces/include/auto_aim_interfaces/auto_aim_interfaces/msg
[1.613s] -- Up-to-date: /home/tars-go/sb/install/auto_aim_interfaces/include/auto_aim_interfaces/auto_aim_interfaces/msg/rosidl_typesupport_fastrtps_cpp__visibility_control.h
[1.613s] -- Up-to-date: /home/tars-go/sb/install/auto_aim_interfaces/include/auto_aim_interfaces/auto_aim_interfaces/msg/detail
[1.613s] -- Up-to-date: /home/tars-go/sb/install/auto_aim_interfaces/include/auto_aim_interfaces/auto_aim_interfaces/msg/detail/tracker_info__rosidl_typesupport_fastrtps_cpp.hpp
[1.614s] -- Up-to-date: /home/tars-go/sb/install/auto_aim_interfaces/include/auto_aim_interfaces/auto_aim_interfaces/msg/detail/debug_lights__rosidl_typesupport_fastrtps_cpp.hpp
[1.614s] -- Up-to-date: /home/tars-go/sb/install/auto_aim_interfaces/include/auto_aim_interfaces/auto_aim_interfaces/msg/detail/debug_light__rosidl_typesupport_fastrtps_cpp.hpp
[1.614s] -- Up-to-date: /home/tars-go/sb/install/auto_aim_interfaces/include/auto_aim_interfaces/auto_aim_interfaces/msg/detail/debug_armors__rosidl_typesupport_fastrtps_cpp.hpp
[1.614s] -- Up-to-date: /home/tars-go/sb/install/auto_aim_interfaces/include/auto_aim_interfaces/auto_aim_interfaces/msg/detail/debug_armor__rosidl_typesupport_fastrtps_cpp.hpp
[1.614s] -- Up-to-date: /home/tars-go/sb/install/auto_aim_interfaces/include/auto_aim_interfaces/auto_aim_interfaces/msg/detail/armors__rosidl_typesupport_fastrtps_cpp.hpp
[1.614s] -- Up-to-date: /home/tars-go/sb/install/auto_aim_interfaces/include/auto_aim_interfaces/auto_aim_interfaces/msg/detail/dds_fastrtps
[1.614s] -- Up-to-date: /home/tars-go/sb/install/auto_aim_interfaces/include/auto_aim_interfaces/auto_aim_interfaces/msg/detail/target__rosidl_typesupport_fastrtps_cpp.hpp
[1.614s] -- Up-to-date: /home/tars-go/sb/install/auto_aim_interfaces/include/auto_aim_interfaces/auto_aim_interfaces/msg/detail/armor__rosidl_typesupport_fastrtps_cpp.hpp
[1.614s] -- Up-to-date: /home/tars-go/sb/install/auto_aim_interfaces/lib/libauto_aim_interfaces__rosidl_typesupport_fastrtps_cpp.so
[1.614s] -- Up-to-date: /home/tars-go/sb/install/auto_aim_interfaces/include/auto_aim_interfaces/auto_aim_interfaces
[1.614s] -- Up-to-date: /home/tars-go/sb/install/auto_aim_interfaces/include/auto_aim_interfaces/auto_aim_interfaces/msg
[1.614s] -- Up-to-date: /home/tars-go/sb/install/auto_aim_interfaces/include/auto_aim_interfaces/auto_aim_interfaces/msg/detail
[1.614s] -- Up-to-date: /home/tars-go/sb/install/auto_aim_interfaces/include/auto_aim_interfaces/auto_aim_interfaces/msg/detail/tracker_info__rosidl_typesupport_introspection_cpp.hpp
[1.614s] -- Up-to-date: /home/tars-go/sb/install/auto_aim_interfaces/include/auto_aim_interfaces/auto_aim_interfaces/msg/detail/debug_lights__rosidl_typesupport_introspection_cpp.hpp
[1.614s] -- Up-to-date: /home/tars-go/sb/install/auto_aim_interfaces/include/auto_aim_interfaces/auto_aim_interfaces/msg/detail/armor__type_support.cpp
[1.614s] -- Up-to-date: /home/tars-go/sb/install/auto_aim_interfaces/include/auto_aim_interfaces/auto_aim_interfaces/msg/detail/tracker_info__type_support.cpp
[1.614s] -- Up-to-date: /home/tars-go/sb/install/auto_aim_interfaces/include/auto_aim_interfaces/auto_aim_interfaces/msg/detail/armor__rosidl_typesupport_introspection_cpp.hpp
[1.614s] -- Up-to-date: /home/tars-go/sb/install/auto_aim_interfaces/include/auto_aim_interfaces/auto_aim_interfaces/msg/detail/debug_armor__rosidl_typesupport_introspection_cpp.hpp
[1.614s] -- Up-to-date: /home/tars-go/sb/install/auto_aim_interfaces/include/auto_aim_interfaces/auto_aim_interfaces/msg/detail/debug_light__type_support.cpp
[1.614s] -- Up-to-date: /home/tars-go/sb/install/auto_aim_interfaces/include/auto_aim_interfaces/auto_aim_interfaces/msg/detail/debug_armors__type_support.cpp
[1.614s] -- Up-to-date: /home/tars-go/sb/install/auto_aim_interfaces/include/auto_aim_interfaces/auto_aim_interfaces/msg/detail/debug_armor__type_support.cpp
[1.614s] -- Up-to-date: /home/tars-go/sb/install/auto_aim_interfaces/include/auto_aim_interfaces/auto_aim_interfaces/msg/detail/target__type_support.cpp
[1.614s] -- Up-to-date: /home/tars-go/sb/install/auto_aim_interfaces/include/auto_aim_interfaces/auto_aim_interfaces/msg/detail/debug_armors__rosidl_typesupport_introspection_cpp.hpp
[1.614s] -- Up-to-date: /home/tars-go/sb/install/auto_aim_interfaces/include/auto_aim_interfaces/auto_aim_interfaces/msg/detail/target__rosidl_typesupport_introspection_cpp.hpp
[1.614s] -- Up-to-date: /home/tars-go/sb/install/auto_aim_interfaces/include/auto_aim_interfaces/auto_aim_interfaces/msg/detail/armors__type_support.cpp
[1.614s] -- Up-to-date: /home/tars-go/sb/install/auto_aim_interfaces/include/auto_aim_interfaces/auto_aim_interfaces/msg/detail/armors__rosidl_typesupport_introspection_cpp.hpp
[1.614s] -- Up-to-date: /home/tars-go/sb/install/auto_aim_interfaces/include/auto_aim_interfaces/auto_aim_interfaces/msg/detail/debug_light__rosidl_typesupport_introspection_cpp.hpp
[1.614s] -- Up-to-date: /home/tars-go/sb/install/auto_aim_interfaces/include/auto_aim_interfaces/auto_aim_interfaces/msg/detail/debug_lights__type_support.cpp
[1.614s] -- Up-to-date: /home/tars-go/sb/install/auto_aim_interfaces/lib/libauto_aim_interfaces__rosidl_typesupport_introspection_cpp.so
[1.614s] -- Up-to-date: /home/tars-go/sb/install/auto_aim_interfaces/lib/libauto_aim_interfaces__rosidl_typesupport_cpp.so
[1.614s] -- Up-to-date: /home/tars-go/sb/install/auto_aim_interfaces/share/auto_aim_interfaces/environment/pythonpath.sh
[1.614s] -- Installing: /home/tars-go/sb/install/auto_aim_interfaces/share/auto_aim_interfaces/environment/pythonpath.dsv
[1.614s] -- Up-to-date: /home/tars-go/sb/install/auto_aim_interfaces/local/lib/python3.10/dist-packages/auto_aim_interfaces-0.0.0-py3.10.egg-info
[1.614s] -- Installing: /home/tars-go/sb/install/auto_aim_interfaces/local/lib/python3.10/dist-packages/auto_aim_interfaces-0.0.0-py3.10.egg-info/dependency_links.txt
[1.614s] -- Installing: /home/tars-go/sb/install/auto_aim_interfaces/local/lib/python3.10/dist-packages/auto_aim_interfaces-0.0.0-py3.10.egg-info/SOURCES.txt
[1.614s] -- Installing: /home/tars-go/sb/install/auto_aim_interfaces/local/lib/python3.10/dist-packages/auto_aim_interfaces-0.0.0-py3.10.egg-info/PKG-INFO
[1.615s] -- Installing: /home/tars-go/sb/install/auto_aim_interfaces/local/lib/python3.10/dist-packages/auto_aim_interfaces-0.0.0-py3.10.egg-info/top_level.txt
[1.615s] -- Up-to-date: /home/tars-go/sb/install/auto_aim_interfaces/local/lib/python3.10/dist-packages/auto_aim_interfaces
[1.615s] -- Up-to-date: /home/tars-go/sb/install/auto_aim_interfaces/local/lib/python3.10/dist-packages/auto_aim_interfaces/_auto_aim_interfaces_s.ep.rosidl_typesupport_introspection_c.c
[1.615s] -- Up-to-date: /home/tars-go/sb/install/auto_aim_interfaces/local/lib/python3.10/dist-packages/auto_aim_interfaces/auto_aim_interfaces_s__rosidl_typesupport_fastrtps_c.cpython-310-x86_64-linux-gnu.so
[1.615s] -- Up-to-date: /home/tars-go/sb/install/auto_aim_interfaces/local/lib/python3.10/dist-packages/auto_aim_interfaces/msg
[1.615s] -- Up-to-date: /home/tars-go/sb/install/auto_aim_interfaces/local/lib/python3.10/dist-packages/auto_aim_interfaces/msg/_tracker_info_s.c
[1.615s] -- Up-to-date: /home/tars-go/sb/install/auto_aim_interfaces/local/lib/python3.10/dist-packages/auto_aim_interfaces/msg/_debug_lights.py
[1.615s] -- Up-to-date: /home/tars-go/sb/install/auto_aim_interfaces/local/lib/python3.10/dist-packages/auto_aim_interfaces/msg/_target.py
[1.615s] -- Up-to-date: /home/tars-go/sb/install/auto_aim_interfaces/local/lib/python3.10/dist-packages/auto_aim_interfaces/msg/_target_s.c
[1.615s] -- Up-to-date: /home/tars-go/sb/install/auto_aim_interfaces/local/lib/python3.10/dist-packages/auto_aim_interfaces/msg/_debug_armors_s.c
[1.615s] -- Up-to-date: /home/tars-go/sb/install/auto_aim_interfaces/local/lib/python3.10/dist-packages/auto_aim_interfaces/msg/_debug_lights_s.c
[1.615s] -- Up-to-date: /home/tars-go/sb/install/auto_aim_interfaces/local/lib/python3.10/dist-packages/auto_aim_interfaces/msg/_armor_s.c
[1.615s] -- Up-to-date: /home/tars-go/sb/install/auto_aim_interfaces/local/lib/python3.10/dist-packages/auto_aim_interfaces/msg/__init__.py
[1.615s] -- Up-to-date: /home/tars-go/sb/install/auto_aim_interfaces/local/lib/python3.10/dist-packages/auto_aim_interfaces/msg/_debug_armors.py
[1.615s] -- Up-to-date: /home/tars-go/sb/install/auto_aim_interfaces/local/lib/python3.10/dist-packages/auto_aim_interfaces/msg/_armor.py
[1.615s] -- Up-to-date: /home/tars-go/sb/install/auto_aim_interfaces/local/lib/python3.10/dist-packages/auto_aim_interfaces/msg/_debug_light_s.c
[1.615s] -- Up-to-date: /home/tars-go/sb/install/auto_aim_interfaces/local/lib/python3.10/dist-packages/auto_aim_interfaces/msg/_tracker_info.py
[1.615s] -- Up-to-date: /home/tars-go/sb/install/auto_aim_interfaces/local/lib/python3.10/dist-packages/auto_aim_interfaces/msg/_debug_armor.py
[1.615s] -- Up-to-date: /home/tars-go/sb/install/auto_aim_interfaces/local/lib/python3.10/dist-packages/auto_aim_interfaces/msg/_armors.py
[1.615s] -- Up-to-date: /home/tars-go/sb/install/auto_aim_interfaces/local/lib/python3.10/dist-packages/auto_aim_interfaces/msg/_debug_light.py
[1.615s] -- Up-to-date: /home/tars-go/sb/install/auto_aim_interfaces/local/lib/python3.10/dist-packages/auto_aim_interfaces/msg/_debug_armor_s.c
[1.615s] -- Up-to-date: /home/tars-go/sb/install/auto_aim_interfaces/local/lib/python3.10/dist-packages/auto_aim_interfaces/msg/_armors_s.c
[1.615s] -- Installing: /home/tars-go/sb/install/auto_aim_interfaces/local/lib/python3.10/dist-packages/auto_aim_interfaces/__init__.py
[1.615s] -- Up-to-date: /home/tars-go/sb/install/auto_aim_interfaces/local/lib/python3.10/dist-packages/auto_aim_interfaces/auto_aim_interfaces_s__rosidl_typesupport_introspection_c.cpython-310-x86_64-linux-gnu.so
[1.615s] -- Up-to-date: /home/tars-go/sb/install/auto_aim_interfaces/local/lib/python3.10/dist-packages/auto_aim_interfaces/_auto_aim_interfaces_s.ep.rosidl_typesupport_c.c
[1.615s] -- Up-to-date: /home/tars-go/sb/install/auto_aim_interfaces/local/lib/python3.10/dist-packages/auto_aim_interfaces/libauto_aim_interfaces__rosidl_generator_py.so
[1.615s] -- Up-to-date: /home/tars-go/sb/install/auto_aim_interfaces/local/lib/python3.10/dist-packages/auto_aim_interfaces/auto_aim_interfaces_s__rosidl_typesupport_c.cpython-310-x86_64-linux-gnu.so
[1.615s] -- Up-to-date: /home/tars-go/sb/install/auto_aim_interfaces/local/lib/python3.10/dist-packages/auto_aim_interfaces/_auto_aim_interfaces_s.ep.rosidl_typesupport_fastrtps_c.c
[1.632s] Listing '/home/tars-go/sb/install/auto_aim_interfaces/local/lib/python3.10/dist-packages/auto_aim_interfaces'...
[1.632s] Compiling '/home/tars-go/sb/install/auto_aim_interfaces/local/lib/python3.10/dist-packages/auto_aim_interfaces/__init__.py'...
[1.632s] Listing '/home/tars-go/sb/install/auto_aim_interfaces/local/lib/python3.10/dist-packages/auto_aim_interfaces/msg'...
[1.635s] -- Up-to-date: /home/tars-go/sb/install/auto_aim_interfaces/local/lib/python3.10/dist-packages/auto_aim_interfaces/auto_aim_interfaces_s__rosidl_typesupport_fastrtps_c.cpython-310-x86_64-linux-gnu.so
[1.635s] -- Up-to-date: /home/tars-go/sb/install/auto_aim_interfaces/local/lib/python3.10/dist-packages/auto_aim_interfaces/auto_aim_interfaces_s__rosidl_typesupport_introspection_c.cpython-310-x86_64-linux-gnu.so
[1.636s] -- Up-to-date: /home/tars-go/sb/install/auto_aim_interfaces/local/lib/python3.10/dist-packages/auto_aim_interfaces/auto_aim_interfaces_s__rosidl_typesupport_c.cpython-310-x86_64-linux-gnu.so
[1.636s] -- Up-to-date: /home/tars-go/sb/install/auto_aim_interfaces/lib/libauto_aim_interfaces__rosidl_generator_py.so
[1.636s] -- Up-to-date: /home/tars-go/sb/install/auto_aim_interfaces/share/auto_aim_interfaces/msg/Armor.idl
[1.636s] -- Up-to-date: /home/tars-go/sb/install/auto_aim_interfaces/share/auto_aim_interfaces/msg/Armors.idl
[1.637s] -- Up-to-date: /home/tars-go/sb/install/auto_aim_interfaces/share/auto_aim_interfaces/msg/Target.idl
[1.637s] -- Up-to-date: /home/tars-go/sb/install/auto_aim_interfaces/share/auto_aim_interfaces/msg/DebugLight.idl
[1.637s] -- Up-to-date: /home/tars-go/sb/install/auto_aim_interfaces/share/auto_aim_interfaces/msg/DebugLights.idl
[1.637s] -- Up-to-date: /home/tars-go/sb/install/auto_aim_interfaces/share/auto_aim_interfaces/msg/DebugArmor.idl
[1.637s] -- Up-to-date: /home/tars-go/sb/install/auto_aim_interfaces/share/auto_aim_interfaces/msg/DebugArmors.idl
[1.637s] -- Up-to-date: /home/tars-go/sb/install/auto_aim_interfaces/share/auto_aim_interfaces/msg/TrackerInfo.idl
[1.637s] -- Up-to-date: /home/tars-go/sb/install/auto_aim_interfaces/share/auto_aim_interfaces/msg/Armor.msg
[1.637s] -- Up-to-date: /home/tars-go/sb/install/auto_aim_interfaces/share/auto_aim_interfaces/msg/Armors.msg
[1.637s] -- Up-to-date: /home/tars-go/sb/install/auto_aim_interfaces/share/auto_aim_interfaces/msg/Target.msg
[1.637s] -- Up-to-date: /home/tars-go/sb/install/auto_aim_interfaces/share/auto_aim_interfaces/msg/DebugLight.msg
[1.638s] -- Up-to-date: /home/tars-go/sb/install/auto_aim_interfaces/share/auto_aim_interfaces/msg/DebugLights.msg
[1.638s] -- Up-to-date: /home/tars-go/sb/install/auto_aim_interfaces/share/auto_aim_interfaces/msg/DebugArmor.msg
[1.638s] -- Up-to-date: /home/tars-go/sb/install/auto_aim_interfaces/share/auto_aim_interfaces/msg/DebugArmors.msg
[1.638s] -- Up-to-date: /home/tars-go/sb/install/auto_aim_interfaces/share/auto_aim_interfaces/msg/TrackerInfo.msg
[1.638s] -- Up-to-date: /home/tars-go/sb/install/auto_aim_interfaces/share/ament_index/resource_index/package_run_dependencies/auto_aim_interfaces
[1.638s] -- Up-to-date: /home/tars-go/sb/install/auto_aim_interfaces/share/ament_index/resource_index/parent_prefix_path/auto_aim_interfaces
[1.638s] -- Up-to-date: /home/tars-go/sb/install/auto_aim_interfaces/share/auto_aim_interfaces/environment/ament_prefix_path.sh
[1.638s] -- Installing: /home/tars-go/sb/install/auto_aim_interfaces/share/auto_aim_interfaces/environment/ament_prefix_path.dsv
[1.638s] -- Up-to-date: /home/tars-go/sb/install/auto_aim_interfaces/share/auto_aim_interfaces/environment/path.sh
[1.638s] -- Installing: /home/tars-go/sb/install/auto_aim_interfaces/share/auto_aim_interfaces/environment/path.dsv
[1.638s] -- Up-to-date: /home/tars-go/sb/install/auto_aim_interfaces/share/auto_aim_interfaces/local_setup.bash
[1.638s] -- Up-to-date: /home/tars-go/sb/install/auto_aim_interfaces/share/auto_aim_interfaces/local_setup.sh
[1.639s] -- Up-to-date: /home/tars-go/sb/install/auto_aim_interfaces/share/auto_aim_interfaces/local_setup.zsh
[1.639s] -- Installing: /home/tars-go/sb/install/auto_aim_interfaces/share/auto_aim_interfaces/local_setup.dsv
[1.639s] -- Installing: /home/tars-go/sb/install/auto_aim_interfaces/share/auto_aim_interfaces/package.dsv
[1.639s] -- Up-to-date: /home/tars-go/sb/install/auto_aim_interfaces/share/ament_index/resource_index/packages/auto_aim_interfaces
[1.639s] -- Up-to-date: /home/tars-go/sb/install/auto_aim_interfaces/share/auto_aim_interfaces/cmake/export_auto_aim_interfaces__rosidl_generator_cExport.cmake
[1.639s] -- Up-to-date: /home/tars-go/sb/install/auto_aim_interfaces/share/auto_aim_interfaces/cmake/export_auto_aim_interfaces__rosidl_generator_cExport-noconfig.cmake
[1.639s] -- Up-to-date: /home/tars-go/sb/install/auto_aim_interfaces/share/auto_aim_interfaces/cmake/export_auto_aim_interfaces__rosidl_typesupport_fastrtps_cExport.cmake
[1.639s] -- Up-to-date: /home/tars-go/sb/install/auto_aim_interfaces/share/auto_aim_interfaces/cmake/export_auto_aim_interfaces__rosidl_typesupport_fastrtps_cExport-noconfig.cmake
[1.640s] -- Up-to-date: /home/tars-go/sb/install/auto_aim_interfaces/share/auto_aim_interfaces/cmake/auto_aim_interfaces__rosidl_typesupport_introspection_cExport.cmake
[1.640s] -- Up-to-date: /home/tars-go/sb/install/auto_aim_interfaces/share/auto_aim_interfaces/cmake/auto_aim_interfaces__rosidl_typesupport_introspection_cExport-noconfig.cmake
[1.640s] -- Up-to-date: /home/tars-go/sb/install/auto_aim_interfaces/share/auto_aim_interfaces/cmake/auto_aim_interfaces__rosidl_typesupport_cExport.cmake
[1.640s] -- Up-to-date: /home/tars-go/sb/install/auto_aim_interfaces/share/auto_aim_interfaces/cmake/auto_aim_interfaces__rosidl_typesupport_cExport-noconfig.cmake
[1.640s] -- Up-to-date: /home/tars-go/sb/install/auto_aim_interfaces/share/auto_aim_interfaces/cmake/export_auto_aim_interfaces__rosidl_generator_cppExport.cmake
[1.641s] -- Up-to-date: /home/tars-go/sb/install/auto_aim_interfaces/share/auto_aim_interfaces/cmake/export_auto_aim_interfaces__rosidl_typesupport_fastrtps_cppExport.cmake
[1.641s] -- Up-to-date: /home/tars-go/sb/install/auto_aim_interfaces/share/auto_aim_interfaces/cmake/export_auto_aim_interfaces__rosidl_typesupport_fastrtps_cppExport-noconfig.cmake
[1.641s] -- Up-to-date: /home/tars-go/sb/install/auto_aim_interfaces/share/auto_aim_interfaces/cmake/auto_aim_interfaces__rosidl_typesupport_introspection_cppExport.cmake
[1.641s] -- Up-to-date: /home/tars-go/sb/install/auto_aim_interfaces/share/auto_aim_interfaces/cmake/auto_aim_interfaces__rosidl_typesupport_introspection_cppExport-noconfig.cmake
[1.641s] -- Up-to-date: /home/tars-go/sb/install/auto_aim_interfaces/share/auto_aim_interfaces/cmake/auto_aim_interfaces__rosidl_typesupport_cppExport.cmake
[1.641s] -- Up-to-date: /home/tars-go/sb/install/auto_aim_interfaces/share/auto_aim_interfaces/cmake/auto_aim_interfaces__rosidl_typesupport_cppExport-noconfig.cmake
[1.641s] -- Up-to-date: /home/tars-go/sb/install/auto_aim_interfaces/share/auto_aim_interfaces/cmake/export_auto_aim_interfaces__rosidl_generator_pyExport.cmake
[1.642s] -- Up-to-date: /home/tars-go/sb/install/auto_aim_interfaces/share/auto_aim_interfaces/cmake/export_auto_aim_interfaces__rosidl_generator_pyExport-noconfig.cmake
[1.642s] -- Up-to-date: /home/tars-go/sb/install/auto_aim_interfaces/share/auto_aim_interfaces/cmake/rosidl_cmake-extras.cmake
[1.642s] -- Up-to-date: /home/tars-go/sb/install/auto_aim_interfaces/share/auto_aim_interfaces/cmake/ament_cmake_export_dependencies-extras.cmake
[1.642s] -- Up-to-date: /home/tars-go/sb/install/auto_aim_interfaces/share/auto_aim_interfaces/cmake/ament_cmake_export_include_directories-extras.cmake
[1.642s] -- Up-to-date: /home/tars-go/sb/install/auto_aim_interfaces/share/auto_aim_interfaces/cmake/ament_cmake_export_libraries-extras.cmake
[1.642s] -- Up-to-date: /home/tars-go/sb/install/auto_aim_interfaces/share/auto_aim_interfaces/cmake/ament_cmake_export_targets-extras.cmake
[1.642s] -- Up-to-date: /home/tars-go/sb/install/auto_aim_interfaces/share/auto_aim_interfaces/cmake/rosidl_cmake_export_typesupport_targets-extras.cmake
[1.642s] -- Up-to-date: /home/tars-go/sb/install/auto_aim_interfaces/share/auto_aim_interfaces/cmake/rosidl_cmake_export_typesupport_libraries-extras.cmake
[1.642s] -- Up-to-date: /home/tars-go/sb/install/auto_aim_interfaces/share/auto_aim_interfaces/cmake/auto_aim_interfacesConfig.cmake
[1.643s] -- Up-to-date: /home/tars-go/sb/install/auto_aim_interfaces/share/auto_aim_interfaces/cmake/auto_aim_interfacesConfig-version.cmake
[1.643s] -- Up-to-date: /home/tars-go/sb/install/auto_aim_interfaces/share/auto_aim_interfaces/package.xml
[1.643s] Invoked command in '/home/tars-go/sb/build/auto_aim_interfaces' returned '0': CMAKE_PREFIX_PATH=/opt/ros/humble /usr/bin/cmake --install /home/tars-go/sb/build/auto_aim_interfaces
