[0.046s] Invoking command in '/home/tars-go/sb/build/rm_gimbal_description': CMAKE_PREFIX_PATH=${CMAKE_PREFIX_PATH}:/opt/ros/humble /usr/bin/cmake /home/tars-go/sb/src/rm_vision/rm_gimbal_description-main/rm_gimbal_description-main -DCMAKE_BUILD_TYPE=RelWithDebInfo -DCMAKE_INSTALL_PREFIX=/home/tars-go/sb/install/rm_gimbal_description
[0.059s] -- Found ament_cmake: 1.3.6 (/opt/ros/humble/share/ament_cmake/cmake)
[0.193s] -- Found ament_lint_auto: 0.12.9 (/opt/ros/humble/share/ament_lint_auto/cmake)
[0.281s] -- Added test 'lint_cmake' to check CMake code style
[0.282s] -- Added test 'xmllint' to check XML markup files
[0.282s] -- Configuring done
[0.285s] -- Generating done
[0.285s] -- Build files have been written to: /home/tars-go/sb/build/rm_gimbal_description
[0.287s] Invoked command in '/home/tars-go/sb/build/rm_gimbal_description' returned '0': CMAKE_PREFIX_PATH=${CMAKE_PREFIX_PATH}:/opt/ros/humble /usr/bin/cmake /home/tars-go/sb/src/rm_vision/rm_gimbal_description-main/rm_gimbal_description-main -DCMAKE_BUILD_TYPE=RelWithDebInfo -DCMAKE_INSTALL_PREFIX=/home/tars-go/sb/install/rm_gimbal_description
[0.289s] Invoking command in '/home/tars-go/sb/build/rm_gimbal_description': CMAKE_PREFIX_PATH=${CMAKE_PREFIX_PATH}:/opt/ros/humble /usr/bin/cmake --build /home/tars-go/sb/build/rm_gimbal_description -- -j16 -l16
[0.319s] Invoked command in '/home/tars-go/sb/build/rm_gimbal_description' returned '0': CMAKE_PREFIX_PATH=${CMAKE_PREFIX_PATH}:/opt/ros/humble /usr/bin/cmake --build /home/tars-go/sb/build/rm_gimbal_description -- -j16 -l16
[0.345s] Invoking command in '/home/tars-go/sb/build/rm_gimbal_description': CMAKE_PREFIX_PATH=${CMAKE_PREFIX_PATH}:/opt/ros/humble /usr/bin/cmake --install /home/tars-go/sb/build/rm_gimbal_description
[0.351s] -- Install configuration: "RelWithDebInfo"
[0.351s] -- Up-to-date: /home/tars-go/sb/install/rm_gimbal_description/share/rm_gimbal_description/urdf
[0.351s] -- Up-to-date: /home/tars-go/sb/install/rm_gimbal_description/share/rm_gimbal_description/urdf/rm_gimbal.urdf.xacro
[0.352s] -- Up-to-date: /home/tars-go/sb/install/rm_gimbal_description/share/ament_index/resource_index/package_run_dependencies/rm_gimbal_description
[0.352s] -- Installing: /home/tars-go/sb/install/rm_gimbal_description/share/ament_index/resource_index/parent_prefix_path/rm_gimbal_description
[0.352s] -- Up-to-date: /home/tars-go/sb/install/rm_gimbal_description/share/rm_gimbal_description/environment/ament_prefix_path.sh
[0.352s] -- Installing: /home/tars-go/sb/install/rm_gimbal_description/share/rm_gimbal_description/environment/ament_prefix_path.dsv
[0.352s] -- Up-to-date: /home/tars-go/sb/install/rm_gimbal_description/share/rm_gimbal_description/environment/path.sh
[0.352s] -- Installing: /home/tars-go/sb/install/rm_gimbal_description/share/rm_gimbal_description/environment/path.dsv
[0.352s] -- Up-to-date: /home/tars-go/sb/install/rm_gimbal_description/share/rm_gimbal_description/local_setup.bash
[0.352s] -- Up-to-date: /home/tars-go/sb/install/rm_gimbal_description/share/rm_gimbal_description/local_setup.sh
[0.352s] -- Up-to-date: /home/tars-go/sb/install/rm_gimbal_description/share/rm_gimbal_description/local_setup.zsh
[0.352s] -- Installing: /home/tars-go/sb/install/rm_gimbal_description/share/rm_gimbal_description/local_setup.dsv
[0.353s] -- Installing: /home/tars-go/sb/install/rm_gimbal_description/share/rm_gimbal_description/package.dsv
[0.353s] -- Up-to-date: /home/tars-go/sb/install/rm_gimbal_description/share/ament_index/resource_index/packages/rm_gimbal_description
[0.354s] -- Up-to-date: /home/tars-go/sb/install/rm_gimbal_description/share/rm_gimbal_description/cmake/rm_gimbal_descriptionConfig.cmake
[0.354s] -- Up-to-date: /home/tars-go/sb/install/rm_gimbal_description/share/rm_gimbal_description/cmake/rm_gimbal_descriptionConfig-version.cmake
[0.354s] -- Up-to-date: /home/tars-go/sb/install/rm_gimbal_description/share/rm_gimbal_description/package.xml
[0.354s] Invoked command in '/home/tars-go/sb/build/rm_gimbal_description' returned '0': CMAKE_PREFIX_PATH=${CMAKE_PREFIX_PATH}:/opt/ros/humble /usr/bin/cmake --install /home/tars-go/sb/build/rm_gimbal_description
