[0.118s] Invoking command in '/home/tars-go/sb/build/galaxy_camera': CMAKE_PREFIX_PATH=/opt/ros/humble /usr/bin/cmake /home/tars-go/sb/src/rm_vision_ros2_galaxy_camera-master -DCMAKE_INSTALL_PREFIX=/home/tars-go/sb/install/galaxy_camera
[0.170s] -- The C compiler identification is GNU 11.4.0
[0.213s] -- The CXX compiler identification is GNU 11.4.0
[0.219s] -- Detecting C compiler ABI info
[0.278s] -- Detecting C compiler ABI info - done
[0.288s] -- Check for working C compiler: /usr/bin/cc - skipped
[0.288s] -- Detecting C compile features
[0.288s] -- Detecting C compile features - done
[0.291s] -- Detecting CXX compiler ABI info
[0.368s] -- Detecting CXX compiler ABI info - done
[0.376s] -- Check for working CXX compiler: /usr/bin/c++ - skipped
[0.376s] -- Detecting CXX compile features
[0.377s] -- Detecting CXX compile features - done
[0.379s] -- Found ament_cmake_auto: 1.3.6 (/opt/ros/humble/share/ament_cmake_auto/cmake)
[0.534s] -- Found Python3: /usr/bin/python3.10 (found version "3.10.12") found components: Interpreter 
[0.685s] -- Found rosidl_generator_c: 3.1.5 (/opt/ros/humble/share/rosidl_generator_c/cmake)
[0.688s] -- Found rosidl_adapter: 3.1.5 (/opt/ros/humble/share/rosidl_adapter/cmake)
[0.694s] -- Found rosidl_generator_cpp: 3.1.5 (/opt/ros/humble/share/rosidl_generator_cpp/cmake)
[0.705s] -- Using all available rosidl_typesupport_c: rosidl_typesupport_fastrtps_c;rosidl_typesupport_introspection_c
[0.724s] -- Using all available rosidl_typesupport_cpp: rosidl_typesupport_fastrtps_cpp;rosidl_typesupport_introspection_cpp
[0.780s] -- Found rmw_implementation_cmake: 6.1.1 (/opt/ros/humble/share/rmw_implementation_cmake/cmake)
[0.782s] -- Found rmw_fastrtps_cpp: 6.2.5 (/opt/ros/humble/share/rmw_fastrtps_cpp/cmake)
[0.866s] -- Found OpenSSL: /usr/lib/x86_64-linux-gnu/libcrypto.so (found version "3.0.2")  
[0.895s] -- Found FastRTPS: /opt/ros/humble/include  
[0.943s] -- Using RMW implementation 'rmw_fastrtps_cpp' as default
[0.951s] -- Looking for pthread.h
[1.016s] -- Looking for pthread.h - found
[1.016s] -- Performing Test CMAKE_HAVE_LIBC_PTHREAD
[1.075s] -- Performing Test CMAKE_HAVE_LIBC_PTHREAD - Success
[1.076s] -- Found Threads: TRUE  
[1.441s] -- Found ament_lint_auto: 0.12.9 (/opt/ros/humble/share/ament_lint_auto/cmake)
[1.454s] -- Added test 'cppcheck' to perform static code analysis on C / C++ code
[1.454s] -- Configured cppcheck include dirs: /home/tars-go/sb/src/rm_vision_ros2_galaxy_camera-master/GalaxySDK/include
[1.454s] -- Configured cppcheck exclude dirs and/or files: 
[1.455s] -- Added test 'flake8' to check Python code syntax and style conventions
[1.455s] -- Added test 'lint_cmake' to check CMake code style
[1.455s] -- Added test 'pep257' to check Python code against some of the docstring style conventions in PEP 257
[1.456s] -- Added test 'xmllint' to check XML markup files
[1.457s] -- Configuring done
[1.468s] -- Generating done
[1.470s] -- Build files have been written to: /home/tars-go/sb/build/galaxy_camera
[1.476s] Invoked command in '/home/tars-go/sb/build/galaxy_camera' returned '0': CMAKE_PREFIX_PATH=/opt/ros/humble /usr/bin/cmake /home/tars-go/sb/src/rm_vision_ros2_galaxy_camera-master -DCMAKE_INSTALL_PREFIX=/home/tars-go/sb/install/galaxy_camera
[1.478s] Invoking command in '/home/tars-go/sb/build/galaxy_camera': CMAKE_PREFIX_PATH=/opt/ros/humble /usr/bin/cmake --build /home/tars-go/sb/build/galaxy_camera -- -j16 -l16
[1.521s] [ 25%] [32mBuilding CXX object CMakeFiles/galaxy_camera.dir/src/galaxy_camera_node.cpp.o[0m
[1.524s] [ 50%] [32mBuilding CXX object CMakeFiles/galaxy_camera_node.dir/rclcpp_components/node_main_galaxy_camera_node.cpp.o[0m
[5.598s] [ 75%] [32m[1mLinking CXX shared library libgalaxy_camera.so[0m
[5.826s] [ 75%] Built target galaxy_camera
[6.082s] [100%] [32m[1mLinking CXX executable galaxy_camera_node[0m
[6.240s] [100%] Built target galaxy_camera_node
[6.259s] Invoked command in '/home/tars-go/sb/build/galaxy_camera' returned '0': CMAKE_PREFIX_PATH=/opt/ros/humble /usr/bin/cmake --build /home/tars-go/sb/build/galaxy_camera -- -j16 -l16
[6.343s] Invoking command in '/home/tars-go/sb/build/galaxy_camera': CMAKE_PREFIX_PATH=/opt/ros/humble /usr/bin/cmake --install /home/tars-go/sb/build/galaxy_camera
[6.350s] -- Install configuration: ""
[6.350s] -- Installing: /home/tars-go/sb/install/galaxy_camera/lib
[6.350s] -- Installing: /home/tars-go/sb/install/galaxy_camera/lib/GxGVTL.cti
[6.354s] -- Installing: /home/tars-go/sb/install/galaxy_camera/lib/bc4b08373788f18282ff1e747a98dd6c21a8b629.cache
[6.354s] -- Installing: /home/tars-go/sb/install/galaxy_camera/lib/GxU3VTL.cti
[6.356s] -- Installing: /home/tars-go/sb/install/galaxy_camera/lib/libgxiapi.so
[6.373s] -- Installing: /home/tars-go/sb/install/galaxy_camera/lib/galaxy_camera/galaxy_camera_node
[6.373s] -- Set runtime path of "/home/tars-go/sb/install/galaxy_camera/lib/galaxy_camera/galaxy_camera_node" to ""
[6.374s] -- Installing: /home/tars-go/sb/install/galaxy_camera/share/galaxy_camera/environment/library_path.sh
[6.374s] -- Installing: /home/tars-go/sb/install/galaxy_camera/share/galaxy_camera/environment/library_path.dsv
[6.374s] -- Installing: /home/tars-go/sb/install/galaxy_camera/lib/libgalaxy_camera.so
[6.375s] -- Set runtime path of "/home/tars-go/sb/install/galaxy_camera/lib/libgalaxy_camera.so" to ""
[6.375s] -- Installing: /home/tars-go/sb/install/galaxy_camera/share/galaxy_camera/config
[6.375s] -- Installing: /home/tars-go/sb/install/galaxy_camera/share/galaxy_camera/config/camera_params.yaml
[6.375s] -- Installing: /home/tars-go/sb/install/galaxy_camera/share/galaxy_camera/config/camera_info.yaml
[6.375s] -- Installing: /home/tars-go/sb/install/galaxy_camera/share/galaxy_camera/launch
[6.376s] -- Installing: /home/tars-go/sb/install/galaxy_camera/share/galaxy_camera/launch/galaxy_camera.launch.py
[6.376s] -- Installing: /home/tars-go/sb/install/galaxy_camera/share/ament_index/resource_index/package_run_dependencies/galaxy_camera
[6.376s] -- Installing: /home/tars-go/sb/install/galaxy_camera/share/ament_index/resource_index/parent_prefix_path/galaxy_camera
[6.376s] -- Installing: /home/tars-go/sb/install/galaxy_camera/share/galaxy_camera/environment/ament_prefix_path.sh
[6.377s] -- Installing: /home/tars-go/sb/install/galaxy_camera/share/galaxy_camera/environment/ament_prefix_path.dsv
[6.377s] -- Installing: /home/tars-go/sb/install/galaxy_camera/share/galaxy_camera/environment/path.sh
[6.378s] -- Installing: /home/tars-go/sb/install/galaxy_camera/share/galaxy_camera/environment/path.dsv
[6.378s] -- Installing: /home/tars-go/sb/install/galaxy_camera/share/galaxy_camera/local_setup.bash
[6.378s] -- Installing: /home/tars-go/sb/install/galaxy_camera/share/galaxy_camera/local_setup.sh
[6.378s] -- Installing: /home/tars-go/sb/install/galaxy_camera/share/galaxy_camera/local_setup.zsh
[6.379s] -- Installing: /home/tars-go/sb/install/galaxy_camera/share/galaxy_camera/local_setup.dsv
[6.379s] -- Installing: /home/tars-go/sb/install/galaxy_camera/share/galaxy_camera/package.dsv
[6.379s] -- Installing: /home/tars-go/sb/install/galaxy_camera/share/ament_index/resource_index/packages/galaxy_camera
[6.379s] -- Installing: /home/tars-go/sb/install/galaxy_camera/share/ament_index/resource_index/rclcpp_components/galaxy_camera
[6.379s] -- Installing: /home/tars-go/sb/install/galaxy_camera/share/galaxy_camera/cmake/ament_cmake_export_dependencies-extras.cmake
[6.379s] -- Installing: /home/tars-go/sb/install/galaxy_camera/share/galaxy_camera/cmake/ament_cmake_export_libraries-extras.cmake
[6.379s] -- Installing: /home/tars-go/sb/install/galaxy_camera/share/galaxy_camera/cmake/galaxy_cameraConfig.cmake
[6.379s] -- Installing: /home/tars-go/sb/install/galaxy_camera/share/galaxy_camera/cmake/galaxy_cameraConfig-version.cmake
[6.380s] -- Installing: /home/tars-go/sb/install/galaxy_camera/share/galaxy_camera/package.xml
[6.474s] Invoked command in '/home/tars-go/sb/build/galaxy_camera' returned '0': CMAKE_PREFIX_PATH=/opt/ros/humble /usr/bin/cmake --install /home/tars-go/sb/build/galaxy_camera
