[0.034s] Invoking command in '/home/tars-go/sb/build/rm_vision_bringup': AMENT_PREFIX_PATH=/home/tars-go/sb/install/rm_auto_aim:/home/tars-go/sb/install/rm_serial_driver:/home/tars-go/sb/install/armor_tracker:/home/tars-go/sb/install/armor_detector:/home/tars-go/sb/install/auto_aim_interfaces:${AMENT_PREFIX_PATH} CMAKE_PREFIX_PATH=/home/tars-go/sb/install/rm_auto_aim:/home/tars-go/sb/install/rm_serial_driver:/home/tars-go/sb/install/armor_tracker:/home/tars-go/sb/install/armor_detector:/home/tars-go/sb/install/auto_aim_interfaces:/opt/ros/humble LD_LIBRARY_PATH=/home/tars-go/sb/install/rm_serial_driver/lib:/home/tars-go/sb/install/armor_tracker/lib:/home/tars-go/sb/install/armor_detector/lib:/home/tars-go/sb/install/auto_aim_interfaces/lib:/opt/ros/humble/opt/rviz_ogre_vendor/lib:/opt/ros/humble/lib/x86_64-linux-gnu:/opt/ros/humble/lib:/opt/MVS/lib/64:/opt/MVS/lib/32:/opt/MVS/lib/64:/opt/MVS/lib/32 PYTHONPATH=/home/tars-go/sb/install/auto_aim_interfaces/local/lib/python3.10/dist-packages:${PYTHONPATH} /usr/bin/cmake /home/tars-go/sb/src/rm_vision/rm_vision-main/rm_vision-main/rm_vision_bringup -DCMAKE_INSTALL_PREFIX=/home/tars-go/sb/install/rm_vision_bringup
[0.073s] -- The C compiler identification is GNU 11.4.0
[0.106s] -- The CXX compiler identification is GNU 11.4.0
[0.111s] -- Detecting C compiler ABI info
[0.155s] -- Detecting C compiler ABI info - done
[0.160s] -- Check for working C compiler: /usr/bin/cc - skipped
[0.160s] -- Detecting C compile features
[0.161s] -- Detecting C compile features - done
[0.162s] -- Detecting CXX compiler ABI info
[0.211s] -- Detecting CXX compiler ABI info - done
[0.216s] -- Check for working CXX compiler: /usr/bin/c++ - skipped
[0.217s] -- Detecting CXX compile features
[0.217s] -- Detecting CXX compile features - done
[0.218s] -- Found ament_cmake_auto: 1.3.6 (/opt/ros/humble/share/ament_cmake_auto/cmake)
[0.327s] -- Found Python3: /usr/bin/python3.10 (found version "3.10.12") found components: Interpreter 
[0.385s] -- Found ament_lint_auto: 0.12.9 (/opt/ros/humble/share/ament_lint_auto/cmake)
[0.426s] -- Configuring done
[0.427s] -- Generating done
[0.427s] -- Build files have been written to: /home/tars-go/sb/build/rm_vision_bringup
[0.430s] Invoked command in '/home/tars-go/sb/build/rm_vision_bringup' returned '0': AMENT_PREFIX_PATH=/home/tars-go/sb/install/rm_auto_aim:/home/tars-go/sb/install/rm_serial_driver:/home/tars-go/sb/install/armor_tracker:/home/tars-go/sb/install/armor_detector:/home/tars-go/sb/install/auto_aim_interfaces:${AMENT_PREFIX_PATH} CMAKE_PREFIX_PATH=/home/tars-go/sb/install/rm_auto_aim:/home/tars-go/sb/install/rm_serial_driver:/home/tars-go/sb/install/armor_tracker:/home/tars-go/sb/install/armor_detector:/home/tars-go/sb/install/auto_aim_interfaces:/opt/ros/humble LD_LIBRARY_PATH=/home/tars-go/sb/install/rm_serial_driver/lib:/home/tars-go/sb/install/armor_tracker/lib:/home/tars-go/sb/install/armor_detector/lib:/home/tars-go/sb/install/auto_aim_interfaces/lib:/opt/ros/humble/opt/rviz_ogre_vendor/lib:/opt/ros/humble/lib/x86_64-linux-gnu:/opt/ros/humble/lib:/opt/MVS/lib/64:/opt/MVS/lib/32:/opt/MVS/lib/64:/opt/MVS/lib/32 PYTHONPATH=/home/tars-go/sb/install/auto_aim_interfaces/local/lib/python3.10/dist-packages:${PYTHONPATH} /usr/bin/cmake /home/tars-go/sb/src/rm_vision/rm_vision-main/rm_vision-main/rm_vision_bringup -DCMAKE_INSTALL_PREFIX=/home/tars-go/sb/install/rm_vision_bringup
[0.431s] Invoking command in '/home/tars-go/sb/build/rm_vision_bringup': AMENT_PREFIX_PATH=/home/tars-go/sb/install/rm_auto_aim:/home/tars-go/sb/install/rm_serial_driver:/home/tars-go/sb/install/armor_tracker:/home/tars-go/sb/install/armor_detector:/home/tars-go/sb/install/auto_aim_interfaces:${AMENT_PREFIX_PATH} CMAKE_PREFIX_PATH=/home/tars-go/sb/install/rm_auto_aim:/home/tars-go/sb/install/rm_serial_driver:/home/tars-go/sb/install/armor_tracker:/home/tars-go/sb/install/armor_detector:/home/tars-go/sb/install/auto_aim_interfaces:/opt/ros/humble LD_LIBRARY_PATH=/home/tars-go/sb/install/rm_serial_driver/lib:/home/tars-go/sb/install/armor_tracker/lib:/home/tars-go/sb/install/armor_detector/lib:/home/tars-go/sb/install/auto_aim_interfaces/lib:/opt/ros/humble/opt/rviz_ogre_vendor/lib:/opt/ros/humble/lib/x86_64-linux-gnu:/opt/ros/humble/lib:/opt/MVS/lib/64:/opt/MVS/lib/32:/opt/MVS/lib/64:/opt/MVS/lib/32 PYTHONPATH=/home/tars-go/sb/install/auto_aim_interfaces/local/lib/python3.10/dist-packages:${PYTHONPATH} /usr/bin/cmake --build /home/tars-go/sb/build/rm_vision_bringup -- -j16 -l16
[0.458s] Invoked command in '/home/tars-go/sb/build/rm_vision_bringup' returned '0': AMENT_PREFIX_PATH=/home/tars-go/sb/install/rm_auto_aim:/home/tars-go/sb/install/rm_serial_driver:/home/tars-go/sb/install/armor_tracker:/home/tars-go/sb/install/armor_detector:/home/tars-go/sb/install/auto_aim_interfaces:${AMENT_PREFIX_PATH} CMAKE_PREFIX_PATH=/home/tars-go/sb/install/rm_auto_aim:/home/tars-go/sb/install/rm_serial_driver:/home/tars-go/sb/install/armor_tracker:/home/tars-go/sb/install/armor_detector:/home/tars-go/sb/install/auto_aim_interfaces:/opt/ros/humble LD_LIBRARY_PATH=/home/tars-go/sb/install/rm_serial_driver/lib:/home/tars-go/sb/install/armor_tracker/lib:/home/tars-go/sb/install/armor_detector/lib:/home/tars-go/sb/install/auto_aim_interfaces/lib:/opt/ros/humble/opt/rviz_ogre_vendor/lib:/opt/ros/humble/lib/x86_64-linux-gnu:/opt/ros/humble/lib:/opt/MVS/lib/64:/opt/MVS/lib/32:/opt/MVS/lib/64:/opt/MVS/lib/32 PYTHONPATH=/home/tars-go/sb/install/auto_aim_interfaces/local/lib/python3.10/dist-packages:${PYTHONPATH} /usr/bin/cmake --build /home/tars-go/sb/build/rm_vision_bringup -- -j16 -l16
[0.471s] Invoking command in '/home/tars-go/sb/build/rm_vision_bringup': AMENT_PREFIX_PATH=/home/tars-go/sb/install/rm_auto_aim:/home/tars-go/sb/install/rm_serial_driver:/home/tars-go/sb/install/armor_tracker:/home/tars-go/sb/install/armor_detector:/home/tars-go/sb/install/auto_aim_interfaces:${AMENT_PREFIX_PATH} CMAKE_PREFIX_PATH=/home/tars-go/sb/install/rm_auto_aim:/home/tars-go/sb/install/rm_serial_driver:/home/tars-go/sb/install/armor_tracker:/home/tars-go/sb/install/armor_detector:/home/tars-go/sb/install/auto_aim_interfaces:/opt/ros/humble LD_LIBRARY_PATH=/home/tars-go/sb/install/rm_serial_driver/lib:/home/tars-go/sb/install/armor_tracker/lib:/home/tars-go/sb/install/armor_detector/lib:/home/tars-go/sb/install/auto_aim_interfaces/lib:/opt/ros/humble/opt/rviz_ogre_vendor/lib:/opt/ros/humble/lib/x86_64-linux-gnu:/opt/ros/humble/lib:/opt/MVS/lib/64:/opt/MVS/lib/32:/opt/MVS/lib/64:/opt/MVS/lib/32 PYTHONPATH=/home/tars-go/sb/install/auto_aim_interfaces/local/lib/python3.10/dist-packages:${PYTHONPATH} /usr/bin/cmake --install /home/tars-go/sb/build/rm_vision_bringup
[0.477s] -- Install configuration: ""
[0.477s] -- Installing: /home/tars-go/sb/install/rm_vision_bringup/share/rm_vision_bringup/launch
[0.477s] -- Installing: /home/tars-go/sb/install/rm_vision_bringup/share/rm_vision_bringup/launch/vision_bringup.launch.py
[0.477s] -- Installing: /home/tars-go/sb/install/rm_vision_bringup/share/rm_vision_bringup/launch/common.py
[0.477s] -- Installing: /home/tars-go/sb/install/rm_vision_bringup/share/rm_vision_bringup/launch/no_hardware.launch.py
[0.477s] -- Installing: /home/tars-go/sb/install/rm_vision_bringup/share/rm_vision_bringup/config
[0.477s] -- Installing: /home/tars-go/sb/install/rm_vision_bringup/share/rm_vision_bringup/config/node_params.yaml
[0.478s] -- Installing: /home/tars-go/sb/install/rm_vision_bringup/share/rm_vision_bringup/config/launch_params.yaml
[0.478s] -- Installing: /home/tars-go/sb/install/rm_vision_bringup/share/rm_vision_bringup/config/camera_info.yaml
[0.478s] -- Installing: /home/tars-go/sb/install/rm_vision_bringup/share/ament_index/resource_index/package_run_dependencies/rm_vision_bringup
[0.478s] -- Installing: /home/tars-go/sb/install/rm_vision_bringup/share/ament_index/resource_index/parent_prefix_path/rm_vision_bringup
[0.478s] -- Installing: /home/tars-go/sb/install/rm_vision_bringup/share/rm_vision_bringup/environment/ament_prefix_path.sh
[0.478s] -- Installing: /home/tars-go/sb/install/rm_vision_bringup/share/rm_vision_bringup/environment/ament_prefix_path.dsv
[0.478s] -- Installing: /home/tars-go/sb/install/rm_vision_bringup/share/rm_vision_bringup/environment/path.sh
[0.478s] -- Installing: /home/tars-go/sb/install/rm_vision_bringup/share/rm_vision_bringup/environment/path.dsv
[0.478s] -- Installing: /home/tars-go/sb/install/rm_vision_bringup/share/rm_vision_bringup/local_setup.bash
[0.478s] -- Installing: /home/tars-go/sb/install/rm_vision_bringup/share/rm_vision_bringup/local_setup.sh
[0.478s] -- Installing: /home/tars-go/sb/install/rm_vision_bringup/share/rm_vision_bringup/local_setup.zsh
[0.478s] -- Installing: /home/tars-go/sb/install/rm_vision_bringup/share/rm_vision_bringup/local_setup.dsv
[0.479s] -- Installing: /home/tars-go/sb/install/rm_vision_bringup/share/rm_vision_bringup/package.dsv
[0.479s] -- Installing: /home/tars-go/sb/install/rm_vision_bringup/share/ament_index/resource_index/packages/rm_vision_bringup
[0.479s] -- Installing: /home/tars-go/sb/install/rm_vision_bringup/share/rm_vision_bringup/cmake/rm_vision_bringupConfig.cmake
[0.479s] -- Installing: /home/tars-go/sb/install/rm_vision_bringup/share/rm_vision_bringup/cmake/rm_vision_bringupConfig-version.cmake
[0.479s] -- Installing: /home/tars-go/sb/install/rm_vision_bringup/share/rm_vision_bringup/package.xml
[0.480s] Invoked command in '/home/tars-go/sb/build/rm_vision_bringup' returned '0': AMENT_PREFIX_PATH=/home/tars-go/sb/install/rm_auto_aim:/home/tars-go/sb/install/rm_serial_driver:/home/tars-go/sb/install/armor_tracker:/home/tars-go/sb/install/armor_detector:/home/tars-go/sb/install/auto_aim_interfaces:${AMENT_PREFIX_PATH} CMAKE_PREFIX_PATH=/home/tars-go/sb/install/rm_auto_aim:/home/tars-go/sb/install/rm_serial_driver:/home/tars-go/sb/install/armor_tracker:/home/tars-go/sb/install/armor_detector:/home/tars-go/sb/install/auto_aim_interfaces:/opt/ros/humble LD_LIBRARY_PATH=/home/tars-go/sb/install/rm_serial_driver/lib:/home/tars-go/sb/install/armor_tracker/lib:/home/tars-go/sb/install/armor_detector/lib:/home/tars-go/sb/install/auto_aim_interfaces/lib:/opt/ros/humble/opt/rviz_ogre_vendor/lib:/opt/ros/humble/lib/x86_64-linux-gnu:/opt/ros/humble/lib:/opt/MVS/lib/64:/opt/MVS/lib/32:/opt/MVS/lib/64:/opt/MVS/lib/32 PYTHONPATH=/home/tars-go/sb/install/auto_aim_interfaces/local/lib/python3.10/dist-packages:${PYTHONPATH} /usr/bin/cmake --install /home/tars-go/sb/build/rm_vision_bringup
