[0.094s] Invoking command in '/home/tars-go/sb/build/hik_camera': CMAKE_PREFIX_PATH=/opt/ros/humble /usr/bin/cmake /home/tars-go/sb/src/rm_vision/ros2-hik-camera-main/ros2-hik-camera-main -DCMAKE_INSTALL_PREFIX=/home/tars-go/sb/install/hik_camera
[0.106s] -- Found ament_cmake_auto: 1.3.6 (/opt/ros/humble/share/ament_cmake_auto/cmake)
[0.341s] -- Found rosidl_generator_c: 3.1.5 (/opt/ros/humble/share/rosidl_generator_c/cmake)
[0.344s] -- Found rosidl_adapter: 3.1.5 (/opt/ros/humble/share/rosidl_adapter/cmake)
[0.351s] -- Found rosidl_generator_cpp: 3.1.5 (/opt/ros/humble/share/rosidl_generator_cpp/cmake)
[0.361s] -- Using all available rosidl_typesupport_c: rosidl_typesupport_fastrtps_c;rosidl_typesupport_introspection_c
[0.372s] -- Using all available rosidl_typesupport_cpp: rosidl_typesupport_fastrtps_cpp;rosidl_typesupport_introspection_cpp
[0.416s] -- Found rmw_implementation_cmake: 6.1.1 (/opt/ros/humble/share/rmw_implementation_cmake/cmake)
[0.417s] -- Found rmw_fastrtps_cpp: 6.2.5 (/opt/ros/humble/share/rmw_fastrtps_cpp/cmake)
[0.511s] -- Using RMW implementation 'rmw_fastrtps_cpp' as default
[0.845s] -- Found ament_lint_auto: 0.12.9 (/opt/ros/humble/share/ament_lint_auto/cmake)
[0.851s] -- Added test 'cppcheck' to perform static code analysis on C / C++ code
[0.851s] -- Configured cppcheck include dirs: /home/tars-go/sb/src/rm_vision/ros2-hik-camera-main/ros2-hik-camera-main/hikSDK/include
[0.851s] -- Configured cppcheck exclude dirs and/or files: 
[0.851s] -- Added test 'flake8' to check Python code syntax and style conventions
[0.851s] -- Added test 'lint_cmake' to check CMake code style
[0.852s] -- Added test 'pep257' to check Python code against some of the docstring style conventions in PEP 257
[0.852s] -- Added test 'xmllint' to check XML markup files
[0.853s] -- Configuring done
[0.864s] -- Generating done
[0.865s] -- Build files have been written to: /home/tars-go/sb/build/hik_camera
[0.872s] Invoked command in '/home/tars-go/sb/build/hik_camera' returned '0': CMAKE_PREFIX_PATH=/opt/ros/humble /usr/bin/cmake /home/tars-go/sb/src/rm_vision/ros2-hik-camera-main/ros2-hik-camera-main -DCMAKE_INSTALL_PREFIX=/home/tars-go/sb/install/hik_camera
[0.873s] Invoking command in '/home/tars-go/sb/build/hik_camera': CMAKE_PREFIX_PATH=/opt/ros/humble /usr/bin/cmake --build /home/tars-go/sb/build/hik_camera -- -j16 -l16
[0.903s] [35m[1mConsolidate compiler generated dependencies of target hik_camera[0m
[0.907s] [35m[1mConsolidate compiler generated dependencies of target hik_camera_node[0m
[0.917s] [ 50%] Built target hik_camera
[0.920s] [100%] Built target hik_camera_node
[0.949s] Invoked command in '/home/tars-go/sb/build/hik_camera' returned '0': CMAKE_PREFIX_PATH=/opt/ros/humble /usr/bin/cmake --build /home/tars-go/sb/build/hik_camera -- -j16 -l16
[1.010s] Invoking command in '/home/tars-go/sb/build/hik_camera': CMAKE_PREFIX_PATH=/opt/ros/humble /usr/bin/cmake --install /home/tars-go/sb/build/hik_camera
[1.064s] -- Install configuration: ""
[1.064s] -- Up-to-date: /home/tars-go/sb/install/hik_camera/lib
[1.064s] -- Up-to-date: /home/tars-go/sb/install/hik_camera/lib/libMvUsb3vTL.so
[1.065s] -- Up-to-date: /home/tars-go/sb/install/hik_camera/lib/libMvCameraControl.so
[1.065s] -- Up-to-date: /home/tars-go/sb/install/hik_camera/lib/libFormatConversion.so
[1.065s] -- Up-to-date: /home/tars-go/sb/install/hik_camera/lib/libMVRender.so
[1.065s] -- Up-to-date: /home/tars-go/sb/install/hik_camera/lib/libMediaProcess.so
[1.065s] -- Up-to-date: /home/tars-go/sb/install/hik_camera/lib/hik_camera/hik_camera_node
[1.066s] -- Up-to-date: /home/tars-go/sb/install/hik_camera/share/hik_camera/environment/library_path.sh
[1.066s] -- Installing: /home/tars-go/sb/install/hik_camera/share/hik_camera/environment/library_path.dsv
[1.066s] -- Up-to-date: /home/tars-go/sb/install/hik_camera/lib/libhik_camera.so
[1.066s] -- Up-to-date: /home/tars-go/sb/install/hik_camera/share/hik_camera/config
[1.066s] -- Up-to-date: /home/tars-go/sb/install/hik_camera/share/hik_camera/config/camera_params.yaml
[1.066s] -- Up-to-date: /home/tars-go/sb/install/hik_camera/share/hik_camera/config/camera_info.yaml
[1.066s] -- Up-to-date: /home/tars-go/sb/install/hik_camera/share/hik_camera/launch
[1.066s] -- Up-to-date: /home/tars-go/sb/install/hik_camera/share/hik_camera/launch/hik_camera.launch.py
[1.066s] -- Up-to-date: /home/tars-go/sb/install/hik_camera/share/ament_index/resource_index/package_run_dependencies/hik_camera
[1.066s] -- Up-to-date: /home/tars-go/sb/install/hik_camera/share/ament_index/resource_index/parent_prefix_path/hik_camera
[1.066s] -- Up-to-date: /home/tars-go/sb/install/hik_camera/share/hik_camera/environment/ament_prefix_path.sh
[1.066s] -- Installing: /home/tars-go/sb/install/hik_camera/share/hik_camera/environment/ament_prefix_path.dsv
[1.066s] -- Up-to-date: /home/tars-go/sb/install/hik_camera/share/hik_camera/environment/path.sh
[1.066s] -- Installing: /home/tars-go/sb/install/hik_camera/share/hik_camera/environment/path.dsv
[1.066s] -- Up-to-date: /home/tars-go/sb/install/hik_camera/share/hik_camera/local_setup.bash
[1.066s] -- Up-to-date: /home/tars-go/sb/install/hik_camera/share/hik_camera/local_setup.sh
[1.066s] -- Up-to-date: /home/tars-go/sb/install/hik_camera/share/hik_camera/local_setup.zsh
[1.066s] -- Installing: /home/tars-go/sb/install/hik_camera/share/hik_camera/local_setup.dsv
[1.066s] -- Installing: /home/tars-go/sb/install/hik_camera/share/hik_camera/package.dsv
[1.066s] -- Up-to-date: /home/tars-go/sb/install/hik_camera/share/ament_index/resource_index/packages/hik_camera
[1.066s] -- Up-to-date: /home/tars-go/sb/install/hik_camera/share/ament_index/resource_index/rclcpp_components/hik_camera
[1.066s] -- Up-to-date: /home/tars-go/sb/install/hik_camera/share/hik_camera/cmake/ament_cmake_export_dependencies-extras.cmake
[1.066s] -- Up-to-date: /home/tars-go/sb/install/hik_camera/share/hik_camera/cmake/ament_cmake_export_libraries-extras.cmake
[1.066s] -- Up-to-date: /home/tars-go/sb/install/hik_camera/share/hik_camera/cmake/hik_cameraConfig.cmake
[1.067s] -- Up-to-date: /home/tars-go/sb/install/hik_camera/share/hik_camera/cmake/hik_cameraConfig-version.cmake
[1.067s] -- Up-to-date: /home/tars-go/sb/install/hik_camera/share/hik_camera/package.xml
[1.112s] Invoked command in '/home/tars-go/sb/build/hik_camera' returned '0': CMAKE_PREFIX_PATH=/opt/ros/humble /usr/bin/cmake --install /home/tars-go/sb/build/hik_camera
