[0.107s] Invoking command in '/home/tars-go/sb/build/hik_camera': CMAKE_PREFIX_PATH=${CMAKE_PREFIX_PATH}:/opt/ros/humble /usr/bin/cmake /home/tars-go/sb/src/rm_vision/ros2-hik-camera-main/ros2-hik-camera-main -DCMAKE_BUILD_TYPE=RelWithDebInfo -DCMAKE_INSTALL_PREFIX=/home/tars-go/sb/install/hik_camera
[0.116s] -- Found ament_cmake_auto: 1.3.6 (/opt/ros/humble/share/ament_cmake_auto/cmake)
[0.339s] -- Found rosidl_generator_c: 3.1.5 (/opt/ros/humble/share/rosidl_generator_c/cmake)
[0.341s] -- Found rosidl_adapter: 3.1.5 (/opt/ros/humble/share/rosidl_adapter/cmake)
[0.346s] -- Found rosidl_generator_cpp: 3.1.5 (/opt/ros/humble/share/rosidl_generator_cpp/cmake)
[0.354s] -- Using all available rosidl_typesupport_c: rosidl_typesupport_fastrtps_c;rosidl_typesupport_introspection_c
[0.366s] -- Using all available rosidl_typesupport_cpp: rosidl_typesupport_fastrtps_cpp;rosidl_typesupport_introspection_cpp
[0.409s] -- Found rmw_implementation_cmake: 6.1.1 (/opt/ros/humble/share/rmw_implementation_cmake/cmake)
[0.410s] -- Found rmw_fastrtps_cpp: 6.2.5 (/opt/ros/humble/share/rmw_fastrtps_cpp/cmake)
[0.515s] -- Using RMW implementation 'rmw_fastrtps_cpp' as default
[0.823s] -- Found ament_lint_auto: 0.12.9 (/opt/ros/humble/share/ament_lint_auto/cmake)
[0.832s] -- Added test 'cppcheck' to perform static code analysis on C / C++ code
[0.832s] -- Configured cppcheck include dirs: /home/tars-go/sb/src/rm_vision/ros2-hik-camera-main/ros2-hik-camera-main/hikSDK/include
[0.832s] -- Configured cppcheck exclude dirs and/or files: 
[0.832s] -- Added test 'flake8' to check Python code syntax and style conventions
[0.832s] -- Added test 'lint_cmake' to check CMake code style
[0.832s] -- Added test 'pep257' to check Python code against some of the docstring style conventions in PEP 257
[0.833s] -- Added test 'xmllint' to check XML markup files
[0.834s] -- Configuring done
[0.846s] -- Generating done
[0.847s] -- Build files have been written to: /home/tars-go/sb/build/hik_camera
[0.853s] Invoked command in '/home/tars-go/sb/build/hik_camera' returned '0': CMAKE_PREFIX_PATH=${CMAKE_PREFIX_PATH}:/opt/ros/humble /usr/bin/cmake /home/tars-go/sb/src/rm_vision/ros2-hik-camera-main/ros2-hik-camera-main -DCMAKE_BUILD_TYPE=RelWithDebInfo -DCMAKE_INSTALL_PREFIX=/home/tars-go/sb/install/hik_camera
[0.855s] Invoking command in '/home/tars-go/sb/build/hik_camera': CMAKE_PREFIX_PATH=${CMAKE_PREFIX_PATH}:/opt/ros/humble /usr/bin/cmake --build /home/tars-go/sb/build/hik_camera -- -j16 -l16
[0.891s] [35m[1mConsolidate compiler generated dependencies of target hik_camera[0m
[0.894s] [35m[1mConsolidate compiler generated dependencies of target hik_camera_node[0m
[0.905s] [ 25%] [32mBuilding CXX object CMakeFiles/hik_camera.dir/src/hik_camera_node.cpp.o[0m
[0.909s] [ 50%] [32mBuilding CXX object CMakeFiles/hik_camera_node.dir/rclcpp_components/node_main_hik_camera_node.cpp.o[0m
[6.377s] [ 75%] [32m[1mLinking CXX executable hik_camera_node[0m
[6.526s] [ 75%] Built target hik_camera_node
[8.843s] [100%] [32m[1mLinking CXX shared library libhik_camera.so[0m
[9.039s] [100%] Built target hik_camera
[9.055s] Invoked command in '/home/tars-go/sb/build/hik_camera' returned '0': CMAKE_PREFIX_PATH=${CMAKE_PREFIX_PATH}:/opt/ros/humble /usr/bin/cmake --build /home/tars-go/sb/build/hik_camera -- -j16 -l16
[9.093s] Invoking command in '/home/tars-go/sb/build/hik_camera': CMAKE_PREFIX_PATH=${CMAKE_PREFIX_PATH}:/opt/ros/humble /usr/bin/cmake --install /home/tars-go/sb/build/hik_camera
[9.106s] -- Install configuration: "RelWithDebInfo"
[9.106s] -- Up-to-date: /home/tars-go/sb/install/hik_camera/lib
[9.107s] -- Up-to-date: /home/tars-go/sb/install/hik_camera/lib/libMvUsb3vTL.so
[9.107s] -- Up-to-date: /home/tars-go/sb/install/hik_camera/lib/libMvCameraControl.so
[9.107s] -- Up-to-date: /home/tars-go/sb/install/hik_camera/lib/libFormatConversion.so
[9.107s] -- Up-to-date: /home/tars-go/sb/install/hik_camera/lib/libMVRender.so
[9.107s] -- Up-to-date: /home/tars-go/sb/install/hik_camera/lib/libMediaProcess.so
[9.108s] -- Installing: /home/tars-go/sb/install/hik_camera/lib/hik_camera/hik_camera_node
[9.108s] -- Set runtime path of "/home/tars-go/sb/install/hik_camera/lib/hik_camera/hik_camera_node" to ""
[9.108s] -- Up-to-date: /home/tars-go/sb/install/hik_camera/share/hik_camera/environment/library_path.sh
[9.108s] -- Installing: /home/tars-go/sb/install/hik_camera/share/hik_camera/environment/library_path.dsv
[9.108s] -- Installing: /home/tars-go/sb/install/hik_camera/lib/libhik_camera.so
[9.112s] -- Set runtime path of "/home/tars-go/sb/install/hik_camera/lib/libhik_camera.so" to ""
[9.112s] -- Up-to-date: /home/tars-go/sb/install/hik_camera/share/hik_camera/config
[9.112s] -- Up-to-date: /home/tars-go/sb/install/hik_camera/share/hik_camera/config/camera_params.yaml
[9.112s] -- Up-to-date: /home/tars-go/sb/install/hik_camera/share/hik_camera/config/camera_info.yaml
[9.112s] -- Up-to-date: /home/tars-go/sb/install/hik_camera/share/hik_camera/launch
[9.113s] -- Up-to-date: /home/tars-go/sb/install/hik_camera/share/hik_camera/launch/hik_camera.launch.py
[9.113s] -- Up-to-date: /home/tars-go/sb/install/hik_camera/share/ament_index/resource_index/package_run_dependencies/hik_camera
[9.113s] -- Installing: /home/tars-go/sb/install/hik_camera/share/ament_index/resource_index/parent_prefix_path/hik_camera
[9.113s] -- Up-to-date: /home/tars-go/sb/install/hik_camera/share/hik_camera/environment/ament_prefix_path.sh
[9.113s] -- Installing: /home/tars-go/sb/install/hik_camera/share/hik_camera/environment/ament_prefix_path.dsv
[9.113s] -- Up-to-date: /home/tars-go/sb/install/hik_camera/share/hik_camera/environment/path.sh
[9.113s] -- Installing: /home/tars-go/sb/install/hik_camera/share/hik_camera/environment/path.dsv
[9.113s] -- Up-to-date: /home/tars-go/sb/install/hik_camera/share/hik_camera/local_setup.bash
[9.113s] -- Up-to-date: /home/tars-go/sb/install/hik_camera/share/hik_camera/local_setup.sh
[9.113s] -- Up-to-date: /home/tars-go/sb/install/hik_camera/share/hik_camera/local_setup.zsh
[9.113s] -- Installing: /home/tars-go/sb/install/hik_camera/share/hik_camera/local_setup.dsv
[9.114s] -- Installing: /home/tars-go/sb/install/hik_camera/share/hik_camera/package.dsv
[9.114s] -- Up-to-date: /home/tars-go/sb/install/hik_camera/share/ament_index/resource_index/packages/hik_camera
[9.114s] -- Up-to-date: /home/tars-go/sb/install/hik_camera/share/ament_index/resource_index/rclcpp_components/hik_camera
[9.114s] -- Installing: /home/tars-go/sb/install/hik_camera/share/hik_camera/cmake/ament_cmake_export_dependencies-extras.cmake
[9.114s] -- Up-to-date: /home/tars-go/sb/install/hik_camera/share/hik_camera/cmake/ament_cmake_export_libraries-extras.cmake
[9.114s] -- Up-to-date: /home/tars-go/sb/install/hik_camera/share/hik_camera/cmake/hik_cameraConfig.cmake
[9.114s] -- Up-to-date: /home/tars-go/sb/install/hik_camera/share/hik_camera/cmake/hik_cameraConfig-version.cmake
[9.114s] -- Up-to-date: /home/tars-go/sb/install/hik_camera/share/hik_camera/package.xml
[9.115s] Invoked command in '/home/tars-go/sb/build/hik_camera' returned '0': CMAKE_PREFIX_PATH=${CMAKE_PREFIX_PATH}:/opt/ros/humble /usr/bin/cmake --install /home/tars-go/sb/build/hik_camera
