[0.058s] Invoking command in '/home/tars-go/sb/build/armor_tracker': AMENT_PREFIX_PATH=/home/tars-go/sb/install/auto_aim_interfaces:${AMENT_PREFIX_PATH} CMAKE_PREFIX_PATH=/home/tars-go/sb/install/auto_aim_interfaces:/opt/ros/humble LD_LIBRARY_PATH=/home/tars-go/sb/install/auto_aim_interfaces/lib:/opt/ros/humble/opt/rviz_ogre_vendor/lib:/opt/ros/humble/lib/x86_64-linux-gnu:/opt/ros/humble/lib:/opt/MVS/lib/64:/opt/MVS/lib/32:/opt/MVS/lib/64:/opt/MVS/lib/32 PYTHONPATH=/home/tars-go/sb/install/auto_aim_interfaces/local/lib/python3.10/dist-packages:${PYTHONPATH} /usr/bin/cmake --build /home/tars-go/sb/build/armor_tracker -- -j16 -l16
[0.087s] [35m[1mConsolidate compiler generated dependencies of target armor_tracker[0m
[0.088s] [35m[1mConsolidate compiler generated dependencies of target armor_tracker_node[0m
[0.105s] [ 28%] Built target armor_tracker_node
[0.116s] [100%] Built target armor_tracker
[0.123s] Invoked command in '/home/tars-go/sb/build/armor_tracker' returned '0': AMENT_PREFIX_PATH=/home/tars-go/sb/install/auto_aim_interfaces:${AMENT_PREFIX_PATH} CMAKE_PREFIX_PATH=/home/tars-go/sb/install/auto_aim_interfaces:/opt/ros/humble LD_LIBRARY_PATH=/home/tars-go/sb/install/auto_aim_interfaces/lib:/opt/ros/humble/opt/rviz_ogre_vendor/lib:/opt/ros/humble/lib/x86_64-linux-gnu:/opt/ros/humble/lib:/opt/MVS/lib/64:/opt/MVS/lib/32:/opt/MVS/lib/64:/opt/MVS/lib/32 PYTHONPATH=/home/tars-go/sb/install/auto_aim_interfaces/local/lib/python3.10/dist-packages:${PYTHONPATH} /usr/bin/cmake --build /home/tars-go/sb/build/armor_tracker -- -j16 -l16
[0.151s] Invoking command in '/home/tars-go/sb/build/armor_tracker': AMENT_PREFIX_PATH=/home/tars-go/sb/install/auto_aim_interfaces:${AMENT_PREFIX_PATH} CMAKE_PREFIX_PATH=/home/tars-go/sb/install/auto_aim_interfaces:/opt/ros/humble LD_LIBRARY_PATH=/home/tars-go/sb/install/auto_aim_interfaces/lib:/opt/ros/humble/opt/rviz_ogre_vendor/lib:/opt/ros/humble/lib/x86_64-linux-gnu:/opt/ros/humble/lib:/opt/MVS/lib/64:/opt/MVS/lib/32:/opt/MVS/lib/64:/opt/MVS/lib/32 PYTHONPATH=/home/tars-go/sb/install/auto_aim_interfaces/local/lib/python3.10/dist-packages:${PYTHONPATH} /usr/bin/cmake --install /home/tars-go/sb/build/armor_tracker
[0.158s] -- Install configuration: ""
[0.158s] -- Installing: /home/tars-go/sb/install/armor_tracker/lib/armor_tracker/armor_tracker_node
[0.159s] -- Set runtime path of "/home/tars-go/sb/install/armor_tracker/lib/armor_tracker/armor_tracker_node" to ""
[0.159s] -- Installing: /home/tars-go/sb/install/armor_tracker/include
[0.159s] -- Installing: /home/tars-go/sb/install/armor_tracker/include/armor_tracker
[0.159s] -- Installing: /home/tars-go/sb/install/armor_tracker/include/armor_tracker/extended_kalman_filter.hpp
[0.160s] -- Installing: /home/tars-go/sb/install/armor_tracker/include/armor_tracker/tracker.hpp
[0.160s] -- Installing: /home/tars-go/sb/install/armor_tracker/include/armor_tracker/trajectory.h
[0.160s] -- Installing: /home/tars-go/sb/install/armor_tracker/include/armor_tracker/tracker_node.hpp
[0.160s] -- Installing: /home/tars-go/sb/install/armor_tracker/share/armor_tracker/environment/library_path.sh
[0.160s] -- Installing: /home/tars-go/sb/install/armor_tracker/share/armor_tracker/environment/library_path.dsv
[0.160s] -- Installing: /home/tars-go/sb/install/armor_tracker/lib/libarmor_tracker.so
[0.167s] -- Set runtime path of "/home/tars-go/sb/install/armor_tracker/lib/libarmor_tracker.so" to ""
[0.168s] -- Installing: /home/tars-go/sb/install/armor_tracker/share/ament_index/resource_index/package_run_dependencies/armor_tracker
[0.168s] -- Installing: /home/tars-go/sb/install/armor_tracker/share/ament_index/resource_index/parent_prefix_path/armor_tracker
[0.168s] -- Installing: /home/tars-go/sb/install/armor_tracker/share/armor_tracker/environment/ament_prefix_path.sh
[0.168s] -- Installing: /home/tars-go/sb/install/armor_tracker/share/armor_tracker/environment/ament_prefix_path.dsv
[0.168s] -- Installing: /home/tars-go/sb/install/armor_tracker/share/armor_tracker/environment/path.sh
[0.168s] -- Installing: /home/tars-go/sb/install/armor_tracker/share/armor_tracker/environment/path.dsv
[0.168s] -- Installing: /home/tars-go/sb/install/armor_tracker/share/armor_tracker/local_setup.bash
[0.169s] -- Installing: /home/tars-go/sb/install/armor_tracker/share/armor_tracker/local_setup.sh
[0.169s] -- Installing: /home/tars-go/sb/install/armor_tracker/share/armor_tracker/local_setup.zsh
[0.169s] -- Installing: /home/tars-go/sb/install/armor_tracker/share/armor_tracker/local_setup.dsv
[0.169s] -- Installing: /home/tars-go/sb/install/armor_tracker/share/armor_tracker/package.dsv
[0.169s] -- Installing: /home/tars-go/sb/install/armor_tracker/share/ament_index/resource_index/packages/armor_tracker
[0.169s] -- Installing: /home/tars-go/sb/install/armor_tracker/share/ament_index/resource_index/rclcpp_components/armor_tracker
[0.169s] -- Installing: /home/tars-go/sb/install/armor_tracker/share/armor_tracker/cmake/ament_cmake_export_dependencies-extras.cmake
[0.169s] -- Installing: /home/tars-go/sb/install/armor_tracker/share/armor_tracker/cmake/ament_cmake_export_include_directories-extras.cmake
[0.169s] -- Installing: /home/tars-go/sb/install/armor_tracker/share/armor_tracker/cmake/ament_cmake_export_libraries-extras.cmake
[0.169s] -- Installing: /home/tars-go/sb/install/armor_tracker/share/armor_tracker/cmake/armor_trackerConfig.cmake
[0.169s] -- Installing: /home/tars-go/sb/install/armor_tracker/share/armor_tracker/cmake/armor_trackerConfig-version.cmake
[0.170s] -- Installing: /home/tars-go/sb/install/armor_tracker/share/armor_tracker/package.xml
[0.170s] Invoked command in '/home/tars-go/sb/build/armor_tracker' returned '0': AMENT_PREFIX_PATH=/home/tars-go/sb/install/auto_aim_interfaces:${AMENT_PREFIX_PATH} CMAKE_PREFIX_PATH=/home/tars-go/sb/install/auto_aim_interfaces:/opt/ros/humble LD_LIBRARY_PATH=/home/tars-go/sb/install/auto_aim_interfaces/lib:/opt/ros/humble/opt/rviz_ogre_vendor/lib:/opt/ros/humble/lib/x86_64-linux-gnu:/opt/ros/humble/lib:/opt/MVS/lib/64:/opt/MVS/lib/32:/opt/MVS/lib/64:/opt/MVS/lib/32 PYTHONPATH=/home/tars-go/sb/install/auto_aim_interfaces/local/lib/python3.10/dist-packages:${PYTHONPATH} /usr/bin/cmake --install /home/tars-go/sb/build/armor_tracker
