[0.096s] Invoking command in '/home/tars-go/sb/build/hik_camera': CMAKE_PREFIX_PATH=/opt/ros/humble /usr/bin/cmake /home/tars-go/sb/src/rm_vision/ros2-hik-camera-main/ros2-hik-camera-main -DCMAKE_INSTALL_PREFIX=/home/tars-go/sb/install/hik_camera
[0.138s] -- The C compiler identification is GNU 11.4.0
[0.212s] -- The CXX compiler identification is GNU 11.4.0
[0.219s] -- Detecting C compiler ABI info
[0.289s] -- Detecting C compiler ABI info - done
[0.298s] -- Check for working C compiler: /usr/bin/cc - skipped
[0.298s] -- Detecting C compile features
[0.299s] -- Detecting C compile features - done
[0.303s] -- Detecting CXX compiler ABI info
[0.381s] -- Detecting CXX compiler ABI info - done
[0.386s] -- Check for working CXX compiler: /usr/bin/c++ - skipped
[0.386s] -- Detecting CXX compile features
[0.386s] -- Detecting CXX compile features - done
[0.388s] -- Found ament_cmake_auto: 1.3.6 (/opt/ros/humble/share/ament_cmake_auto/cmake)
[0.557s] -- Found Python3: /usr/bin/python3.10 (found version "3.10.12") found components: Interpreter 
[0.749s] -- Found rosidl_generator_c: 3.1.5 (/opt/ros/humble/share/rosidl_generator_c/cmake)
[0.752s] -- Found rosidl_adapter: 3.1.5 (/opt/ros/humble/share/rosidl_adapter/cmake)
[0.759s] -- Found rosidl_generator_cpp: 3.1.5 (/opt/ros/humble/share/rosidl_generator_cpp/cmake)
[0.769s] -- Using all available rosidl_typesupport_c: rosidl_typesupport_fastrtps_c;rosidl_typesupport_introspection_c
[0.791s] -- Using all available rosidl_typesupport_cpp: rosidl_typesupport_fastrtps_cpp;rosidl_typesupport_introspection_cpp
[0.871s] -- Found rmw_implementation_cmake: 6.1.1 (/opt/ros/humble/share/rmw_implementation_cmake/cmake)
[0.874s] -- Found rmw_fastrtps_cpp: 6.2.5 (/opt/ros/humble/share/rmw_fastrtps_cpp/cmake)
[0.962s] -- Found OpenSSL: /usr/lib/x86_64-linux-gnu/libcrypto.so (found version "3.0.2")  
[0.986s] -- Found FastRTPS: /opt/ros/humble/include  
[1.033s] -- Using RMW implementation 'rmw_fastrtps_cpp' as default
[1.042s] -- Looking for pthread.h
[1.097s] -- Looking for pthread.h - found
[1.097s] -- Performing Test CMAKE_HAVE_LIBC_PTHREAD
[1.163s] -- Performing Test CMAKE_HAVE_LIBC_PTHREAD - Success
[1.164s] -- Found Threads: TRUE  
[1.534s] -- Found ament_lint_auto: 0.12.9 (/opt/ros/humble/share/ament_lint_auto/cmake)
[1.554s] -- Added test 'cppcheck' to perform static code analysis on C / C++ code
[1.554s] -- Configured cppcheck include dirs: /home/tars-go/sb/src/rm_vision/ros2-hik-camera-main/ros2-hik-camera-main/hikSDK/include
[1.554s] -- Configured cppcheck exclude dirs and/or files: 
[1.555s] -- Added test 'flake8' to check Python code syntax and style conventions
[1.556s] -- Added test 'lint_cmake' to check CMake code style
[1.557s] -- Added test 'pep257' to check Python code against some of the docstring style conventions in PEP 257
[1.557s] -- Added test 'xmllint' to check XML markup files
[1.560s] -- Configuring done
[1.577s] -- Generating done
[1.579s] -- Build files have been written to: /home/tars-go/sb/build/hik_camera
[1.589s] Invoked command in '/home/tars-go/sb/build/hik_camera' returned '0': CMAKE_PREFIX_PATH=/opt/ros/humble /usr/bin/cmake /home/tars-go/sb/src/rm_vision/ros2-hik-camera-main/ros2-hik-camera-main -DCMAKE_INSTALL_PREFIX=/home/tars-go/sb/install/hik_camera
[1.591s] Invoking command in '/home/tars-go/sb/build/hik_camera': CMAKE_PREFIX_PATH=/opt/ros/humble /usr/bin/cmake --build /home/tars-go/sb/build/hik_camera -- -j16 -l16
[1.653s] [ 25%] [32mBuilding CXX object CMakeFiles/hik_camera.dir/src/hik_camera_node.cpp.o[0m
[1.653s] [ 50%] [32mBuilding CXX object CMakeFiles/hik_camera_node.dir/rclcpp_components/node_main_hik_camera_node.cpp.o[0m
[6.068s] [ 75%] [32m[1mLinking CXX executable hik_camera_node[0m
[6.245s] [ 75%] Built target hik_camera_node
[6.693s] [100%] [32m[1mLinking CXX shared library libhik_camera.so[0m
[6.811s] [100%] Built target hik_camera
[6.819s] Invoked command in '/home/tars-go/sb/build/hik_camera' returned '0': CMAKE_PREFIX_PATH=/opt/ros/humble /usr/bin/cmake --build /home/tars-go/sb/build/hik_camera -- -j16 -l16
[6.840s] Invoking command in '/home/tars-go/sb/build/hik_camera': CMAKE_PREFIX_PATH=/opt/ros/humble /usr/bin/cmake --install /home/tars-go/sb/build/hik_camera
[6.846s] -- Install configuration: ""
[6.846s] -- Installing: /home/tars-go/sb/install/hik_camera/lib
[6.846s] -- Installing: /home/tars-go/sb/install/hik_camera/lib/libMvUsb3vTL.so
[6.852s] -- Installing: /home/tars-go/sb/install/hik_camera/lib/libMvCameraControl.so
[6.860s] -- Installing: /home/tars-go/sb/install/hik_camera/lib/libFormatConversion.so
[6.861s] -- Installing: /home/tars-go/sb/install/hik_camera/lib/libMVRender.so
[6.862s] -- Installing: /home/tars-go/sb/install/hik_camera/lib/libMediaProcess.so
[6.865s] -- Installing: /home/tars-go/sb/install/hik_camera/lib/hik_camera/hik_camera_node
[6.865s] -- Set runtime path of "/home/tars-go/sb/install/hik_camera/lib/hik_camera/hik_camera_node" to ""
[6.865s] -- Installing: /home/tars-go/sb/install/hik_camera/share/hik_camera/environment/library_path.sh
[6.866s] -- Installing: /home/tars-go/sb/install/hik_camera/share/hik_camera/environment/library_path.dsv
[6.867s] -- Installing: /home/tars-go/sb/install/hik_camera/lib/libhik_camera.so
[6.867s] -- Set runtime path of "/home/tars-go/sb/install/hik_camera/lib/libhik_camera.so" to ""
[6.868s] -- Installing: /home/tars-go/sb/install/hik_camera/share/hik_camera/config
[6.868s] -- Installing: /home/tars-go/sb/install/hik_camera/share/hik_camera/config/camera_params.yaml
[6.868s] -- Installing: /home/tars-go/sb/install/hik_camera/share/hik_camera/config/camera_info.yaml
[6.868s] -- Installing: /home/tars-go/sb/install/hik_camera/share/hik_camera/launch
[6.868s] -- Installing: /home/tars-go/sb/install/hik_camera/share/hik_camera/launch/hik_camera.launch.py
[6.868s] -- Installing: /home/tars-go/sb/install/hik_camera/share/ament_index/resource_index/package_run_dependencies/hik_camera
[6.868s] -- Installing: /home/tars-go/sb/install/hik_camera/share/ament_index/resource_index/parent_prefix_path/hik_camera
[6.869s] -- Installing: /home/tars-go/sb/install/hik_camera/share/hik_camera/environment/ament_prefix_path.sh
[6.869s] -- Installing: /home/tars-go/sb/install/hik_camera/share/hik_camera/environment/ament_prefix_path.dsv
[6.869s] -- Installing: /home/tars-go/sb/install/hik_camera/share/hik_camera/environment/path.sh
[6.869s] -- Installing: /home/tars-go/sb/install/hik_camera/share/hik_camera/environment/path.dsv
[6.869s] -- Installing: /home/tars-go/sb/install/hik_camera/share/hik_camera/local_setup.bash
[6.869s] -- Installing: /home/tars-go/sb/install/hik_camera/share/hik_camera/local_setup.sh
[6.869s] -- Installing: /home/tars-go/sb/install/hik_camera/share/hik_camera/local_setup.zsh
[6.869s] -- Installing: /home/tars-go/sb/install/hik_camera/share/hik_camera/local_setup.dsv
[6.869s] -- Installing: /home/tars-go/sb/install/hik_camera/share/hik_camera/package.dsv
[6.869s] -- Installing: /home/tars-go/sb/install/hik_camera/share/ament_index/resource_index/packages/hik_camera
[6.869s] -- Installing: /home/tars-go/sb/install/hik_camera/share/ament_index/resource_index/rclcpp_components/hik_camera
[6.869s] -- Installing: /home/tars-go/sb/install/hik_camera/share/hik_camera/cmake/ament_cmake_export_dependencies-extras.cmake
[6.869s] -- Installing: /home/tars-go/sb/install/hik_camera/share/hik_camera/cmake/ament_cmake_export_libraries-extras.cmake
[6.869s] -- Installing: /home/tars-go/sb/install/hik_camera/share/hik_camera/cmake/hik_cameraConfig.cmake
[6.869s] -- Installing: /home/tars-go/sb/install/hik_camera/share/hik_camera/cmake/hik_cameraConfig-version.cmake
[6.869s] -- Installing: /home/tars-go/sb/install/hik_camera/share/hik_camera/package.xml
[7.001s] Invoked command in '/home/tars-go/sb/build/hik_camera' returned '0': CMAKE_PREFIX_PATH=/opt/ros/humble /usr/bin/cmake --install /home/tars-go/sb/build/hik_camera
