[0.161s] Invoking command in '/home/tars-go/sb/build/armor_tracker': CMAKE_PREFIX_PATH=/home/tars-go/sb/install/auto_aim_interfaces:/home/tars-go/sb/install/rm_vision_bringup:/home/tars-go/sb/install/rm_serial_driver:/home/tars-go/sb/install/rm_gimbal_description:/home/tars-go/sb/install/rm_auto_aim:/home/tars-go/sb/install/mindvision_camera:/home/tars-go/sb/install/hik_camera:/home/tars-go/sb/install/galaxy_camera:/home/tars-go/sb/install/armor_tracker:/home/tars-go/sb/install/armor_detector:/opt/ros/humble LD_LIBRARY_PATH=/home/tars-go/sb/install/auto_aim_interfaces/lib:/home/tars-go/sb/install/rm_serial_driver/lib:/home/tars-go/sb/install/mindvision_camera/lib:/home/tars-go/sb/install/hik_camera/lib:/home/tars-go/sb/install/galaxy_camera/lib:/home/tars-go/sb/install/armor_tracker/lib:/home/tars-go/sb/install/armor_detector/lib:/opt/MVS/lib/64:/opt/MVS/lib/32:/opt/ros/humble/opt/rviz_ogre_vendor/lib:/opt/ros/humble/lib/x86_64-linux-gnu:/opt/ros/humble/lib:/opt/MVS/lib/64:/opt/MVS/lib/32 /usr/bin/cmake /home/tars-go/sb/src/rm_vision/rm_auto_aim-main/rm_auto_aim-main/armor_tracker -DCMAKE_BUILD_TYPE=RelWithDebInfo -DCMAKE_INSTALL_PREFIX=/home/tars-go/sb/install/armor_tracker
[0.174s] -- Found ament_cmake_auto: 1.3.6 (/opt/ros/humble/share/ament_cmake_auto/cmake)
[0.498s] -- Found rosidl_generator_c: 3.1.5 (/opt/ros/humble/share/rosidl_generator_c/cmake)
[0.501s] -- Found rosidl_adapter: 3.1.5 (/opt/ros/humble/share/rosidl_adapter/cmake)
[0.510s] -- Found rosidl_generator_cpp: 3.1.5 (/opt/ros/humble/share/rosidl_generator_cpp/cmake)
[0.524s] -- Using all available rosidl_typesupport_c: rosidl_typesupport_fastrtps_c;rosidl_typesupport_introspection_c
[0.546s] -- Using all available rosidl_typesupport_cpp: rosidl_typesupport_fastrtps_cpp;rosidl_typesupport_introspection_cpp
[0.625s] -- Found rmw_implementation_cmake: 6.1.1 (/opt/ros/humble/share/rmw_implementation_cmake/cmake)
[0.627s] -- Found rmw_fastrtps_cpp: 6.2.5 (/opt/ros/humble/share/rmw_fastrtps_cpp/cmake)
[0.784s] -- Using RMW implementation 'rmw_fastrtps_cpp' as default
[1.304s] -- Found eigen3_cmake_module: 0.1.1 (/opt/ros/humble/share/eigen3_cmake_module/cmake)
[1.305s] -- Ensuring Eigen3 include directory is part of orocos-kdl CMake target
[1.601s] -- Found ament_lint_auto: 0.12.9 (/opt/ros/humble/share/ament_lint_auto/cmake)
[1.613s] -- Added test 'cppcheck' to perform static code analysis on C / C++ code
[1.614s] -- Configured cppcheck include dirs: /home/tars-go/sb/src/rm_vision/rm_auto_aim-main/rm_auto_aim-main/armor_tracker/include
[1.614s] -- Configured cppcheck exclude dirs and/or files: 
[1.614s] -- Added test 'lint_cmake' to check CMake code style
[1.615s] -- Added test 'xmllint' to check XML markup files
[1.617s] -- Added test 'clang_format' to check C / C++ code style
[1.619s] -- Configuring done
[1.641s] -- Generating done
[1.644s] -- Build files have been written to: /home/tars-go/sb/build/armor_tracker
[1.657s] Invoked command in '/home/tars-go/sb/build/armor_tracker' returned '0': CMAKE_PREFIX_PATH=/home/tars-go/sb/install/auto_aim_interfaces:/home/tars-go/sb/install/rm_vision_bringup:/home/tars-go/sb/install/rm_serial_driver:/home/tars-go/sb/install/rm_gimbal_description:/home/tars-go/sb/install/rm_auto_aim:/home/tars-go/sb/install/mindvision_camera:/home/tars-go/sb/install/hik_camera:/home/tars-go/sb/install/galaxy_camera:/home/tars-go/sb/install/armor_tracker:/home/tars-go/sb/install/armor_detector:/opt/ros/humble LD_LIBRARY_PATH=/home/tars-go/sb/install/auto_aim_interfaces/lib:/home/tars-go/sb/install/rm_serial_driver/lib:/home/tars-go/sb/install/mindvision_camera/lib:/home/tars-go/sb/install/hik_camera/lib:/home/tars-go/sb/install/galaxy_camera/lib:/home/tars-go/sb/install/armor_tracker/lib:/home/tars-go/sb/install/armor_detector/lib:/opt/MVS/lib/64:/opt/MVS/lib/32:/opt/ros/humble/opt/rviz_ogre_vendor/lib:/opt/ros/humble/lib/x86_64-linux-gnu:/opt/ros/humble/lib:/opt/MVS/lib/64:/opt/MVS/lib/32 /usr/bin/cmake /home/tars-go/sb/src/rm_vision/rm_auto_aim-main/rm_auto_aim-main/armor_tracker -DCMAKE_BUILD_TYPE=RelWithDebInfo -DCMAKE_INSTALL_PREFIX=/home/tars-go/sb/install/armor_tracker
[1.657s] Invoking command in '/home/tars-go/sb/build/armor_tracker': CMAKE_PREFIX_PATH=/home/tars-go/sb/install/auto_aim_interfaces:/home/tars-go/sb/install/rm_vision_bringup:/home/tars-go/sb/install/rm_serial_driver:/home/tars-go/sb/install/rm_gimbal_description:/home/tars-go/sb/install/rm_auto_aim:/home/tars-go/sb/install/mindvision_camera:/home/tars-go/sb/install/hik_camera:/home/tars-go/sb/install/galaxy_camera:/home/tars-go/sb/install/armor_tracker:/home/tars-go/sb/install/armor_detector:/opt/ros/humble LD_LIBRARY_PATH=/home/tars-go/sb/install/auto_aim_interfaces/lib:/home/tars-go/sb/install/rm_serial_driver/lib:/home/tars-go/sb/install/mindvision_camera/lib:/home/tars-go/sb/install/hik_camera/lib:/home/tars-go/sb/install/galaxy_camera/lib:/home/tars-go/sb/install/armor_tracker/lib:/home/tars-go/sb/install/armor_detector/lib:/opt/MVS/lib/64:/opt/MVS/lib/32:/opt/ros/humble/opt/rviz_ogre_vendor/lib:/opt/ros/humble/lib/x86_64-linux-gnu:/opt/ros/humble/lib:/opt/MVS/lib/64:/opt/MVS/lib/32 /usr/bin/cmake --build /home/tars-go/sb/build/armor_tracker -- -j16 -l16
[1.710s] [35m[1mConsolidate compiler generated dependencies of target armor_tracker[0m
[1.711s] [35m[1mConsolidate compiler generated dependencies of target armor_tracker_node[0m
[1.741s] [ 14%] [32mBuilding CXX object CMakeFiles/armor_tracker_node.dir/rclcpp_components/node_main_armor_tracker_node.cpp.o[0m
[1.745s] [ 28%] [32mBuilding CXX object CMakeFiles/armor_tracker.dir/src/extended_kalman_filter.cpp.o[0m
[1.755s] [ 42%] [32mBuilding CXX object CMakeFiles/armor_tracker.dir/src/tracker.cpp.o[0m
[1.759s] [ 57%] [32mBuilding CXX object CMakeFiles/armor_tracker.dir/src/tracker_node.cpp.o[0m
[1.769s] [ 71%] [32mBuilding CXX object CMakeFiles/armor_tracker.dir/src/trajectory.cpp.o[0m
[6.347s] [ 85%] [32m[1mLinking CXX executable armor_tracker_node[0m
[6.475s] [ 85%] Built target armor_tracker_node
[22.853s] [100%] [32m[1mLinking CXX shared library libarmor_tracker.so[0m
[23.240s] [100%] Built target armor_tracker
[23.249s] Invoked command in '/home/tars-go/sb/build/armor_tracker' returned '0': CMAKE_PREFIX_PATH=/home/tars-go/sb/install/auto_aim_interfaces:/home/tars-go/sb/install/rm_vision_bringup:/home/tars-go/sb/install/rm_serial_driver:/home/tars-go/sb/install/rm_gimbal_description:/home/tars-go/sb/install/rm_auto_aim:/home/tars-go/sb/install/mindvision_camera:/home/tars-go/sb/install/hik_camera:/home/tars-go/sb/install/galaxy_camera:/home/tars-go/sb/install/armor_tracker:/home/tars-go/sb/install/armor_detector:/opt/ros/humble LD_LIBRARY_PATH=/home/tars-go/sb/install/auto_aim_interfaces/lib:/home/tars-go/sb/install/rm_serial_driver/lib:/home/tars-go/sb/install/mindvision_camera/lib:/home/tars-go/sb/install/hik_camera/lib:/home/tars-go/sb/install/galaxy_camera/lib:/home/tars-go/sb/install/armor_tracker/lib:/home/tars-go/sb/install/armor_detector/lib:/opt/MVS/lib/64:/opt/MVS/lib/32:/opt/ros/humble/opt/rviz_ogre_vendor/lib:/opt/ros/humble/lib/x86_64-linux-gnu:/opt/ros/humble/lib:/opt/MVS/lib/64:/opt/MVS/lib/32 /usr/bin/cmake --build /home/tars-go/sb/build/armor_tracker -- -j16 -l16
[23.274s] Invoking command in '/home/tars-go/sb/build/armor_tracker': CMAKE_PREFIX_PATH=/home/tars-go/sb/install/auto_aim_interfaces:/home/tars-go/sb/install/rm_vision_bringup:/home/tars-go/sb/install/rm_serial_driver:/home/tars-go/sb/install/rm_gimbal_description:/home/tars-go/sb/install/rm_auto_aim:/home/tars-go/sb/install/mindvision_camera:/home/tars-go/sb/install/hik_camera:/home/tars-go/sb/install/galaxy_camera:/home/tars-go/sb/install/armor_tracker:/home/tars-go/sb/install/armor_detector:/opt/ros/humble LD_LIBRARY_PATH=/home/tars-go/sb/install/auto_aim_interfaces/lib:/home/tars-go/sb/install/rm_serial_driver/lib:/home/tars-go/sb/install/mindvision_camera/lib:/home/tars-go/sb/install/hik_camera/lib:/home/tars-go/sb/install/galaxy_camera/lib:/home/tars-go/sb/install/armor_tracker/lib:/home/tars-go/sb/install/armor_detector/lib:/opt/MVS/lib/64:/opt/MVS/lib/32:/opt/ros/humble/opt/rviz_ogre_vendor/lib:/opt/ros/humble/lib/x86_64-linux-gnu:/opt/ros/humble/lib:/opt/MVS/lib/64:/opt/MVS/lib/32 /usr/bin/cmake --install /home/tars-go/sb/build/armor_tracker
[23.279s] -- Install configuration: "RelWithDebInfo"
[23.280s] -- Installing: /home/tars-go/sb/install/armor_tracker/lib/armor_tracker/armor_tracker_node
[23.281s] -- Set runtime path of "/home/tars-go/sb/install/armor_tracker/lib/armor_tracker/armor_tracker_node" to ""
[23.281s] -- Up-to-date: /home/tars-go/sb/install/armor_tracker/include
[23.281s] -- Up-to-date: /home/tars-go/sb/install/armor_tracker/include/armor_tracker
[23.281s] -- Up-to-date: /home/tars-go/sb/install/armor_tracker/include/armor_tracker/extended_kalman_filter.hpp
[23.281s] -- Up-to-date: /home/tars-go/sb/install/armor_tracker/include/armor_tracker/tracker.hpp
[23.281s] -- Up-to-date: /home/tars-go/sb/install/armor_tracker/include/armor_tracker/trajectory.h
[23.281s] -- Up-to-date: /home/tars-go/sb/install/armor_tracker/include/armor_tracker/tracker_node.hpp
[23.281s] -- Up-to-date: /home/tars-go/sb/install/armor_tracker/share/armor_tracker/environment/library_path.sh
[23.281s] -- Installing: /home/tars-go/sb/install/armor_tracker/share/armor_tracker/environment/library_path.dsv
[23.281s] -- Installing: /home/tars-go/sb/install/armor_tracker/lib/libarmor_tracker.so
[23.300s] -- Set runtime path of "/home/tars-go/sb/install/armor_tracker/lib/libarmor_tracker.so" to ""
[23.301s] -- Up-to-date: /home/tars-go/sb/install/armor_tracker/share/ament_index/resource_index/package_run_dependencies/armor_tracker
[23.301s] -- Installing: /home/tars-go/sb/install/armor_tracker/share/ament_index/resource_index/parent_prefix_path/armor_tracker
[23.301s] -- Up-to-date: /home/tars-go/sb/install/armor_tracker/share/armor_tracker/environment/ament_prefix_path.sh
[23.301s] -- Installing: /home/tars-go/sb/install/armor_tracker/share/armor_tracker/environment/ament_prefix_path.dsv
[23.301s] -- Up-to-date: /home/tars-go/sb/install/armor_tracker/share/armor_tracker/environment/path.sh
[23.301s] -- Installing: /home/tars-go/sb/install/armor_tracker/share/armor_tracker/environment/path.dsv
[23.301s] -- Up-to-date: /home/tars-go/sb/install/armor_tracker/share/armor_tracker/local_setup.bash
[23.301s] -- Up-to-date: /home/tars-go/sb/install/armor_tracker/share/armor_tracker/local_setup.sh
[23.301s] -- Up-to-date: /home/tars-go/sb/install/armor_tracker/share/armor_tracker/local_setup.zsh
[23.301s] -- Installing: /home/tars-go/sb/install/armor_tracker/share/armor_tracker/local_setup.dsv
[23.301s] -- Installing: /home/tars-go/sb/install/armor_tracker/share/armor_tracker/package.dsv
[23.301s] -- Up-to-date: /home/tars-go/sb/install/armor_tracker/share/ament_index/resource_index/packages/armor_tracker
[23.301s] -- Up-to-date: /home/tars-go/sb/install/armor_tracker/share/ament_index/resource_index/rclcpp_components/armor_tracker
[23.301s] -- Up-to-date: /home/tars-go/sb/install/armor_tracker/share/armor_tracker/cmake/ament_cmake_export_dependencies-extras.cmake
[23.301s] -- Up-to-date: /home/tars-go/sb/install/armor_tracker/share/armor_tracker/cmake/ament_cmake_export_include_directories-extras.cmake
[23.301s] -- Up-to-date: /home/tars-go/sb/install/armor_tracker/share/armor_tracker/cmake/ament_cmake_export_libraries-extras.cmake
[23.301s] -- Up-to-date: /home/tars-go/sb/install/armor_tracker/share/armor_tracker/cmake/armor_trackerConfig.cmake
[23.301s] -- Up-to-date: /home/tars-go/sb/install/armor_tracker/share/armor_tracker/cmake/armor_trackerConfig-version.cmake
[23.302s] -- Up-to-date: /home/tars-go/sb/install/armor_tracker/share/armor_tracker/package.xml
[23.302s] Invoked command in '/home/tars-go/sb/build/armor_tracker' returned '0': CMAKE_PREFIX_PATH=/home/tars-go/sb/install/auto_aim_interfaces:/home/tars-go/sb/install/rm_vision_bringup:/home/tars-go/sb/install/rm_serial_driver:/home/tars-go/sb/install/rm_gimbal_description:/home/tars-go/sb/install/rm_auto_aim:/home/tars-go/sb/install/mindvision_camera:/home/tars-go/sb/install/hik_camera:/home/tars-go/sb/install/galaxy_camera:/home/tars-go/sb/install/armor_tracker:/home/tars-go/sb/install/armor_detector:/opt/ros/humble LD_LIBRARY_PATH=/home/tars-go/sb/install/auto_aim_interfaces/lib:/home/tars-go/sb/install/rm_serial_driver/lib:/home/tars-go/sb/install/mindvision_camera/lib:/home/tars-go/sb/install/hik_camera/lib:/home/tars-go/sb/install/galaxy_camera/lib:/home/tars-go/sb/install/armor_tracker/lib:/home/tars-go/sb/install/armor_detector/lib:/opt/MVS/lib/64:/opt/MVS/lib/32:/opt/ros/humble/opt/rviz_ogre_vendor/lib:/opt/ros/humble/lib/x86_64-linux-gnu:/opt/ros/humble/lib:/opt/MVS/lib/64:/opt/MVS/lib/32 /usr/bin/cmake --install /home/tars-go/sb/build/armor_tracker
